<?xml version="1.0" encoding="UTF-8"?>
<!-- Generated by org.testng.reporters.JUnitReportReporter -->
<testsuite hostname="Rushans-Mac-mini.local" failures="0" tests="999" name="testcases.E2Etestcasesuite.travelersquotes.Smoke_ValidateLoginTest" time="24.094" errors="1" timestamp="2023-12-11T14:02:29 IST" skipped="998">
  <testcase classname="testcases.E2Etestcasesuite.travelersquotes.Smoke_ValidateLoginTest" name="smoke_ValidateLoginTest" time="0.000">
    <skipped/>
  </testcase> <!-- smoke_ValidateLoginTest -->
  <system-out/>
  <testcase classname="testcases.E2Etestcasesuite.travelersquotes.Smoke_ValidateLoginTest" name="smoke_ValidateLoginTest" time="0.000">
    <skipped/>
  </testcase> <!-- smoke_ValidateLoginTest -->
  <system-out/>
  <testcase classname="testcases.E2Etestcasesuite.travelersquotes.Smoke_ValidateLoginTest" name="smoke_ValidateLoginTest" time="0.001">
    <skipped/>
  </testcase> <!-- smoke_ValidateLoginTest -->
  <system-out/>
  <testcase classname="testcases.E2Etestcasesuite.travelersquotes.Smoke_ValidateLoginTest" name="smoke_ValidateLoginTest" time="0.000">
    <skipped/>
  </testcase> <!-- smoke_ValidateLoginTest -->
  <system-out/>
  <testcase classname="testcases.E2Etestcasesuite.travelersquotes.Smoke_ValidateLoginTest" name="smoke_ValidateLoginTest" time="0.001">
    <skipped/>
  </testcase> <!-- smoke_ValidateLoginTest -->
  <system-out/>
  <testcase classname="testcases.E2Etestcasesuite.travelersquotes.Smoke_ValidateLoginTest" name="smoke_ValidateLoginTest" time="0.000">
    <skipped/>
  </testcase> <!-- smoke_ValidateLoginTest -->
  <system-out/>
  <testcase classname="testcases.E2Etestcasesuite.travelersquotes.Smoke_ValidateLoginTest" name="smoke_ValidateLoginTest" time="0.001">
    <skipped/>
  </testcase> <!-- smoke_ValidateLoginTest -->
  <system-out/>
  <testcase classname="testcases.E2Etestcasesuite.travelersquotes.Smoke_ValidateLoginTest" name="smoke_ValidateLoginTest" time="0.000">
    <skipped/>
  </testcase> <!-- smoke_ValidateLoginTest -->
  <system-out/>
  <testcase classname="testcases.E2Etestcasesuite.travelersquotes.Smoke_ValidateLoginTest" name="smoke_ValidateLoginTest" time="0.000">
    <skipped/>
  </testcase> <!-- smoke_ValidateLoginTest -->
  <system-out/>
  <testcase classname="testcases.E2Etestcasesuite.travelersquotes.Smoke_ValidateLoginTest" name="smoke_ValidateLoginTest" time="0.000">
    <skipped/>
  </testcase> <!-- smoke_ValidateLoginTest -->
  <system-out/>
  <testcase classname="testcases.E2Etestcasesuite.travelersquotes.Smoke_ValidateLoginTest" name="smoke_ValidateLoginTest" time="0.001">
    <skipped/>
  </testcase> <!-- smoke_ValidateLoginTest -->
  <system-out/>
  <testcase classname="testcases.E2Etestcasesuite.travelersquotes.Smoke_ValidateLoginTest" name="smoke_ValidateLoginTest" time="0.000">
    <skipped/>
  </testcase> <!-- smoke_ValidateLoginTest -->
  <system-out/>
  <testcase classname="testcases.E2Etestcasesuite.travelersquotes.Smoke_ValidateLoginTest" name="smoke_ValidateLoginTest" time="0.000">
    <skipped/>
  </testcase> <!-- smoke_ValidateLoginTest -->
  <system-out/>
  <testcase classname="testcases.E2Etestcasesuite.travelersquotes.Smoke_ValidateLoginTest" name="smoke_ValidateLoginTest" time="0.000">
    <skipped/>
  </testcase> <!-- smoke_ValidateLoginTest -->
  <system-out/>
  <testcase classname="testcases.E2Etestcasesuite.travelersquotes.Smoke_ValidateLoginTest" name="smoke_ValidateLoginTest" time="0.000">
    <skipped/>
  </testcase> <!-- smoke_ValidateLoginTest -->
  <system-out/>
  <testcase classname="testcases.E2Etestcasesuite.travelersquotes.Smoke_ValidateLoginTest" name="smoke_ValidateLoginTest" time="0.000">
    <skipped/>
  </testcase> <!-- smoke_ValidateLoginTest -->
  <system-out/>
  <testcase classname="testcases.E2Etestcasesuite.travelersquotes.Smoke_ValidateLoginTest" name="smoke_ValidateLoginTest" time="0.000">
    <skipped/>
  </testcase> <!-- smoke_ValidateLoginTest -->
  <system-out/>
  <testcase classname="testcases.E2Etestcasesuite.travelersquotes.Smoke_ValidateLoginTest" name="smoke_ValidateLoginTest" time="0.000">
    <skipped/>
  </testcase> <!-- smoke_ValidateLoginTest -->
  <system-out/>
  <testcase classname="testcases.E2Etestcasesuite.travelersquotes.Smoke_ValidateLoginTest" name="smoke_ValidateLoginTest" time="0.000">
    <skipped/>
  </testcase> <!-- smoke_ValidateLoginTest -->
  <system-out/>
  <testcase classname="testcases.E2Etestcasesuite.travelersquotes.Smoke_ValidateLoginTest" name="smoke_ValidateLoginTest" time="0.000">
    <skipped/>
  </testcase> <!-- smoke_ValidateLoginTest -->
  <system-out/>
  <testcase classname="testcases.E2Etestcasesuite.travelersquotes.Smoke_ValidateLoginTest" name="smoke_ValidateLoginTest" time="0.000">
    <skipped/>
  </testcase> <!-- smoke_ValidateLoginTest -->
  <system-out/>
  <testcase classname="testcases.E2Etestcasesuite.travelersquotes.Smoke_ValidateLoginTest" name="smoke_ValidateLoginTest" time="0.000">
    <skipped/>
  </testcase> <!-- smoke_ValidateLoginTest -->
  <system-out/>
  <testcase classname="testcases.E2Etestcasesuite.travelersquotes.Smoke_ValidateLoginTest" name="smoke_ValidateLoginTest" time="0.000">
    <skipped/>
  </testcase> <!-- smoke_ValidateLoginTest -->
  <system-out/>
  <testcase classname="testcases.E2Etestcasesuite.travelersquotes.Smoke_ValidateLoginTest" name="smoke_ValidateLoginTest" time="0.001">
    <skipped/>
  </testcase> <!-- smoke_ValidateLoginTest -->
  <system-out/>
  <testcase classname="testcases.E2Etestcasesuite.travelersquotes.Smoke_ValidateLoginTest" name="smoke_ValidateLoginTest" time="0.000">
    <skipped/>
  </testcase> <!-- smoke_ValidateLoginTest -->
  <system-out/>
  <testcase classname="testcases.E2Etestcasesuite.travelersquotes.Smoke_ValidateLoginTest" name="smoke_ValidateLoginTest" time="0.001">
    <skipped/>
  </testcase> <!-- smoke_ValidateLoginTest -->
  <system-out/>
  <testcase classname="testcases.E2Etestcasesuite.travelersquotes.Smoke_ValidateLoginTest" name="smoke_ValidateLoginTest" time="0.001">
    <skipped/>
  </testcase> <!-- smoke_ValidateLoginTest -->
  <system-out/>
  <testcase classname="testcases.E2Etestcasesuite.travelersquotes.Smoke_ValidateLoginTest" name="smoke_ValidateLoginTest" time="0.000">
    <skipped/>
  </testcase> <!-- smoke_ValidateLoginTest -->
  <system-out/>
  <testcase classname="testcases.E2Etestcasesuite.travelersquotes.Smoke_ValidateLoginTest" name="smoke_ValidateLoginTest" time="0.001">
    <skipped/>
  </testcase> <!-- smoke_ValidateLoginTest -->
  <system-out/>
  <testcase classname="testcases.E2Etestcasesuite.travelersquotes.Smoke_ValidateLoginTest" name="smoke_ValidateLoginTest" time="0.000">
    <skipped/>
  </testcase> <!-- smoke_ValidateLoginTest -->
  <system-out/>
  <testcase classname="testcases.E2Etestcasesuite.travelersquotes.Smoke_ValidateLoginTest" name="smoke_ValidateLoginTest" time="0.000">
    <skipped/>
  </testcase> <!-- smoke_ValidateLoginTest -->
  <system-out/>
  <testcase classname="testcases.E2Etestcasesuite.travelersquotes.Smoke_ValidateLoginTest" name="smoke_ValidateLoginTest" time="0.000">
    <skipped/>
  </testcase> <!-- smoke_ValidateLoginTest -->
  <system-out/>
  <testcase classname="testcases.E2Etestcasesuite.travelersquotes.Smoke_ValidateLoginTest" name="smoke_ValidateLoginTest" time="0.001">
    <skipped/>
  </testcase> <!-- smoke_ValidateLoginTest -->
  <system-out/>
  <testcase classname="testcases.E2Etestcasesuite.travelersquotes.Smoke_ValidateLoginTest" name="smoke_ValidateLoginTest" time="0.000">
    <skipped/>
  </testcase> <!-- smoke_ValidateLoginTest -->
  <system-out/>
  <testcase classname="testcases.E2Etestcasesuite.travelersquotes.Smoke_ValidateLoginTest" name="smoke_ValidateLoginTest" time="0.001">
    <skipped/>
  </testcase> <!-- smoke_ValidateLoginTest -->
  <system-out/>
  <testcase classname="testcases.E2Etestcasesuite.travelersquotes.Smoke_ValidateLoginTest" name="smoke_ValidateLoginTest" time="0.000">
    <skipped/>
  </testcase> <!-- smoke_ValidateLoginTest -->
  <system-out/>
  <testcase classname="testcases.E2Etestcasesuite.travelersquotes.Smoke_ValidateLoginTest" name="smoke_ValidateLoginTest" time="0.000">
    <skipped/>
  </testcase> <!-- smoke_ValidateLoginTest -->
  <system-out/>
  <testcase classname="testcases.E2Etestcasesuite.travelersquotes.Smoke_ValidateLoginTest" name="smoke_ValidateLoginTest" time="0.001">
    <skipped/>
  </testcase> <!-- smoke_ValidateLoginTest -->
  <system-out/>
  <testcase classname="testcases.E2Etestcasesuite.travelersquotes.Smoke_ValidateLoginTest" name="smoke_ValidateLoginTest" time="0.001">
    <skipped/>
  </testcase> <!-- smoke_ValidateLoginTest -->
  <system-out/>
  <testcase classname="testcases.E2Etestcasesuite.travelersquotes.Smoke_ValidateLoginTest" name="smoke_ValidateLoginTest" time="0.000">
    <skipped/>
  </testcase> <!-- smoke_ValidateLoginTest -->
  <system-out/>
  <testcase classname="testcases.E2Etestcasesuite.travelersquotes.Smoke_ValidateLoginTest" name="smoke_ValidateLoginTest" time="0.001">
    <skipped/>
  </testcase> <!-- smoke_ValidateLoginTest -->
  <system-out/>
  <testcase classname="testcases.E2Etestcasesuite.travelersquotes.Smoke_ValidateLoginTest" name="smoke_ValidateLoginTest" time="0.000">
    <skipped/>
  </testcase> <!-- smoke_ValidateLoginTest -->
  <system-out/>
  <testcase classname="testcases.E2Etestcasesuite.travelersquotes.Smoke_ValidateLoginTest" name="smoke_ValidateLoginTest" time="0.000">
    <skipped/>
  </testcase> <!-- smoke_ValidateLoginTest -->
  <system-out/>
  <testcase classname="testcases.E2Etestcasesuite.travelersquotes.Smoke_ValidateLoginTest" name="smoke_ValidateLoginTest" time="0.000">
    <skipped/>
  </testcase> <!-- smoke_ValidateLoginTest -->
  <system-out/>
  <testcase classname="testcases.E2Etestcasesuite.travelersquotes.Smoke_ValidateLoginTest" name="smoke_ValidateLoginTest" time="0.001">
    <skipped/>
  </testcase> <!-- smoke_ValidateLoginTest -->
  <system-out/>
  <testcase classname="testcases.E2Etestcasesuite.travelersquotes.Smoke_ValidateLoginTest" name="smoke_ValidateLoginTest" time="0.001">
    <skipped/>
  </testcase> <!-- smoke_ValidateLoginTest -->
  <system-out/>
  <testcase classname="testcases.E2Etestcasesuite.travelersquotes.Smoke_ValidateLoginTest" name="smoke_ValidateLoginTest" time="0.001">
    <skipped/>
  </testcase> <!-- smoke_ValidateLoginTest -->
  <system-out/>
  <testcase classname="testcases.E2Etestcasesuite.travelersquotes.Smoke_ValidateLoginTest" name="smoke_ValidateLoginTest" time="0.001">
    <skipped/>
  </testcase> <!-- smoke_ValidateLoginTest -->
  <system-out/>
  <testcase classname="testcases.E2Etestcasesuite.travelersquotes.Smoke_ValidateLoginTest" name="smoke_ValidateLoginTest" time="0.000">
    <skipped/>
  </testcase> <!-- smoke_ValidateLoginTest -->
  <system-out/>
  <testcase classname="testcases.E2Etestcasesuite.travelersquotes.Smoke_ValidateLoginTest" name="smoke_ValidateLoginTest" time="0.000">
    <skipped/>
  </testcase> <!-- smoke_ValidateLoginTest -->
  <system-out/>
  <testcase classname="testcases.E2Etestcasesuite.travelersquotes.Smoke_ValidateLoginTest" name="smoke_ValidateLoginTest" time="0.001">
    <skipped/>
  </testcase> <!-- smoke_ValidateLoginTest -->
  <system-out/>
  <testcase classname="testcases.E2Etestcasesuite.travelersquotes.Smoke_ValidateLoginTest" name="smoke_ValidateLoginTest" time="0.000">
    <skipped/>
  </testcase> <!-- smoke_ValidateLoginTest -->
  <system-out/>
  <testcase classname="testcases.E2Etestcasesuite.travelersquotes.Smoke_ValidateLoginTest" name="smoke_ValidateLoginTest" time="0.001">
    <skipped/>
  </testcase> <!-- smoke_ValidateLoginTest -->
  <system-out/>
  <testcase classname="testcases.E2Etestcasesuite.travelersquotes.Smoke_ValidateLoginTest" name="smoke_ValidateLoginTest" time="0.000">
    <skipped/>
  </testcase> <!-- smoke_ValidateLoginTest -->
  <system-out/>
  <testcase classname="testcases.E2Etestcasesuite.travelersquotes.Smoke_ValidateLoginTest" name="smoke_ValidateLoginTest" time="0.001">
    <skipped/>
  </testcase> <!-- smoke_ValidateLoginTest -->
  <system-out/>
  <testcase classname="testcases.E2Etestcasesuite.travelersquotes.Smoke_ValidateLoginTest" name="smoke_ValidateLoginTest" time="0.000">
    <skipped/>
  </testcase> <!-- smoke_ValidateLoginTest -->
  <system-out/>
  <testcase classname="testcases.E2Etestcasesuite.travelersquotes.Smoke_ValidateLoginTest" name="smoke_ValidateLoginTest" time="0.000">
    <skipped/>
  </testcase> <!-- smoke_ValidateLoginTest -->
  <system-out/>
  <testcase classname="testcases.E2Etestcasesuite.travelersquotes.Smoke_ValidateLoginTest" name="smoke_ValidateLoginTest" time="0.001">
    <skipped/>
  </testcase> <!-- smoke_ValidateLoginTest -->
  <system-out/>
  <testcase classname="testcases.E2Etestcasesuite.travelersquotes.Smoke_ValidateLoginTest" name="smoke_ValidateLoginTest" time="0.000">
    <skipped/>
  </testcase> <!-- smoke_ValidateLoginTest -->
  <system-out/>
  <testcase classname="testcases.E2Etestcasesuite.travelersquotes.Smoke_ValidateLoginTest" name="smoke_ValidateLoginTest" time="0.000">
    <skipped/>
  </testcase> <!-- smoke_ValidateLoginTest -->
  <system-out/>
  <testcase classname="testcases.E2Etestcasesuite.travelersquotes.Smoke_ValidateLoginTest" name="smoke_ValidateLoginTest" time="0.001">
    <skipped/>
  </testcase> <!-- smoke_ValidateLoginTest -->
  <system-out/>
  <testcase classname="testcases.E2Etestcasesuite.travelersquotes.Smoke_ValidateLoginTest" name="smoke_ValidateLoginTest" time="0.000">
    <skipped/>
  </testcase> <!-- smoke_ValidateLoginTest -->
  <system-out/>
  <testcase classname="testcases.E2Etestcasesuite.travelersquotes.Smoke_ValidateLoginTest" name="smoke_ValidateLoginTest" time="0.001">
    <skipped/>
  </testcase> <!-- smoke_ValidateLoginTest -->
  <system-out/>
  <testcase classname="testcases.E2Etestcasesuite.travelersquotes.Smoke_ValidateLoginTest" name="smoke_ValidateLoginTest" time="0.000">
    <skipped/>
  </testcase> <!-- smoke_ValidateLoginTest -->
  <system-out/>
  <testcase classname="testcases.E2Etestcasesuite.travelersquotes.Smoke_ValidateLoginTest" name="smoke_ValidateLoginTest" time="0.000">
    <skipped/>
  </testcase> <!-- smoke_ValidateLoginTest -->
  <system-out/>
  <testcase classname="testcases.E2Etestcasesuite.travelersquotes.Smoke_ValidateLoginTest" name="smoke_ValidateLoginTest" time="0.000">
    <skipped/>
  </testcase> <!-- smoke_ValidateLoginTest -->
  <system-out/>
  <testcase classname="testcases.E2Etestcasesuite.travelersquotes.Smoke_ValidateLoginTest" name="smoke_ValidateLoginTest" time="0.000">
    <skipped/>
  </testcase> <!-- smoke_ValidateLoginTest -->
  <system-out/>
  <testcase classname="testcases.E2Etestcasesuite.travelersquotes.Smoke_ValidateLoginTest" name="smoke_ValidateLoginTest" time="0.000">
    <skipped/>
  </testcase> <!-- smoke_ValidateLoginTest -->
  <system-out/>
  <testcase classname="testcases.E2Etestcasesuite.travelersquotes.Smoke_ValidateLoginTest" name="smoke_ValidateLoginTest" time="0.000">
    <skipped/>
  </testcase> <!-- smoke_ValidateLoginTest -->
  <system-out/>
  <testcase classname="testcases.E2Etestcasesuite.travelersquotes.Smoke_ValidateLoginTest" name="smoke_ValidateLoginTest" time="0.000">
    <skipped/>
  </testcase> <!-- smoke_ValidateLoginTest -->
  <system-out/>
  <testcase classname="testcases.E2Etestcasesuite.travelersquotes.Smoke_ValidateLoginTest" name="smoke_ValidateLoginTest" time="0.000">
    <skipped/>
  </testcase> <!-- smoke_ValidateLoginTest -->
  <system-out/>
  <testcase classname="testcases.E2Etestcasesuite.travelersquotes.Smoke_ValidateLoginTest" name="smoke_ValidateLoginTest" time="0.000">
    <skipped/>
  </testcase> <!-- smoke_ValidateLoginTest -->
  <system-out/>
  <testcase classname="testcases.E2Etestcasesuite.travelersquotes.Smoke_ValidateLoginTest" name="smoke_ValidateLoginTest" time="0.000">
    <skipped/>
  </testcase> <!-- smoke_ValidateLoginTest -->
  <system-out/>
  <testcase classname="testcases.E2Etestcasesuite.travelersquotes.Smoke_ValidateLoginTest" name="smoke_ValidateLoginTest" time="0.000">
    <skipped/>
  </testcase> <!-- smoke_ValidateLoginTest -->
  <system-out/>
  <testcase classname="testcases.E2Etestcasesuite.travelersquotes.Smoke_ValidateLoginTest" name="smoke_ValidateLoginTest" time="0.000">
    <skipped/>
  </testcase> <!-- smoke_ValidateLoginTest -->
  <system-out/>
  <testcase classname="testcases.E2Etestcasesuite.travelersquotes.Smoke_ValidateLoginTest" name="smoke_ValidateLoginTest" time="0.000">
    <skipped/>
  </testcase> <!-- smoke_ValidateLoginTest -->
  <system-out/>
  <testcase classname="testcases.E2Etestcasesuite.travelersquotes.Smoke_ValidateLoginTest" name="smoke_ValidateLoginTest" time="0.001">
    <skipped/>
  </testcase> <!-- smoke_ValidateLoginTest -->
  <system-out/>
  <testcase classname="testcases.E2Etestcasesuite.travelersquotes.Smoke_ValidateLoginTest" name="smoke_ValidateLoginTest" time="0.000">
    <skipped/>
  </testcase> <!-- smoke_ValidateLoginTest -->
  <system-out/>
  <testcase classname="testcases.E2Etestcasesuite.travelersquotes.Smoke_ValidateLoginTest" name="smoke_ValidateLoginTest" time="0.000">
    <skipped/>
  </testcase> <!-- smoke_ValidateLoginTest -->
  <system-out/>
  <testcase classname="testcases.E2Etestcasesuite.travelersquotes.Smoke_ValidateLoginTest" name="smoke_ValidateLoginTest" time="0.000">
    <skipped/>
  </testcase> <!-- smoke_ValidateLoginTest -->
  <system-out/>
  <testcase classname="testcases.E2Etestcasesuite.travelersquotes.Smoke_ValidateLoginTest" name="smoke_ValidateLoginTest" time="0.001">
    <skipped/>
  </testcase> <!-- smoke_ValidateLoginTest -->
  <system-out/>
  <testcase classname="testcases.E2Etestcasesuite.travelersquotes.Smoke_ValidateLoginTest" name="smoke_ValidateLoginTest" time="0.000">
    <skipped/>
  </testcase> <!-- smoke_ValidateLoginTest -->
  <system-out/>
  <testcase classname="testcases.E2Etestcasesuite.travelersquotes.Smoke_ValidateLoginTest" name="smoke_ValidateLoginTest" time="0.000">
    <skipped/>
  </testcase> <!-- smoke_ValidateLoginTest -->
  <system-out/>
  <testcase classname="testcases.E2Etestcasesuite.travelersquotes.Smoke_ValidateLoginTest" name="smoke_ValidateLoginTest" time="0.000">
    <skipped/>
  </testcase> <!-- smoke_ValidateLoginTest -->
  <system-out/>
  <testcase classname="testcases.E2Etestcasesuite.travelersquotes.Smoke_ValidateLoginTest" name="smoke_ValidateLoginTest" time="0.000">
    <skipped/>
  </testcase> <!-- smoke_ValidateLoginTest -->
  <system-out/>
  <testcase classname="testcases.E2Etestcasesuite.travelersquotes.Smoke_ValidateLoginTest" name="smoke_ValidateLoginTest" time="0.000">
    <skipped/>
  </testcase> <!-- smoke_ValidateLoginTest -->
  <system-out/>
  <testcase classname="testcases.E2Etestcasesuite.travelersquotes.Smoke_ValidateLoginTest" name="smoke_ValidateLoginTest" time="0.000">
    <skipped/>
  </testcase> <!-- smoke_ValidateLoginTest -->
  <system-out/>
  <testcase classname="testcases.E2Etestcasesuite.travelersquotes.Smoke_ValidateLoginTest" name="smoke_ValidateLoginTest" time="0.000">
    <skipped/>
  </testcase> <!-- smoke_ValidateLoginTest -->
  <system-out/>
  <testcase classname="testcases.E2Etestcasesuite.travelersquotes.Smoke_ValidateLoginTest" name="smoke_ValidateLoginTest" time="0.001">
    <skipped/>
  </testcase> <!-- smoke_ValidateLoginTest -->
  <system-out/>
  <testcase classname="testcases.E2Etestcasesuite.travelersquotes.Smoke_ValidateLoginTest" name="smoke_ValidateLoginTest" time="0.001">
    <skipped/>
  </testcase> <!-- smoke_ValidateLoginTest -->
  <system-out/>
  <testcase classname="testcases.E2Etestcasesuite.travelersquotes.Smoke_ValidateLoginTest" name="smoke_ValidateLoginTest" time="0.000">
    <skipped/>
  </testcase> <!-- smoke_ValidateLoginTest -->
  <system-out/>
  <testcase classname="testcases.E2Etestcasesuite.travelersquotes.Smoke_ValidateLoginTest" name="smoke_ValidateLoginTest" time="0.000">
    <skipped/>
  </testcase> <!-- smoke_ValidateLoginTest -->
  <system-out/>
  <testcase classname="testcases.E2Etestcasesuite.travelersquotes.Smoke_ValidateLoginTest" name="smoke_ValidateLoginTest" time="0.000">
    <skipped/>
  </testcase> <!-- smoke_ValidateLoginTest -->
  <system-out/>
  <testcase classname="testcases.E2Etestcasesuite.travelersquotes.Smoke_ValidateLoginTest" name="smoke_ValidateLoginTest" time="0.000">
    <skipped/>
  </testcase> <!-- smoke_ValidateLoginTest -->
  <system-out/>
  <testcase classname="testcases.E2Etestcasesuite.travelersquotes.Smoke_ValidateLoginTest" name="smoke_ValidateLoginTest" time="0.000">
    <skipped/>
  </testcase> <!-- smoke_ValidateLoginTest -->
  <system-out/>
  <testcase classname="testcases.E2Etestcasesuite.travelersquotes.Smoke_ValidateLoginTest" name="smoke_ValidateLoginTest" time="0.001">
    <skipped/>
  </testcase> <!-- smoke_ValidateLoginTest -->
  <system-out/>
  <testcase classname="testcases.E2Etestcasesuite.travelersquotes.Smoke_ValidateLoginTest" name="smoke_ValidateLoginTest" time="0.000">
    <skipped/>
  </testcase> <!-- smoke_ValidateLoginTest -->
  <system-out/>
  <testcase classname="testcases.E2Etestcasesuite.travelersquotes.Smoke_ValidateLoginTest" name="smoke_ValidateLoginTest" time="0.000">
    <skipped/>
  </testcase> <!-- smoke_ValidateLoginTest -->
  <system-out/>
  <testcase classname="testcases.E2Etestcasesuite.travelersquotes.Smoke_ValidateLoginTest" name="smoke_ValidateLoginTest" time="0.000">
    <skipped/>
  </testcase> <!-- smoke_ValidateLoginTest -->
  <system-out/>
  <testcase classname="testcases.E2Etestcasesuite.travelersquotes.Smoke_ValidateLoginTest" name="smoke_ValidateLoginTest" time="0.000">
    <skipped/>
  </testcase> <!-- smoke_ValidateLoginTest -->
  <system-out/>
  <testcase classname="testcases.E2Etestcasesuite.travelersquotes.Smoke_ValidateLoginTest" name="smoke_ValidateLoginTest" time="0.000">
    <skipped/>
  </testcase> <!-- smoke_ValidateLoginTest -->
  <system-out/>
  <testcase classname="testcases.E2Etestcasesuite.travelersquotes.Smoke_ValidateLoginTest" name="smoke_ValidateLoginTest" time="0.000">
    <skipped/>
  </testcase> <!-- smoke_ValidateLoginTest -->
  <system-out/>
  <testcase classname="testcases.E2Etestcasesuite.travelersquotes.Smoke_ValidateLoginTest" name="smoke_ValidateLoginTest" time="0.000">
    <skipped/>
  </testcase> <!-- smoke_ValidateLoginTest -->
  <system-out/>
  <testcase classname="testcases.E2Etestcasesuite.travelersquotes.Smoke_ValidateLoginTest" name="smoke_ValidateLoginTest" time="0.001">
    <skipped/>
  </testcase> <!-- smoke_ValidateLoginTest -->
  <system-out/>
  <testcase classname="testcases.E2Etestcasesuite.travelersquotes.Smoke_ValidateLoginTest" name="smoke_ValidateLoginTest" time="0.000">
    <skipped/>
  </testcase> <!-- smoke_ValidateLoginTest -->
  <system-out/>
  <testcase classname="testcases.E2Etestcasesuite.travelersquotes.Smoke_ValidateLoginTest" name="smoke_ValidateLoginTest" time="0.000">
    <skipped/>
  </testcase> <!-- smoke_ValidateLoginTest -->
  <system-out/>
  <testcase classname="testcases.E2Etestcasesuite.travelersquotes.Smoke_ValidateLoginTest" name="smoke_ValidateLoginTest" time="0.001">
    <skipped/>
  </testcase> <!-- smoke_ValidateLoginTest -->
  <system-out/>
  <testcase classname="testcases.E2Etestcasesuite.travelersquotes.Smoke_ValidateLoginTest" name="smoke_ValidateLoginTest" time="0.001">
    <skipped/>
  </testcase> <!-- smoke_ValidateLoginTest -->
  <system-out/>
  <testcase classname="testcases.E2Etestcasesuite.travelersquotes.Smoke_ValidateLoginTest" name="smoke_ValidateLoginTest" time="0.001">
    <skipped/>
  </testcase> <!-- smoke_ValidateLoginTest -->
  <system-out/>
  <testcase classname="testcases.E2Etestcasesuite.travelersquotes.Smoke_ValidateLoginTest" name="smoke_ValidateLoginTest" time="0.000">
    <skipped/>
  </testcase> <!-- smoke_ValidateLoginTest -->
  <system-out/>
  <testcase classname="testcases.E2Etestcasesuite.travelersquotes.Smoke_ValidateLoginTest" name="smoke_ValidateLoginTest" time="0.000">
    <skipped/>
  </testcase> <!-- smoke_ValidateLoginTest -->
  <system-out/>
  <testcase classname="testcases.E2Etestcasesuite.travelersquotes.Smoke_ValidateLoginTest" name="smoke_ValidateLoginTest" time="0.000">
    <skipped/>
  </testcase> <!-- smoke_ValidateLoginTest -->
  <system-out/>
  <testcase classname="testcases.E2Etestcasesuite.travelersquotes.Smoke_ValidateLoginTest" name="smoke_ValidateLoginTest" time="0.000">
    <skipped/>
  </testcase> <!-- smoke_ValidateLoginTest -->
  <system-out/>
  <testcase classname="testcases.E2Etestcasesuite.travelersquotes.Smoke_ValidateLoginTest" name="smoke_ValidateLoginTest" time="0.000">
    <skipped/>
  </testcase> <!-- smoke_ValidateLoginTest -->
  <system-out/>
  <testcase classname="testcases.E2Etestcasesuite.travelersquotes.Smoke_ValidateLoginTest" name="smoke_ValidateLoginTest" time="0.000">
    <skipped/>
  </testcase> <!-- smoke_ValidateLoginTest -->
  <system-out/>
  <testcase classname="testcases.E2Etestcasesuite.travelersquotes.Smoke_ValidateLoginTest" name="smoke_ValidateLoginTest" time="0.001">
    <skipped/>
  </testcase> <!-- smoke_ValidateLoginTest -->
  <system-out/>
  <testcase classname="testcases.E2Etestcasesuite.travelersquotes.Smoke_ValidateLoginTest" name="smoke_ValidateLoginTest" time="0.001">
    <skipped/>
  </testcase> <!-- smoke_ValidateLoginTest -->
  <system-out/>
  <testcase classname="testcases.E2Etestcasesuite.travelersquotes.Smoke_ValidateLoginTest" name="smoke_ValidateLoginTest" time="0.000">
    <skipped/>
  </testcase> <!-- smoke_ValidateLoginTest -->
  <system-out/>
  <testcase classname="testcases.E2Etestcasesuite.travelersquotes.Smoke_ValidateLoginTest" name="smoke_ValidateLoginTest" time="0.001">
    <skipped/>
  </testcase> <!-- smoke_ValidateLoginTest -->
  <system-out/>
  <testcase classname="testcases.E2Etestcasesuite.travelersquotes.Smoke_ValidateLoginTest" name="smoke_ValidateLoginTest" time="0.000">
    <skipped/>
  </testcase> <!-- smoke_ValidateLoginTest -->
  <system-out/>
  <testcase classname="testcases.E2Etestcasesuite.travelersquotes.Smoke_ValidateLoginTest" name="smoke_ValidateLoginTest" time="0.001">
    <skipped/>
  </testcase> <!-- smoke_ValidateLoginTest -->
  <system-out/>
  <testcase classname="testcases.E2Etestcasesuite.travelersquotes.Smoke_ValidateLoginTest" name="smoke_ValidateLoginTest" time="0.001">
    <skipped/>
  </testcase> <!-- smoke_ValidateLoginTest -->
  <system-out/>
  <testcase classname="testcases.E2Etestcasesuite.travelersquotes.Smoke_ValidateLoginTest" name="smoke_ValidateLoginTest" time="0.000">
    <skipped/>
  </testcase> <!-- smoke_ValidateLoginTest -->
  <system-out/>
  <testcase classname="testcases.E2Etestcasesuite.travelersquotes.Smoke_ValidateLoginTest" name="smoke_ValidateLoginTest" time="0.000">
    <skipped/>
  </testcase> <!-- smoke_ValidateLoginTest -->
  <system-out/>
  <testcase classname="testcases.E2Etestcasesuite.travelersquotes.Smoke_ValidateLoginTest" name="smoke_ValidateLoginTest" time="0.000">
    <skipped/>
  </testcase> <!-- smoke_ValidateLoginTest -->
  <system-out/>
  <testcase classname="testcases.E2Etestcasesuite.travelersquotes.Smoke_ValidateLoginTest" name="smoke_ValidateLoginTest" time="0.000">
    <skipped/>
  </testcase> <!-- smoke_ValidateLoginTest -->
  <system-out/>
  <testcase classname="testcases.E2Etestcasesuite.travelersquotes.Smoke_ValidateLoginTest" name="smoke_ValidateLoginTest" time="0.001">
    <skipped/>
  </testcase> <!-- smoke_ValidateLoginTest -->
  <system-out/>
  <testcase classname="testcases.E2Etestcasesuite.travelersquotes.Smoke_ValidateLoginTest" name="smoke_ValidateLoginTest" time="0.001">
    <skipped/>
  </testcase> <!-- smoke_ValidateLoginTest -->
  <system-out/>
  <testcase classname="testcases.E2Etestcasesuite.travelersquotes.Smoke_ValidateLoginTest" name="smoke_ValidateLoginTest" time="0.001">
    <skipped/>
  </testcase> <!-- smoke_ValidateLoginTest -->
  <system-out/>
  <testcase classname="testcases.E2Etestcasesuite.travelersquotes.Smoke_ValidateLoginTest" name="smoke_ValidateLoginTest" time="0.000">
    <skipped/>
  </testcase> <!-- smoke_ValidateLoginTest -->
  <system-out/>
  <testcase classname="testcases.E2Etestcasesuite.travelersquotes.Smoke_ValidateLoginTest" name="smoke_ValidateLoginTest" time="0.000">
    <skipped/>
  </testcase> <!-- smoke_ValidateLoginTest -->
  <system-out/>
  <testcase classname="testcases.E2Etestcasesuite.travelersquotes.Smoke_ValidateLoginTest" name="smoke_ValidateLoginTest" time="0.000">
    <skipped/>
  </testcase> <!-- smoke_ValidateLoginTest -->
  <system-out/>
  <testcase classname="testcases.E2Etestcasesuite.travelersquotes.Smoke_ValidateLoginTest" name="smoke_ValidateLoginTest" time="0.000">
    <skipped/>
  </testcase> <!-- smoke_ValidateLoginTest -->
  <system-out/>
  <testcase classname="testcases.E2Etestcasesuite.travelersquotes.Smoke_ValidateLoginTest" name="smoke_ValidateLoginTest" time="0.000">
    <skipped/>
  </testcase> <!-- smoke_ValidateLoginTest -->
  <system-out/>
  <testcase classname="testcases.E2Etestcasesuite.travelersquotes.Smoke_ValidateLoginTest" name="smoke_ValidateLoginTest" time="0.000">
    <skipped/>
  </testcase> <!-- smoke_ValidateLoginTest -->
  <system-out/>
  <testcase classname="testcases.E2Etestcasesuite.travelersquotes.Smoke_ValidateLoginTest" name="smoke_ValidateLoginTest" time="0.000">
    <skipped/>
  </testcase> <!-- smoke_ValidateLoginTest -->
  <system-out/>
  <testcase classname="testcases.E2Etestcasesuite.travelersquotes.Smoke_ValidateLoginTest" name="smoke_ValidateLoginTest" time="0.000">
    <skipped/>
  </testcase> <!-- smoke_ValidateLoginTest -->
  <system-out/>
  <testcase classname="testcases.E2Etestcasesuite.travelersquotes.Smoke_ValidateLoginTest" name="smoke_ValidateLoginTest" time="0.000">
    <skipped/>
  </testcase> <!-- smoke_ValidateLoginTest -->
  <system-out/>
  <testcase classname="testcases.E2Etestcasesuite.travelersquotes.Smoke_ValidateLoginTest" name="smoke_ValidateLoginTest" time="0.000">
    <skipped/>
  </testcase> <!-- smoke_ValidateLoginTest -->
  <system-out/>
  <testcase classname="testcases.E2Etestcasesuite.travelersquotes.Smoke_ValidateLoginTest" name="smoke_ValidateLoginTest" time="0.000">
    <skipped/>
  </testcase> <!-- smoke_ValidateLoginTest -->
  <system-out/>
  <testcase classname="testcases.E2Etestcasesuite.travelersquotes.Smoke_ValidateLoginTest" name="smoke_ValidateLoginTest" time="0.000">
    <skipped/>
  </testcase> <!-- smoke_ValidateLoginTest -->
  <system-out/>
  <testcase classname="testcases.E2Etestcasesuite.travelersquotes.Smoke_ValidateLoginTest" name="smoke_ValidateLoginTest" time="0.000">
    <skipped/>
  </testcase> <!-- smoke_ValidateLoginTest -->
  <system-out/>
  <testcase classname="testcases.E2Etestcasesuite.travelersquotes.Smoke_ValidateLoginTest" name="smoke_ValidateLoginTest" time="0.000">
    <skipped/>
  </testcase> <!-- smoke_ValidateLoginTest -->
  <system-out/>
  <testcase classname="testcases.E2Etestcasesuite.travelersquotes.Smoke_ValidateLoginTest" name="smoke_ValidateLoginTest" time="0.000">
    <skipped/>
  </testcase> <!-- smoke_ValidateLoginTest -->
  <system-out/>
  <testcase classname="testcases.E2Etestcasesuite.travelersquotes.Smoke_ValidateLoginTest" name="smoke_ValidateLoginTest" time="0.000">
    <skipped/>
  </testcase> <!-- smoke_ValidateLoginTest -->
  <system-out/>
  <testcase classname="testcases.E2Etestcasesuite.travelersquotes.Smoke_ValidateLoginTest" name="smoke_ValidateLoginTest" time="0.000">
    <skipped/>
  </testcase> <!-- smoke_ValidateLoginTest -->
  <system-out/>
  <testcase classname="testcases.E2Etestcasesuite.travelersquotes.Smoke_ValidateLoginTest" name="smoke_ValidateLoginTest" time="0.001">
    <skipped/>
  </testcase> <!-- smoke_ValidateLoginTest -->
  <system-out/>
  <testcase classname="testcases.E2Etestcasesuite.travelersquotes.Smoke_ValidateLoginTest" name="smoke_ValidateLoginTest" time="0.000">
    <skipped/>
  </testcase> <!-- smoke_ValidateLoginTest -->
  <system-out/>
  <testcase classname="testcases.E2Etestcasesuite.travelersquotes.Smoke_ValidateLoginTest" name="smoke_ValidateLoginTest" time="0.000">
    <skipped/>
  </testcase> <!-- smoke_ValidateLoginTest -->
  <system-out/>
  <testcase classname="testcases.E2Etestcasesuite.travelersquotes.Smoke_ValidateLoginTest" name="smoke_ValidateLoginTest" time="0.001">
    <skipped/>
  </testcase> <!-- smoke_ValidateLoginTest -->
  <system-out/>
  <testcase classname="testcases.E2Etestcasesuite.travelersquotes.Smoke_ValidateLoginTest" name="smoke_ValidateLoginTest" time="0.000">
    <skipped/>
  </testcase> <!-- smoke_ValidateLoginTest -->
  <system-out/>
  <testcase classname="testcases.E2Etestcasesuite.travelersquotes.Smoke_ValidateLoginTest" name="smoke_ValidateLoginTest" time="0.001">
    <skipped/>
  </testcase> <!-- smoke_ValidateLoginTest -->
  <system-out/>
  <testcase classname="testcases.E2Etestcasesuite.travelersquotes.Smoke_ValidateLoginTest" name="smoke_ValidateLoginTest" time="0.000">
    <skipped/>
  </testcase> <!-- smoke_ValidateLoginTest -->
  <system-out/>
  <testcase classname="testcases.E2Etestcasesuite.travelersquotes.Smoke_ValidateLoginTest" name="smoke_ValidateLoginTest" time="0.000">
    <skipped/>
  </testcase> <!-- smoke_ValidateLoginTest -->
  <system-out/>
  <testcase classname="testcases.E2Etestcasesuite.travelersquotes.Smoke_ValidateLoginTest" name="smoke_ValidateLoginTest" time="0.001">
    <skipped/>
  </testcase> <!-- smoke_ValidateLoginTest -->
  <system-out/>
  <testcase classname="testcases.E2Etestcasesuite.travelersquotes.Smoke_ValidateLoginTest" name="smoke_ValidateLoginTest" time="0.000">
    <skipped/>
  </testcase> <!-- smoke_ValidateLoginTest -->
  <system-out/>
  <testcase classname="testcases.E2Etestcasesuite.travelersquotes.Smoke_ValidateLoginTest" name="smoke_ValidateLoginTest" time="0.000">
    <skipped/>
  </testcase> <!-- smoke_ValidateLoginTest -->
  <system-out/>
  <testcase classname="testcases.E2Etestcasesuite.travelersquotes.Smoke_ValidateLoginTest" name="smoke_ValidateLoginTest" time="0.000">
    <skipped/>
  </testcase> <!-- smoke_ValidateLoginTest -->
  <system-out/>
  <testcase classname="testcases.E2Etestcasesuite.travelersquotes.Smoke_ValidateLoginTest" name="smoke_ValidateLoginTest" time="0.000">
    <skipped/>
  </testcase> <!-- smoke_ValidateLoginTest -->
  <system-out/>
  <testcase classname="testcases.E2Etestcasesuite.travelersquotes.Smoke_ValidateLoginTest" name="smoke_ValidateLoginTest" time="0.001">
    <skipped/>
  </testcase> <!-- smoke_ValidateLoginTest -->
  <system-out/>
  <testcase classname="testcases.E2Etestcasesuite.travelersquotes.Smoke_ValidateLoginTest" name="smoke_ValidateLoginTest" time="0.000">
    <skipped/>
  </testcase> <!-- smoke_ValidateLoginTest -->
  <system-out/>
  <testcase classname="testcases.E2Etestcasesuite.travelersquotes.Smoke_ValidateLoginTest" name="smoke_ValidateLoginTest" time="0.000">
    <skipped/>
  </testcase> <!-- smoke_ValidateLoginTest -->
  <system-out/>
  <testcase classname="testcases.E2Etestcasesuite.travelersquotes.Smoke_ValidateLoginTest" name="smoke_ValidateLoginTest" time="0.001">
    <skipped/>
  </testcase> <!-- smoke_ValidateLoginTest -->
  <system-out/>
  <testcase classname="testcases.E2Etestcasesuite.travelersquotes.Smoke_ValidateLoginTest" name="smoke_ValidateLoginTest" time="0.000">
    <skipped/>
  </testcase> <!-- smoke_ValidateLoginTest -->
  <system-out/>
  <testcase classname="testcases.E2Etestcasesuite.travelersquotes.Smoke_ValidateLoginTest" name="smoke_ValidateLoginTest" time="0.001">
    <skipped/>
  </testcase> <!-- smoke_ValidateLoginTest -->
  <system-out/>
  <testcase classname="testcases.E2Etestcasesuite.travelersquotes.Smoke_ValidateLoginTest" name="smoke_ValidateLoginTest" time="0.000">
    <skipped/>
  </testcase> <!-- smoke_ValidateLoginTest -->
  <system-out/>
  <testcase classname="testcases.E2Etestcasesuite.travelersquotes.Smoke_ValidateLoginTest" name="smoke_ValidateLoginTest" time="0.000">
    <skipped/>
  </testcase> <!-- smoke_ValidateLoginTest -->
  <system-out/>
  <testcase classname="testcases.E2Etestcasesuite.travelersquotes.Smoke_ValidateLoginTest" name="smoke_ValidateLoginTest" time="0.000">
    <skipped/>
  </testcase> <!-- smoke_ValidateLoginTest -->
  <system-out/>
  <testcase classname="testcases.E2Etestcasesuite.travelersquotes.Smoke_ValidateLoginTest" name="smoke_ValidateLoginTest" time="0.000">
    <skipped/>
  </testcase> <!-- smoke_ValidateLoginTest -->
  <system-out/>
  <testcase classname="testcases.E2Etestcasesuite.travelersquotes.Smoke_ValidateLoginTest" name="smoke_ValidateLoginTest" time="0.000">
    <skipped/>
  </testcase> <!-- smoke_ValidateLoginTest -->
  <system-out/>
  <testcase classname="testcases.E2Etestcasesuite.travelersquotes.Smoke_ValidateLoginTest" name="smoke_ValidateLoginTest" time="0.000">
    <skipped/>
  </testcase> <!-- smoke_ValidateLoginTest -->
  <system-out/>
  <testcase classname="testcases.E2Etestcasesuite.travelersquotes.Smoke_ValidateLoginTest" name="smoke_ValidateLoginTest" time="0.000">
    <skipped/>
  </testcase> <!-- smoke_ValidateLoginTest -->
  <system-out/>
  <testcase classname="testcases.E2Etestcasesuite.travelersquotes.Smoke_ValidateLoginTest" name="smoke_ValidateLoginTest" time="0.001">
    <skipped/>
  </testcase> <!-- smoke_ValidateLoginTest -->
  <system-out/>
  <testcase classname="testcases.E2Etestcasesuite.travelersquotes.Smoke_ValidateLoginTest" name="smoke_ValidateLoginTest" time="0.000">
    <skipped/>
  </testcase> <!-- smoke_ValidateLoginTest -->
  <system-out/>
  <testcase classname="testcases.E2Etestcasesuite.travelersquotes.Smoke_ValidateLoginTest" name="smoke_ValidateLoginTest" time="0.000">
    <skipped/>
  </testcase> <!-- smoke_ValidateLoginTest -->
  <system-out/>
  <testcase classname="testcases.E2Etestcasesuite.travelersquotes.Smoke_ValidateLoginTest" name="smoke_ValidateLoginTest" time="0.000">
    <skipped/>
  </testcase> <!-- smoke_ValidateLoginTest -->
  <system-out/>
  <testcase classname="testcases.E2Etestcasesuite.travelersquotes.Smoke_ValidateLoginTest" name="smoke_ValidateLoginTest" time="0.000">
    <skipped/>
  </testcase> <!-- smoke_ValidateLoginTest -->
  <system-out/>
  <testcase classname="testcases.E2Etestcasesuite.travelersquotes.Smoke_ValidateLoginTest" name="smoke_ValidateLoginTest" time="0.000">
    <skipped/>
  </testcase> <!-- smoke_ValidateLoginTest -->
  <system-out/>
  <testcase classname="testcases.E2Etestcasesuite.travelersquotes.Smoke_ValidateLoginTest" name="smoke_ValidateLoginTest" time="0.000">
    <skipped/>
  </testcase> <!-- smoke_ValidateLoginTest -->
  <system-out/>
  <testcase classname="testcases.E2Etestcasesuite.travelersquotes.Smoke_ValidateLoginTest" name="smoke_ValidateLoginTest" time="0.000">
    <skipped/>
  </testcase> <!-- smoke_ValidateLoginTest -->
  <system-out/>
  <testcase classname="testcases.E2Etestcasesuite.travelersquotes.Smoke_ValidateLoginTest" name="smoke_ValidateLoginTest" time="0.001">
    <skipped/>
  </testcase> <!-- smoke_ValidateLoginTest -->
  <system-out/>
  <testcase classname="testcases.E2Etestcasesuite.travelersquotes.Smoke_ValidateLoginTest" name="smoke_ValidateLoginTest" time="0.000">
    <skipped/>
  </testcase> <!-- smoke_ValidateLoginTest -->
  <system-out/>
  <testcase classname="testcases.E2Etestcasesuite.travelersquotes.Smoke_ValidateLoginTest" name="smoke_ValidateLoginTest" time="0.001">
    <skipped/>
  </testcase> <!-- smoke_ValidateLoginTest -->
  <system-out/>
  <testcase classname="testcases.E2Etestcasesuite.travelersquotes.Smoke_ValidateLoginTest" name="smoke_ValidateLoginTest" time="0.000">
    <skipped/>
  </testcase> <!-- smoke_ValidateLoginTest -->
  <system-out/>
  <testcase classname="testcases.E2Etestcasesuite.travelersquotes.Smoke_ValidateLoginTest" name="smoke_ValidateLoginTest" time="0.001">
    <skipped/>
  </testcase> <!-- smoke_ValidateLoginTest -->
  <system-out/>
  <testcase classname="testcases.E2Etestcasesuite.travelersquotes.Smoke_ValidateLoginTest" name="smoke_ValidateLoginTest" time="0.001">
    <skipped/>
  </testcase> <!-- smoke_ValidateLoginTest -->
  <system-out/>
  <testcase classname="testcases.E2Etestcasesuite.travelersquotes.Smoke_ValidateLoginTest" name="smoke_ValidateLoginTest" time="0.001">
    <skipped/>
  </testcase> <!-- smoke_ValidateLoginTest -->
  <system-out/>
  <testcase classname="testcases.E2Etestcasesuite.travelersquotes.Smoke_ValidateLoginTest" name="smoke_ValidateLoginTest" time="0.001">
    <skipped/>
  </testcase> <!-- smoke_ValidateLoginTest -->
  <system-out/>
  <testcase classname="testcases.E2Etestcasesuite.travelersquotes.Smoke_ValidateLoginTest" name="smoke_ValidateLoginTest" time="0.000">
    <skipped/>
  </testcase> <!-- smoke_ValidateLoginTest -->
  <system-out/>
  <testcase classname="testcases.E2Etestcasesuite.travelersquotes.Smoke_ValidateLoginTest" name="smoke_ValidateLoginTest" time="0.001">
    <skipped/>
  </testcase> <!-- smoke_ValidateLoginTest -->
  <system-out/>
  <testcase classname="testcases.E2Etestcasesuite.travelersquotes.Smoke_ValidateLoginTest" name="smoke_ValidateLoginTest" time="0.001">
    <skipped/>
  </testcase> <!-- smoke_ValidateLoginTest -->
  <system-out/>
  <testcase classname="testcases.E2Etestcasesuite.travelersquotes.Smoke_ValidateLoginTest" name="smoke_ValidateLoginTest" time="0.000">
    <skipped/>
  </testcase> <!-- smoke_ValidateLoginTest -->
  <system-out/>
  <testcase classname="testcases.E2Etestcasesuite.travelersquotes.Smoke_ValidateLoginTest" name="smoke_ValidateLoginTest" time="0.000">
    <skipped/>
  </testcase> <!-- smoke_ValidateLoginTest -->
  <system-out/>
  <testcase classname="testcases.E2Etestcasesuite.travelersquotes.Smoke_ValidateLoginTest" name="smoke_ValidateLoginTest" time="0.000">
    <skipped/>
  </testcase> <!-- smoke_ValidateLoginTest -->
  <system-out/>
  <testcase classname="testcases.E2Etestcasesuite.travelersquotes.Smoke_ValidateLoginTest" name="smoke_ValidateLoginTest" time="0.000">
    <skipped/>
  </testcase> <!-- smoke_ValidateLoginTest -->
  <system-out/>
  <testcase classname="testcases.E2Etestcasesuite.travelersquotes.Smoke_ValidateLoginTest" name="smoke_ValidateLoginTest" time="0.000">
    <skipped/>
  </testcase> <!-- smoke_ValidateLoginTest -->
  <system-out/>
  <testcase classname="testcases.E2Etestcasesuite.travelersquotes.Smoke_ValidateLoginTest" name="smoke_ValidateLoginTest" time="0.000">
    <skipped/>
  </testcase> <!-- smoke_ValidateLoginTest -->
  <system-out/>
  <testcase classname="testcases.E2Etestcasesuite.travelersquotes.Smoke_ValidateLoginTest" name="smoke_ValidateLoginTest" time="0.000">
    <skipped/>
  </testcase> <!-- smoke_ValidateLoginTest -->
  <system-out/>
  <testcase classname="testcases.E2Etestcasesuite.travelersquotes.Smoke_ValidateLoginTest" name="smoke_ValidateLoginTest" time="0.000">
    <skipped/>
  </testcase> <!-- smoke_ValidateLoginTest -->
  <system-out/>
  <testcase classname="testcases.E2Etestcasesuite.travelersquotes.Smoke_ValidateLoginTest" name="smoke_ValidateLoginTest" time="0.001">
    <skipped/>
  </testcase> <!-- smoke_ValidateLoginTest -->
  <system-out/>
  <testcase classname="testcases.E2Etestcasesuite.travelersquotes.Smoke_ValidateLoginTest" name="smoke_ValidateLoginTest" time="0.001">
    <skipped/>
  </testcase> <!-- smoke_ValidateLoginTest -->
  <system-out/>
  <testcase classname="testcases.E2Etestcasesuite.travelersquotes.Smoke_ValidateLoginTest" name="smoke_ValidateLoginTest" time="0.000">
    <skipped/>
  </testcase> <!-- smoke_ValidateLoginTest -->
  <system-out/>
  <testcase classname="testcases.E2Etestcasesuite.travelersquotes.Smoke_ValidateLoginTest" name="smoke_ValidateLoginTest" time="0.000">
    <skipped/>
  </testcase> <!-- smoke_ValidateLoginTest -->
  <system-out/>
  <testcase classname="testcases.E2Etestcasesuite.travelersquotes.Smoke_ValidateLoginTest" name="smoke_ValidateLoginTest" time="0.000">
    <skipped/>
  </testcase> <!-- smoke_ValidateLoginTest -->
  <system-out/>
  <testcase classname="testcases.E2Etestcasesuite.travelersquotes.Smoke_ValidateLoginTest" name="smoke_ValidateLoginTest" time="0.000">
    <skipped/>
  </testcase> <!-- smoke_ValidateLoginTest -->
  <system-out/>
  <testcase classname="testcases.E2Etestcasesuite.travelersquotes.Smoke_ValidateLoginTest" name="smoke_ValidateLoginTest" time="0.001">
    <skipped/>
  </testcase> <!-- smoke_ValidateLoginTest -->
  <system-out/>
  <testcase classname="testcases.E2Etestcasesuite.travelersquotes.Smoke_ValidateLoginTest" name="smoke_ValidateLoginTest" time="0.001">
    <skipped/>
  </testcase> <!-- smoke_ValidateLoginTest -->
  <system-out/>
  <testcase classname="testcases.E2Etestcasesuite.travelersquotes.Smoke_ValidateLoginTest" name="smoke_ValidateLoginTest" time="0.001">
    <skipped/>
  </testcase> <!-- smoke_ValidateLoginTest -->
  <system-out/>
  <testcase classname="testcases.E2Etestcasesuite.travelersquotes.Smoke_ValidateLoginTest" name="smoke_ValidateLoginTest" time="0.001">
    <skipped/>
  </testcase> <!-- smoke_ValidateLoginTest -->
  <system-out/>
  <testcase classname="testcases.E2Etestcasesuite.travelersquotes.Smoke_ValidateLoginTest" name="smoke_ValidateLoginTest" time="0.001">
    <skipped/>
  </testcase> <!-- smoke_ValidateLoginTest -->
  <system-out/>
  <testcase classname="testcases.E2Etestcasesuite.travelersquotes.Smoke_ValidateLoginTest" name="smoke_ValidateLoginTest" time="0.001">
    <skipped/>
  </testcase> <!-- smoke_ValidateLoginTest -->
  <system-out/>
  <testcase classname="testcases.E2Etestcasesuite.travelersquotes.Smoke_ValidateLoginTest" name="smoke_ValidateLoginTest" time="0.000">
    <skipped/>
  </testcase> <!-- smoke_ValidateLoginTest -->
  <system-out/>
  <testcase classname="testcases.E2Etestcasesuite.travelersquotes.Smoke_ValidateLoginTest" name="smoke_ValidateLoginTest" time="0.000">
    <skipped/>
  </testcase> <!-- smoke_ValidateLoginTest -->
  <system-out/>
  <testcase classname="testcases.E2Etestcasesuite.travelersquotes.Smoke_ValidateLoginTest" name="smoke_ValidateLoginTest" time="0.001">
    <skipped/>
  </testcase> <!-- smoke_ValidateLoginTest -->
  <system-out/>
  <testcase classname="testcases.E2Etestcasesuite.travelersquotes.Smoke_ValidateLoginTest" name="smoke_ValidateLoginTest" time="0.000">
    <skipped/>
  </testcase> <!-- smoke_ValidateLoginTest -->
  <system-out/>
  <testcase classname="testcases.E2Etestcasesuite.travelersquotes.Smoke_ValidateLoginTest" name="smoke_ValidateLoginTest" time="0.001">
    <skipped/>
  </testcase> <!-- smoke_ValidateLoginTest -->
  <system-out/>
  <testcase classname="testcases.E2Etestcasesuite.travelersquotes.Smoke_ValidateLoginTest" name="smoke_ValidateLoginTest" time="0.000">
    <skipped/>
  </testcase> <!-- smoke_ValidateLoginTest -->
  <system-out/>
  <testcase classname="testcases.E2Etestcasesuite.travelersquotes.Smoke_ValidateLoginTest" name="smoke_ValidateLoginTest" time="0.001">
    <skipped/>
  </testcase> <!-- smoke_ValidateLoginTest -->
  <system-out/>
  <testcase classname="testcases.E2Etestcasesuite.travelersquotes.Smoke_ValidateLoginTest" name="smoke_ValidateLoginTest" time="0.000">
    <skipped/>
  </testcase> <!-- smoke_ValidateLoginTest -->
  <system-out/>
  <testcase classname="testcases.E2Etestcasesuite.travelersquotes.Smoke_ValidateLoginTest" name="smoke_ValidateLoginTest" time="0.000">
    <skipped/>
  </testcase> <!-- smoke_ValidateLoginTest -->
  <system-out/>
  <testcase classname="testcases.E2Etestcasesuite.travelersquotes.Smoke_ValidateLoginTest" name="smoke_ValidateLoginTest" time="0.001">
    <skipped/>
  </testcase> <!-- smoke_ValidateLoginTest -->
  <system-out/>
  <testcase classname="testcases.E2Etestcasesuite.travelersquotes.Smoke_ValidateLoginTest" name="smoke_ValidateLoginTest" time="0.000">
    <skipped/>
  </testcase> <!-- smoke_ValidateLoginTest -->
  <system-out/>
  <testcase classname="testcases.E2Etestcasesuite.travelersquotes.Smoke_ValidateLoginTest" name="smoke_ValidateLoginTest" time="0.000">
    <skipped/>
  </testcase> <!-- smoke_ValidateLoginTest -->
  <system-out/>
  <testcase classname="testcases.E2Etestcasesuite.travelersquotes.Smoke_ValidateLoginTest" name="smoke_ValidateLoginTest" time="0.000">
    <skipped/>
  </testcase> <!-- smoke_ValidateLoginTest -->
  <system-out/>
  <testcase classname="testcases.E2Etestcasesuite.travelersquotes.Smoke_ValidateLoginTest" name="smoke_ValidateLoginTest" time="0.001">
    <skipped/>
  </testcase> <!-- smoke_ValidateLoginTest -->
  <system-out/>
  <testcase classname="testcases.E2Etestcasesuite.travelersquotes.Smoke_ValidateLoginTest" name="smoke_ValidateLoginTest" time="0.000">
    <skipped/>
  </testcase> <!-- smoke_ValidateLoginTest -->
  <system-out/>
  <testcase classname="testcases.E2Etestcasesuite.travelersquotes.Smoke_ValidateLoginTest" name="smoke_ValidateLoginTest" time="0.000">
    <skipped/>
  </testcase> <!-- smoke_ValidateLoginTest -->
  <system-out/>
  <testcase classname="testcases.E2Etestcasesuite.travelersquotes.Smoke_ValidateLoginTest" name="smoke_ValidateLoginTest" time="0.000">
    <skipped/>
  </testcase> <!-- smoke_ValidateLoginTest -->
  <system-out/>
  <testcase classname="testcases.E2Etestcasesuite.travelersquotes.Smoke_ValidateLoginTest" name="smoke_ValidateLoginTest" time="0.000">
    <skipped/>
  </testcase> <!-- smoke_ValidateLoginTest -->
  <system-out/>
  <testcase classname="testcases.E2Etestcasesuite.travelersquotes.Smoke_ValidateLoginTest" name="smoke_ValidateLoginTest" time="0.001">
    <skipped/>
  </testcase> <!-- smoke_ValidateLoginTest -->
  <system-out/>
  <testcase classname="testcases.E2Etestcasesuite.travelersquotes.Smoke_ValidateLoginTest" name="smoke_ValidateLoginTest" time="0.000">
    <skipped/>
  </testcase> <!-- smoke_ValidateLoginTest -->
  <system-out/>
  <testcase classname="testcases.E2Etestcasesuite.travelersquotes.Smoke_ValidateLoginTest" name="smoke_ValidateLoginTest" time="0.000">
    <skipped/>
  </testcase> <!-- smoke_ValidateLoginTest -->
  <system-out/>
  <testcase classname="testcases.E2Etestcasesuite.travelersquotes.Smoke_ValidateLoginTest" name="smoke_ValidateLoginTest" time="0.000">
    <skipped/>
  </testcase> <!-- smoke_ValidateLoginTest -->
  <system-out/>
  <testcase classname="testcases.E2Etestcasesuite.travelersquotes.Smoke_ValidateLoginTest" name="smoke_ValidateLoginTest" time="0.000">
    <skipped/>
  </testcase> <!-- smoke_ValidateLoginTest -->
  <system-out/>
  <testcase classname="testcases.E2Etestcasesuite.travelersquotes.Smoke_ValidateLoginTest" name="smoke_ValidateLoginTest" time="0.000">
    <skipped/>
  </testcase> <!-- smoke_ValidateLoginTest -->
  <system-out/>
  <testcase classname="testcases.E2Etestcasesuite.travelersquotes.Smoke_ValidateLoginTest" name="smoke_ValidateLoginTest" time="0.000">
    <skipped/>
  </testcase> <!-- smoke_ValidateLoginTest -->
  <system-out/>
  <testcase classname="testcases.E2Etestcasesuite.travelersquotes.Smoke_ValidateLoginTest" name="smoke_ValidateLoginTest" time="0.000">
    <skipped/>
  </testcase> <!-- smoke_ValidateLoginTest -->
  <system-out/>
  <testcase classname="testcases.E2Etestcasesuite.travelersquotes.Smoke_ValidateLoginTest" name="smoke_ValidateLoginTest" time="0.001">
    <skipped/>
  </testcase> <!-- smoke_ValidateLoginTest -->
  <system-out/>
  <testcase classname="testcases.E2Etestcasesuite.travelersquotes.Smoke_ValidateLoginTest" name="smoke_ValidateLoginTest" time="0.000">
    <skipped/>
  </testcase> <!-- smoke_ValidateLoginTest -->
  <system-out/>
  <testcase classname="testcases.E2Etestcasesuite.travelersquotes.Smoke_ValidateLoginTest" name="smoke_ValidateLoginTest" time="0.000">
    <skipped/>
  </testcase> <!-- smoke_ValidateLoginTest -->
  <system-out/>
  <testcase classname="testcases.E2Etestcasesuite.travelersquotes.Smoke_ValidateLoginTest" name="smoke_ValidateLoginTest" time="0.000">
    <skipped/>
  </testcase> <!-- smoke_ValidateLoginTest -->
  <system-out/>
  <testcase classname="testcases.E2Etestcasesuite.travelersquotes.Smoke_ValidateLoginTest" name="smoke_ValidateLoginTest" time="0.001">
    <skipped/>
  </testcase> <!-- smoke_ValidateLoginTest -->
  <system-out/>
  <testcase classname="testcases.E2Etestcasesuite.travelersquotes.Smoke_ValidateLoginTest" name="smoke_ValidateLoginTest" time="0.001">
    <skipped/>
  </testcase> <!-- smoke_ValidateLoginTest -->
  <system-out/>
  <testcase classname="testcases.E2Etestcasesuite.travelersquotes.Smoke_ValidateLoginTest" name="smoke_ValidateLoginTest" time="0.000">
    <skipped/>
  </testcase> <!-- smoke_ValidateLoginTest -->
  <system-out/>
  <testcase classname="testcases.E2Etestcasesuite.travelersquotes.Smoke_ValidateLoginTest" name="smoke_ValidateLoginTest" time="0.000">
    <skipped/>
  </testcase> <!-- smoke_ValidateLoginTest -->
  <system-out/>
  <testcase classname="testcases.E2Etestcasesuite.travelersquotes.Smoke_ValidateLoginTest" name="smoke_ValidateLoginTest" time="0.001">
    <skipped/>
  </testcase> <!-- smoke_ValidateLoginTest -->
  <system-out/>
  <testcase classname="testcases.E2Etestcasesuite.travelersquotes.Smoke_ValidateLoginTest" name="smoke_ValidateLoginTest" time="0.001">
    <skipped/>
  </testcase> <!-- smoke_ValidateLoginTest -->
  <system-out/>
  <testcase classname="testcases.E2Etestcasesuite.travelersquotes.Smoke_ValidateLoginTest" name="smoke_ValidateLoginTest" time="0.000">
    <skipped/>
  </testcase> <!-- smoke_ValidateLoginTest -->
  <system-out/>
  <testcase classname="testcases.E2Etestcasesuite.travelersquotes.Smoke_ValidateLoginTest" name="smoke_ValidateLoginTest" time="0.000">
    <skipped/>
  </testcase> <!-- smoke_ValidateLoginTest -->
  <system-out/>
  <testcase classname="testcases.E2Etestcasesuite.travelersquotes.Smoke_ValidateLoginTest" name="smoke_ValidateLoginTest" time="0.000">
    <skipped/>
  </testcase> <!-- smoke_ValidateLoginTest -->
  <system-out/>
  <testcase classname="testcases.E2Etestcasesuite.travelersquotes.Smoke_ValidateLoginTest" name="smoke_ValidateLoginTest" time="0.000">
    <skipped/>
  </testcase> <!-- smoke_ValidateLoginTest -->
  <system-out/>
  <testcase classname="testcases.E2Etestcasesuite.travelersquotes.Smoke_ValidateLoginTest" name="smoke_ValidateLoginTest" time="0.000">
    <skipped/>
  </testcase> <!-- smoke_ValidateLoginTest -->
  <system-out/>
  <testcase classname="testcases.E2Etestcasesuite.travelersquotes.Smoke_ValidateLoginTest" name="smoke_ValidateLoginTest" time="0.000">
    <skipped/>
  </testcase> <!-- smoke_ValidateLoginTest -->
  <system-out/>
  <testcase classname="testcases.E2Etestcasesuite.travelersquotes.Smoke_ValidateLoginTest" name="smoke_ValidateLoginTest" time="0.000">
    <skipped/>
  </testcase> <!-- smoke_ValidateLoginTest -->
  <system-out/>
  <testcase classname="testcases.E2Etestcasesuite.travelersquotes.Smoke_ValidateLoginTest" name="smoke_ValidateLoginTest" time="0.000">
    <skipped/>
  </testcase> <!-- smoke_ValidateLoginTest -->
  <system-out/>
  <testcase classname="testcases.E2Etestcasesuite.travelersquotes.Smoke_ValidateLoginTest" name="smoke_ValidateLoginTest" time="0.001">
    <skipped/>
  </testcase> <!-- smoke_ValidateLoginTest -->
  <system-out/>
  <testcase classname="testcases.E2Etestcasesuite.travelersquotes.Smoke_ValidateLoginTest" name="smoke_ValidateLoginTest" time="0.000">
    <skipped/>
  </testcase> <!-- smoke_ValidateLoginTest -->
  <system-out/>
  <testcase classname="testcases.E2Etestcasesuite.travelersquotes.Smoke_ValidateLoginTest" name="smoke_ValidateLoginTest" time="0.001">
    <skipped/>
  </testcase> <!-- smoke_ValidateLoginTest -->
  <system-out/>
  <testcase classname="testcases.E2Etestcasesuite.travelersquotes.Smoke_ValidateLoginTest" name="smoke_ValidateLoginTest" time="0.001">
    <skipped/>
  </testcase> <!-- smoke_ValidateLoginTest -->
  <system-out/>
  <testcase classname="testcases.E2Etestcasesuite.travelersquotes.Smoke_ValidateLoginTest" name="smoke_ValidateLoginTest" time="0.000">
    <skipped/>
  </testcase> <!-- smoke_ValidateLoginTest -->
  <system-out/>
  <testcase classname="testcases.E2Etestcasesuite.travelersquotes.Smoke_ValidateLoginTest" name="smoke_ValidateLoginTest" time="0.000">
    <skipped/>
  </testcase> <!-- smoke_ValidateLoginTest -->
  <system-out/>
  <testcase classname="testcases.E2Etestcasesuite.travelersquotes.Smoke_ValidateLoginTest" name="smoke_ValidateLoginTest" time="0.001">
    <skipped/>
  </testcase> <!-- smoke_ValidateLoginTest -->
  <system-out/>
  <testcase classname="testcases.E2Etestcasesuite.travelersquotes.Smoke_ValidateLoginTest" name="smoke_ValidateLoginTest" time="0.001">
    <skipped/>
  </testcase> <!-- smoke_ValidateLoginTest -->
  <system-out/>
  <testcase classname="testcases.E2Etestcasesuite.travelersquotes.Smoke_ValidateLoginTest" name="smoke_ValidateLoginTest" time="0.000">
    <skipped/>
  </testcase> <!-- smoke_ValidateLoginTest -->
  <system-out/>
  <testcase classname="testcases.E2Etestcasesuite.travelersquotes.Smoke_ValidateLoginTest" name="smoke_ValidateLoginTest" time="0.000">
    <skipped/>
  </testcase> <!-- smoke_ValidateLoginTest -->
  <system-out/>
  <testcase classname="testcases.E2Etestcasesuite.travelersquotes.Smoke_ValidateLoginTest" name="smoke_ValidateLoginTest" time="0.001">
    <skipped/>
  </testcase> <!-- smoke_ValidateLoginTest -->
  <system-out/>
  <testcase classname="testcases.E2Etestcasesuite.travelersquotes.Smoke_ValidateLoginTest" name="smoke_ValidateLoginTest" time="0.000">
    <skipped/>
  </testcase> <!-- smoke_ValidateLoginTest -->
  <system-out/>
  <testcase classname="testcases.E2Etestcasesuite.travelersquotes.Smoke_ValidateLoginTest" name="smoke_ValidateLoginTest" time="0.001">
    <skipped/>
  </testcase> <!-- smoke_ValidateLoginTest -->
  <system-out/>
  <testcase classname="testcases.E2Etestcasesuite.travelersquotes.Smoke_ValidateLoginTest" name="smoke_ValidateLoginTest" time="0.000">
    <skipped/>
  </testcase> <!-- smoke_ValidateLoginTest -->
  <system-out/>
  <testcase classname="testcases.E2Etestcasesuite.travelersquotes.Smoke_ValidateLoginTest" name="smoke_ValidateLoginTest" time="0.000">
    <skipped/>
  </testcase> <!-- smoke_ValidateLoginTest -->
  <system-out/>
  <testcase classname="testcases.E2Etestcasesuite.travelersquotes.Smoke_ValidateLoginTest" name="smoke_ValidateLoginTest" time="0.000">
    <skipped/>
  </testcase> <!-- smoke_ValidateLoginTest -->
  <system-out/>
  <testcase classname="testcases.E2Etestcasesuite.travelersquotes.Smoke_ValidateLoginTest" name="smoke_ValidateLoginTest" time="0.001">
    <skipped/>
  </testcase> <!-- smoke_ValidateLoginTest -->
  <system-out/>
  <testcase classname="testcases.E2Etestcasesuite.travelersquotes.Smoke_ValidateLoginTest" name="smoke_ValidateLoginTest" time="0.000">
    <skipped/>
  </testcase> <!-- smoke_ValidateLoginTest -->
  <system-out/>
  <testcase classname="testcases.E2Etestcasesuite.travelersquotes.Smoke_ValidateLoginTest" name="smoke_ValidateLoginTest" time="0.000">
    <skipped/>
  </testcase> <!-- smoke_ValidateLoginTest -->
  <system-out/>
  <testcase classname="testcases.E2Etestcasesuite.travelersquotes.Smoke_ValidateLoginTest" name="smoke_ValidateLoginTest" time="0.000">
    <skipped/>
  </testcase> <!-- smoke_ValidateLoginTest -->
  <system-out/>
  <testcase classname="testcases.E2Etestcasesuite.travelersquotes.Smoke_ValidateLoginTest" name="smoke_ValidateLoginTest" time="0.000">
    <skipped/>
  </testcase> <!-- smoke_ValidateLoginTest -->
  <system-out/>
  <testcase classname="testcases.E2Etestcasesuite.travelersquotes.Smoke_ValidateLoginTest" name="smoke_ValidateLoginTest" time="0.000">
    <skipped/>
  </testcase> <!-- smoke_ValidateLoginTest -->
  <system-out/>
  <testcase classname="testcases.E2Etestcasesuite.travelersquotes.Smoke_ValidateLoginTest" name="smoke_ValidateLoginTest" time="0.001">
    <skipped/>
  </testcase> <!-- smoke_ValidateLoginTest -->
  <system-out/>
  <testcase classname="testcases.E2Etestcasesuite.travelersquotes.Smoke_ValidateLoginTest" name="smoke_ValidateLoginTest" time="0.000">
    <skipped/>
  </testcase> <!-- smoke_ValidateLoginTest -->
  <system-out/>
  <testcase classname="testcases.E2Etestcasesuite.travelersquotes.Smoke_ValidateLoginTest" name="smoke_ValidateLoginTest" time="0.000">
    <skipped/>
  </testcase> <!-- smoke_ValidateLoginTest -->
  <system-out/>
  <testcase classname="testcases.E2Etestcasesuite.travelersquotes.Smoke_ValidateLoginTest" name="smoke_ValidateLoginTest" time="0.000">
    <skipped/>
  </testcase> <!-- smoke_ValidateLoginTest -->
  <system-out/>
  <testcase classname="testcases.E2Etestcasesuite.travelersquotes.Smoke_ValidateLoginTest" name="smoke_ValidateLoginTest" time="0.000">
    <skipped/>
  </testcase> <!-- smoke_ValidateLoginTest -->
  <system-out/>
  <testcase classname="testcases.E2Etestcasesuite.travelersquotes.Smoke_ValidateLoginTest" name="smoke_ValidateLoginTest" time="0.001">
    <skipped/>
  </testcase> <!-- smoke_ValidateLoginTest -->
  <system-out/>
  <testcase classname="testcases.E2Etestcasesuite.travelersquotes.Smoke_ValidateLoginTest" name="smoke_ValidateLoginTest" time="0.000">
    <skipped/>
  </testcase> <!-- smoke_ValidateLoginTest -->
  <system-out/>
  <testcase classname="testcases.E2Etestcasesuite.travelersquotes.Smoke_ValidateLoginTest" name="smoke_ValidateLoginTest" time="0.000">
    <skipped/>
  </testcase> <!-- smoke_ValidateLoginTest -->
  <system-out/>
  <testcase classname="testcases.E2Etestcasesuite.travelersquotes.Smoke_ValidateLoginTest" name="smoke_ValidateLoginTest" time="0.001">
    <skipped/>
  </testcase> <!-- smoke_ValidateLoginTest -->
  <system-out/>
  <testcase classname="testcases.E2Etestcasesuite.travelersquotes.Smoke_ValidateLoginTest" name="smoke_ValidateLoginTest" time="0.000">
    <skipped/>
  </testcase> <!-- smoke_ValidateLoginTest -->
  <system-out/>
  <testcase classname="testcases.E2Etestcasesuite.travelersquotes.Smoke_ValidateLoginTest" name="smoke_ValidateLoginTest" time="0.001">
    <skipped/>
  </testcase> <!-- smoke_ValidateLoginTest -->
  <system-out/>
  <testcase classname="testcases.E2Etestcasesuite.travelersquotes.Smoke_ValidateLoginTest" name="smoke_ValidateLoginTest" time="0.001">
    <skipped/>
  </testcase> <!-- smoke_ValidateLoginTest -->
  <system-out/>
  <testcase classname="testcases.E2Etestcasesuite.travelersquotes.Smoke_ValidateLoginTest" name="smoke_ValidateLoginTest" time="0.000">
    <skipped/>
  </testcase> <!-- smoke_ValidateLoginTest -->
  <system-out/>
  <testcase classname="testcases.E2Etestcasesuite.travelersquotes.Smoke_ValidateLoginTest" name="smoke_ValidateLoginTest" time="0.000">
    <skipped/>
  </testcase> <!-- smoke_ValidateLoginTest -->
  <system-out/>
  <testcase classname="testcases.E2Etestcasesuite.travelersquotes.Smoke_ValidateLoginTest" name="smoke_ValidateLoginTest" time="0.000">
    <skipped/>
  </testcase> <!-- smoke_ValidateLoginTest -->
  <system-out/>
  <testcase classname="testcases.E2Etestcasesuite.travelersquotes.Smoke_ValidateLoginTest" name="smoke_ValidateLoginTest" time="0.000">
    <skipped/>
  </testcase> <!-- smoke_ValidateLoginTest -->
  <system-out/>
  <testcase classname="testcases.E2Etestcasesuite.travelersquotes.Smoke_ValidateLoginTest" name="smoke_ValidateLoginTest" time="0.000">
    <skipped/>
  </testcase> <!-- smoke_ValidateLoginTest -->
  <system-out/>
  <testcase classname="testcases.E2Etestcasesuite.travelersquotes.Smoke_ValidateLoginTest" name="smoke_ValidateLoginTest" time="0.000">
    <skipped/>
  </testcase> <!-- smoke_ValidateLoginTest -->
  <system-out/>
  <testcase classname="testcases.E2Etestcasesuite.travelersquotes.Smoke_ValidateLoginTest" name="smoke_ValidateLoginTest" time="0.000">
    <skipped/>
  </testcase> <!-- smoke_ValidateLoginTest -->
  <system-out/>
  <testcase classname="testcases.E2Etestcasesuite.travelersquotes.Smoke_ValidateLoginTest" name="smoke_ValidateLoginTest" time="0.000">
    <skipped/>
  </testcase> <!-- smoke_ValidateLoginTest -->
  <system-out/>
  <testcase classname="testcases.E2Etestcasesuite.travelersquotes.Smoke_ValidateLoginTest" name="smoke_ValidateLoginTest" time="0.000">
    <skipped/>
  </testcase> <!-- smoke_ValidateLoginTest -->
  <system-out/>
  <testcase classname="testcases.E2Etestcasesuite.travelersquotes.Smoke_ValidateLoginTest" name="smoke_ValidateLoginTest" time="0.000">
    <skipped/>
  </testcase> <!-- smoke_ValidateLoginTest -->
  <system-out/>
  <testcase classname="testcases.E2Etestcasesuite.travelersquotes.Smoke_ValidateLoginTest" name="smoke_ValidateLoginTest" time="0.000">
    <skipped/>
  </testcase> <!-- smoke_ValidateLoginTest -->
  <system-out/>
  <testcase classname="testcases.E2Etestcasesuite.travelersquotes.Smoke_ValidateLoginTest" name="smoke_ValidateLoginTest" time="0.001">
    <skipped/>
  </testcase> <!-- smoke_ValidateLoginTest -->
  <system-out/>
  <testcase classname="testcases.E2Etestcasesuite.travelersquotes.Smoke_ValidateLoginTest" name="smoke_ValidateLoginTest" time="0.001">
    <skipped/>
  </testcase> <!-- smoke_ValidateLoginTest -->
  <system-out/>
  <testcase classname="testcases.E2Etestcasesuite.travelersquotes.Smoke_ValidateLoginTest" name="smoke_ValidateLoginTest" time="0.001">
    <skipped/>
  </testcase> <!-- smoke_ValidateLoginTest -->
  <system-out/>
  <testcase classname="testcases.E2Etestcasesuite.travelersquotes.Smoke_ValidateLoginTest" name="smoke_ValidateLoginTest" time="0.001">
    <skipped/>
  </testcase> <!-- smoke_ValidateLoginTest -->
  <system-out/>
  <testcase classname="testcases.E2Etestcasesuite.travelersquotes.Smoke_ValidateLoginTest" name="smoke_ValidateLoginTest" time="0.000">
    <skipped/>
  </testcase> <!-- smoke_ValidateLoginTest -->
  <system-out/>
  <testcase classname="testcases.E2Etestcasesuite.travelersquotes.Smoke_ValidateLoginTest" name="smoke_ValidateLoginTest" time="0.000">
    <skipped/>
  </testcase> <!-- smoke_ValidateLoginTest -->
  <system-out/>
  <testcase classname="testcases.E2Etestcasesuite.travelersquotes.Smoke_ValidateLoginTest" name="smoke_ValidateLoginTest" time="0.000">
    <skipped/>
  </testcase> <!-- smoke_ValidateLoginTest -->
  <system-out/>
  <testcase classname="testcases.E2Etestcasesuite.travelersquotes.Smoke_ValidateLoginTest" name="smoke_ValidateLoginTest" time="0.000">
    <skipped/>
  </testcase> <!-- smoke_ValidateLoginTest -->
  <system-out/>
  <testcase classname="testcases.E2Etestcasesuite.travelersquotes.Smoke_ValidateLoginTest" name="smoke_ValidateLoginTest" time="0.000">
    <skipped/>
  </testcase> <!-- smoke_ValidateLoginTest -->
  <system-out/>
  <testcase classname="testcases.E2Etestcasesuite.travelersquotes.Smoke_ValidateLoginTest" name="smoke_ValidateLoginTest" time="0.000">
    <skipped/>
  </testcase> <!-- smoke_ValidateLoginTest -->
  <system-out/>
  <testcase classname="testcases.E2Etestcasesuite.travelersquotes.Smoke_ValidateLoginTest" name="smoke_ValidateLoginTest" time="0.001">
    <skipped/>
  </testcase> <!-- smoke_ValidateLoginTest -->
  <system-out/>
  <testcase classname="testcases.E2Etestcasesuite.travelersquotes.Smoke_ValidateLoginTest" name="smoke_ValidateLoginTest" time="0.000">
    <skipped/>
  </testcase> <!-- smoke_ValidateLoginTest -->
  <system-out/>
  <testcase classname="testcases.E2Etestcasesuite.travelersquotes.Smoke_ValidateLoginTest" name="smoke_ValidateLoginTest" time="0.000">
    <skipped/>
  </testcase> <!-- smoke_ValidateLoginTest -->
  <system-out/>
  <testcase classname="testcases.E2Etestcasesuite.travelersquotes.Smoke_ValidateLoginTest" name="smoke_ValidateLoginTest" time="0.000">
    <skipped/>
  </testcase> <!-- smoke_ValidateLoginTest -->
  <system-out/>
  <testcase classname="testcases.E2Etestcasesuite.travelersquotes.Smoke_ValidateLoginTest" name="smoke_ValidateLoginTest" time="0.001">
    <skipped/>
  </testcase> <!-- smoke_ValidateLoginTest -->
  <system-out/>
  <testcase classname="testcases.E2Etestcasesuite.travelersquotes.Smoke_ValidateLoginTest" name="smoke_ValidateLoginTest" time="0.000">
    <skipped/>
  </testcase> <!-- smoke_ValidateLoginTest -->
  <system-out/>
  <testcase classname="testcases.E2Etestcasesuite.travelersquotes.Smoke_ValidateLoginTest" name="smoke_ValidateLoginTest" time="0.001">
    <skipped/>
  </testcase> <!-- smoke_ValidateLoginTest -->
  <system-out/>
  <testcase classname="testcases.E2Etestcasesuite.travelersquotes.Smoke_ValidateLoginTest" name="smoke_ValidateLoginTest" time="0.000">
    <skipped/>
  </testcase> <!-- smoke_ValidateLoginTest -->
  <system-out/>
  <testcase classname="testcases.E2Etestcasesuite.travelersquotes.Smoke_ValidateLoginTest" name="smoke_ValidateLoginTest" time="0.001">
    <skipped/>
  </testcase> <!-- smoke_ValidateLoginTest -->
  <system-out/>
  <testcase classname="testcases.E2Etestcasesuite.travelersquotes.Smoke_ValidateLoginTest" name="smoke_ValidateLoginTest" time="0.000">
    <skipped/>
  </testcase> <!-- smoke_ValidateLoginTest -->
  <system-out/>
  <testcase classname="testcases.E2Etestcasesuite.travelersquotes.Smoke_ValidateLoginTest" name="smoke_ValidateLoginTest" time="0.000">
    <skipped/>
  </testcase> <!-- smoke_ValidateLoginTest -->
  <system-out/>
  <testcase classname="testcases.E2Etestcasesuite.travelersquotes.Smoke_ValidateLoginTest" name="smoke_ValidateLoginTest" time="0.000">
    <skipped/>
  </testcase> <!-- smoke_ValidateLoginTest -->
  <system-out/>
  <testcase classname="testcases.E2Etestcasesuite.travelersquotes.Smoke_ValidateLoginTest" name="smoke_ValidateLoginTest" time="0.000">
    <skipped/>
  </testcase> <!-- smoke_ValidateLoginTest -->
  <system-out/>
  <testcase classname="testcases.E2Etestcasesuite.travelersquotes.Smoke_ValidateLoginTest" name="smoke_ValidateLoginTest" time="0.001">
    <skipped/>
  </testcase> <!-- smoke_ValidateLoginTest -->
  <system-out/>
  <testcase classname="testcases.E2Etestcasesuite.travelersquotes.Smoke_ValidateLoginTest" name="smoke_ValidateLoginTest" time="0.001">
    <skipped/>
  </testcase> <!-- smoke_ValidateLoginTest -->
  <system-out/>
  <testcase classname="testcases.E2Etestcasesuite.travelersquotes.Smoke_ValidateLoginTest" name="smoke_ValidateLoginTest" time="0.000">
    <skipped/>
  </testcase> <!-- smoke_ValidateLoginTest -->
  <system-out/>
  <testcase classname="testcases.E2Etestcasesuite.travelersquotes.Smoke_ValidateLoginTest" name="smoke_ValidateLoginTest" time="0.000">
    <skipped/>
  </testcase> <!-- smoke_ValidateLoginTest -->
  <system-out/>
  <testcase classname="testcases.E2Etestcasesuite.travelersquotes.Smoke_ValidateLoginTest" name="smoke_ValidateLoginTest" time="0.001">
    <skipped/>
  </testcase> <!-- smoke_ValidateLoginTest -->
  <system-out/>
  <testcase classname="testcases.E2Etestcasesuite.travelersquotes.Smoke_ValidateLoginTest" name="smoke_ValidateLoginTest" time="0.001">
    <skipped/>
  </testcase> <!-- smoke_ValidateLoginTest -->
  <system-out/>
  <testcase classname="testcases.E2Etestcasesuite.travelersquotes.Smoke_ValidateLoginTest" name="smoke_ValidateLoginTest" time="0.000">
    <skipped/>
  </testcase> <!-- smoke_ValidateLoginTest -->
  <system-out/>
  <testcase classname="testcases.E2Etestcasesuite.travelersquotes.Smoke_ValidateLoginTest" name="smoke_ValidateLoginTest" time="0.001">
    <skipped/>
  </testcase> <!-- smoke_ValidateLoginTest -->
  <system-out/>
  <testcase classname="testcases.E2Etestcasesuite.travelersquotes.Smoke_ValidateLoginTest" name="smoke_ValidateLoginTest" time="0.000">
    <skipped/>
  </testcase> <!-- smoke_ValidateLoginTest -->
  <system-out/>
  <testcase classname="testcases.E2Etestcasesuite.travelersquotes.Smoke_ValidateLoginTest" name="smoke_ValidateLoginTest" time="0.001">
    <skipped/>
  </testcase> <!-- smoke_ValidateLoginTest -->
  <system-out/>
  <testcase classname="testcases.E2Etestcasesuite.travelersquotes.Smoke_ValidateLoginTest" name="smoke_ValidateLoginTest" time="0.000">
    <skipped/>
  </testcase> <!-- smoke_ValidateLoginTest -->
  <system-out/>
  <testcase classname="testcases.E2Etestcasesuite.travelersquotes.Smoke_ValidateLoginTest" name="smoke_ValidateLoginTest" time="0.000">
    <skipped/>
  </testcase> <!-- smoke_ValidateLoginTest -->
  <system-out/>
  <testcase classname="testcases.E2Etestcasesuite.travelersquotes.Smoke_ValidateLoginTest" name="smoke_ValidateLoginTest" time="0.000">
    <skipped/>
  </testcase> <!-- smoke_ValidateLoginTest -->
  <system-out/>
  <testcase classname="testcases.E2Etestcasesuite.travelersquotes.Smoke_ValidateLoginTest" name="smoke_ValidateLoginTest" time="0.000">
    <skipped/>
  </testcase> <!-- smoke_ValidateLoginTest -->
  <system-out/>
  <testcase classname="testcases.E2Etestcasesuite.travelersquotes.Smoke_ValidateLoginTest" name="smoke_ValidateLoginTest" time="0.001">
    <skipped/>
  </testcase> <!-- smoke_ValidateLoginTest -->
  <system-out/>
  <testcase classname="testcases.E2Etestcasesuite.travelersquotes.Smoke_ValidateLoginTest" name="smoke_ValidateLoginTest" time="0.000">
    <skipped/>
  </testcase> <!-- smoke_ValidateLoginTest -->
  <system-out/>
  <testcase classname="testcases.E2Etestcasesuite.travelersquotes.Smoke_ValidateLoginTest" name="smoke_ValidateLoginTest" time="0.000">
    <skipped/>
  </testcase> <!-- smoke_ValidateLoginTest -->
  <system-out/>
  <testcase classname="testcases.E2Etestcasesuite.travelersquotes.Smoke_ValidateLoginTest" name="smoke_ValidateLoginTest" time="0.000">
    <skipped/>
  </testcase> <!-- smoke_ValidateLoginTest -->
  <system-out/>
  <testcase classname="testcases.E2Etestcasesuite.travelersquotes.Smoke_ValidateLoginTest" name="smoke_ValidateLoginTest" time="0.000">
    <skipped/>
  </testcase> <!-- smoke_ValidateLoginTest -->
  <system-out/>
  <testcase classname="testcases.E2Etestcasesuite.travelersquotes.Smoke_ValidateLoginTest" name="smoke_ValidateLoginTest" time="0.001">
    <skipped/>
  </testcase> <!-- smoke_ValidateLoginTest -->
  <system-out/>
  <testcase classname="testcases.E2Etestcasesuite.travelersquotes.Smoke_ValidateLoginTest" name="smoke_ValidateLoginTest" time="0.000">
    <skipped/>
  </testcase> <!-- smoke_ValidateLoginTest -->
  <system-out/>
  <testcase classname="testcases.E2Etestcasesuite.travelersquotes.Smoke_ValidateLoginTest" name="smoke_ValidateLoginTest" time="0.000">
    <skipped/>
  </testcase> <!-- smoke_ValidateLoginTest -->
  <system-out/>
  <testcase classname="testcases.E2Etestcasesuite.travelersquotes.Smoke_ValidateLoginTest" name="smoke_ValidateLoginTest" time="0.000">
    <skipped/>
  </testcase> <!-- smoke_ValidateLoginTest -->
  <system-out/>
  <testcase classname="testcases.E2Etestcasesuite.travelersquotes.Smoke_ValidateLoginTest" name="smoke_ValidateLoginTest" time="0.000">
    <skipped/>
  </testcase> <!-- smoke_ValidateLoginTest -->
  <system-out/>
  <testcase classname="testcases.E2Etestcasesuite.travelersquotes.Smoke_ValidateLoginTest" name="smoke_ValidateLoginTest" time="0.000">
    <skipped/>
  </testcase> <!-- smoke_ValidateLoginTest -->
  <system-out/>
  <testcase classname="testcases.E2Etestcasesuite.travelersquotes.Smoke_ValidateLoginTest" name="smoke_ValidateLoginTest" time="0.000">
    <skipped/>
  </testcase> <!-- smoke_ValidateLoginTest -->
  <system-out/>
  <testcase classname="testcases.E2Etestcasesuite.travelersquotes.Smoke_ValidateLoginTest" name="smoke_ValidateLoginTest" time="0.001">
    <skipped/>
  </testcase> <!-- smoke_ValidateLoginTest -->
  <system-out/>
  <testcase classname="testcases.E2Etestcasesuite.travelersquotes.Smoke_ValidateLoginTest" name="smoke_ValidateLoginTest" time="0.000">
    <skipped/>
  </testcase> <!-- smoke_ValidateLoginTest -->
  <system-out/>
  <testcase classname="testcases.E2Etestcasesuite.travelersquotes.Smoke_ValidateLoginTest" name="smoke_ValidateLoginTest" time="0.001">
    <skipped/>
  </testcase> <!-- smoke_ValidateLoginTest -->
  <system-out/>
  <testcase classname="testcases.E2Etestcasesuite.travelersquotes.Smoke_ValidateLoginTest" name="smoke_ValidateLoginTest" time="0.000">
    <skipped/>
  </testcase> <!-- smoke_ValidateLoginTest -->
  <system-out/>
  <testcase classname="testcases.E2Etestcasesuite.travelersquotes.Smoke_ValidateLoginTest" name="smoke_ValidateLoginTest" time="0.000">
    <skipped/>
  </testcase> <!-- smoke_ValidateLoginTest -->
  <system-out/>
  <testcase classname="testcases.E2Etestcasesuite.travelersquotes.Smoke_ValidateLoginTest" name="smoke_ValidateLoginTest" time="0.000">
    <skipped/>
  </testcase> <!-- smoke_ValidateLoginTest -->
  <system-out/>
  <testcase classname="testcases.E2Etestcasesuite.travelersquotes.Smoke_ValidateLoginTest" name="smoke_ValidateLoginTest" time="0.000">
    <skipped/>
  </testcase> <!-- smoke_ValidateLoginTest -->
  <system-out/>
  <testcase classname="testcases.E2Etestcasesuite.travelersquotes.Smoke_ValidateLoginTest" name="smoke_ValidateLoginTest" time="0.000">
    <skipped/>
  </testcase> <!-- smoke_ValidateLoginTest -->
  <system-out/>
  <testcase classname="testcases.E2Etestcasesuite.travelersquotes.Smoke_ValidateLoginTest" name="smoke_ValidateLoginTest" time="0.000">
    <skipped/>
  </testcase> <!-- smoke_ValidateLoginTest -->
  <system-out/>
  <testcase classname="testcases.E2Etestcasesuite.travelersquotes.Smoke_ValidateLoginTest" name="smoke_ValidateLoginTest" time="0.000">
    <skipped/>
  </testcase> <!-- smoke_ValidateLoginTest -->
  <system-out/>
  <testcase classname="testcases.E2Etestcasesuite.travelersquotes.Smoke_ValidateLoginTest" name="smoke_ValidateLoginTest" time="0.001">
    <skipped/>
  </testcase> <!-- smoke_ValidateLoginTest -->
  <system-out/>
  <testcase classname="testcases.E2Etestcasesuite.travelersquotes.Smoke_ValidateLoginTest" name="smoke_ValidateLoginTest" time="0.000">
    <skipped/>
  </testcase> <!-- smoke_ValidateLoginTest -->
  <system-out/>
  <testcase classname="testcases.E2Etestcasesuite.travelersquotes.Smoke_ValidateLoginTest" name="smoke_ValidateLoginTest" time="0.001">
    <skipped/>
  </testcase> <!-- smoke_ValidateLoginTest -->
  <system-out/>
  <testcase classname="testcases.E2Etestcasesuite.travelersquotes.Smoke_ValidateLoginTest" name="smoke_ValidateLoginTest" time="0.000">
    <skipped/>
  </testcase> <!-- smoke_ValidateLoginTest -->
  <system-out/>
  <testcase classname="testcases.E2Etestcasesuite.travelersquotes.Smoke_ValidateLoginTest" name="smoke_ValidateLoginTest" time="0.001">
    <skipped/>
  </testcase> <!-- smoke_ValidateLoginTest -->
  <system-out/>
  <testcase classname="testcases.E2Etestcasesuite.travelersquotes.Smoke_ValidateLoginTest" name="smoke_ValidateLoginTest" time="0.000">
    <skipped/>
  </testcase> <!-- smoke_ValidateLoginTest -->
  <system-out/>
  <testcase classname="testcases.E2Etestcasesuite.travelersquotes.Smoke_ValidateLoginTest" name="smoke_ValidateLoginTest" time="0.000">
    <skipped/>
  </testcase> <!-- smoke_ValidateLoginTest -->
  <system-out/>
  <testcase classname="testcases.E2Etestcasesuite.travelersquotes.Smoke_ValidateLoginTest" name="smoke_ValidateLoginTest" time="0.000">
    <skipped/>
  </testcase> <!-- smoke_ValidateLoginTest -->
  <system-out/>
  <testcase classname="testcases.E2Etestcasesuite.travelersquotes.Smoke_ValidateLoginTest" name="smoke_ValidateLoginTest" time="0.000">
    <skipped/>
  </testcase> <!-- smoke_ValidateLoginTest -->
  <system-out/>
  <testcase classname="testcases.E2Etestcasesuite.travelersquotes.Smoke_ValidateLoginTest" name="smoke_ValidateLoginTest" time="0.001">
    <skipped/>
  </testcase> <!-- smoke_ValidateLoginTest -->
  <system-out/>
  <testcase classname="testcases.E2Etestcasesuite.travelersquotes.Smoke_ValidateLoginTest" name="smoke_ValidateLoginTest" time="0.000">
    <skipped/>
  </testcase> <!-- smoke_ValidateLoginTest -->
  <system-out/>
  <testcase classname="testcases.E2Etestcasesuite.travelersquotes.Smoke_ValidateLoginTest" name="smoke_ValidateLoginTest" time="0.001">
    <skipped/>
  </testcase> <!-- smoke_ValidateLoginTest -->
  <system-out/>
  <testcase classname="testcases.E2Etestcasesuite.travelersquotes.Smoke_ValidateLoginTest" name="smoke_ValidateLoginTest" time="0.001">
    <skipped/>
  </testcase> <!-- smoke_ValidateLoginTest -->
  <system-out/>
  <testcase classname="testcases.E2Etestcasesuite.travelersquotes.Smoke_ValidateLoginTest" name="smoke_ValidateLoginTest" time="0.001">
    <skipped/>
  </testcase> <!-- smoke_ValidateLoginTest -->
  <system-out/>
  <testcase classname="testcases.E2Etestcasesuite.travelersquotes.Smoke_ValidateLoginTest" name="smoke_ValidateLoginTest" time="0.000">
    <skipped/>
  </testcase> <!-- smoke_ValidateLoginTest -->
  <system-out/>
  <testcase classname="testcases.E2Etestcasesuite.travelersquotes.Smoke_ValidateLoginTest" name="smoke_ValidateLoginTest" time="0.001">
    <skipped/>
  </testcase> <!-- smoke_ValidateLoginTest -->
  <system-out/>
  <testcase classname="testcases.E2Etestcasesuite.travelersquotes.Smoke_ValidateLoginTest" name="smoke_ValidateLoginTest" time="0.000">
    <skipped/>
  </testcase> <!-- smoke_ValidateLoginTest -->
  <system-out/>
  <testcase classname="testcases.E2Etestcasesuite.travelersquotes.Smoke_ValidateLoginTest" name="smoke_ValidateLoginTest" time="0.000">
    <skipped/>
  </testcase> <!-- smoke_ValidateLoginTest -->
  <system-out/>
  <testcase classname="testcases.E2Etestcasesuite.travelersquotes.Smoke_ValidateLoginTest" name="smoke_ValidateLoginTest" time="0.000">
    <skipped/>
  </testcase> <!-- smoke_ValidateLoginTest -->
  <system-out/>
  <testcase classname="testcases.E2Etestcasesuite.travelersquotes.Smoke_ValidateLoginTest" name="smoke_ValidateLoginTest" time="0.001">
    <skipped/>
  </testcase> <!-- smoke_ValidateLoginTest -->
  <system-out/>
  <testcase classname="testcases.E2Etestcasesuite.travelersquotes.Smoke_ValidateLoginTest" name="smoke_ValidateLoginTest" time="0.000">
    <skipped/>
  </testcase> <!-- smoke_ValidateLoginTest -->
  <system-out/>
  <testcase classname="testcases.E2Etestcasesuite.travelersquotes.Smoke_ValidateLoginTest" name="smoke_ValidateLoginTest" time="0.000">
    <skipped/>
  </testcase> <!-- smoke_ValidateLoginTest -->
  <system-out/>
  <testcase classname="testcases.E2Etestcasesuite.travelersquotes.Smoke_ValidateLoginTest" name="smoke_ValidateLoginTest" time="0.000">
    <skipped/>
  </testcase> <!-- smoke_ValidateLoginTest -->
  <system-out/>
  <testcase classname="testcases.E2Etestcasesuite.travelersquotes.Smoke_ValidateLoginTest" name="smoke_ValidateLoginTest" time="0.001">
    <skipped/>
  </testcase> <!-- smoke_ValidateLoginTest -->
  <system-out/>
  <testcase classname="testcases.E2Etestcasesuite.travelersquotes.Smoke_ValidateLoginTest" name="smoke_ValidateLoginTest" time="0.000">
    <skipped/>
  </testcase> <!-- smoke_ValidateLoginTest -->
  <system-out/>
  <testcase classname="testcases.E2Etestcasesuite.travelersquotes.Smoke_ValidateLoginTest" name="smoke_ValidateLoginTest" time="0.000">
    <skipped/>
  </testcase> <!-- smoke_ValidateLoginTest -->
  <system-out/>
  <testcase classname="testcases.E2Etestcasesuite.travelersquotes.Smoke_ValidateLoginTest" name="smoke_ValidateLoginTest" time="0.000">
    <skipped/>
  </testcase> <!-- smoke_ValidateLoginTest -->
  <system-out/>
  <testcase classname="testcases.E2Etestcasesuite.travelersquotes.Smoke_ValidateLoginTest" name="smoke_ValidateLoginTest" time="0.000">
    <skipped/>
  </testcase> <!-- smoke_ValidateLoginTest -->
  <system-out/>
  <testcase classname="testcases.E2Etestcasesuite.travelersquotes.Smoke_ValidateLoginTest" name="smoke_ValidateLoginTest" time="0.001">
    <skipped/>
  </testcase> <!-- smoke_ValidateLoginTest -->
  <system-out/>
  <testcase classname="testcases.E2Etestcasesuite.travelersquotes.Smoke_ValidateLoginTest" name="smoke_ValidateLoginTest" time="0.001">
    <skipped/>
  </testcase> <!-- smoke_ValidateLoginTest -->
  <system-out/>
  <testcase classname="testcases.E2Etestcasesuite.travelersquotes.Smoke_ValidateLoginTest" name="smoke_ValidateLoginTest" time="0.000">
    <skipped/>
  </testcase> <!-- smoke_ValidateLoginTest -->
  <system-out/>
  <testcase classname="testcases.E2Etestcasesuite.travelersquotes.Smoke_ValidateLoginTest" name="smoke_ValidateLoginTest" time="0.001">
    <skipped/>
  </testcase> <!-- smoke_ValidateLoginTest -->
  <system-out/>
  <testcase classname="testcases.E2Etestcasesuite.travelersquotes.Smoke_ValidateLoginTest" name="smoke_ValidateLoginTest" time="0.000">
    <skipped/>
  </testcase> <!-- smoke_ValidateLoginTest -->
  <system-out/>
  <testcase classname="testcases.E2Etestcasesuite.travelersquotes.Smoke_ValidateLoginTest" name="smoke_ValidateLoginTest" time="0.001">
    <skipped/>
  </testcase> <!-- smoke_ValidateLoginTest -->
  <system-out/>
  <testcase classname="testcases.E2Etestcasesuite.travelersquotes.Smoke_ValidateLoginTest" name="smoke_ValidateLoginTest" time="0.000">
    <skipped/>
  </testcase> <!-- smoke_ValidateLoginTest -->
  <system-out/>
  <testcase classname="testcases.E2Etestcasesuite.travelersquotes.Smoke_ValidateLoginTest" name="smoke_ValidateLoginTest" time="0.000">
    <skipped/>
  </testcase> <!-- smoke_ValidateLoginTest -->
  <system-out/>
  <testcase classname="testcases.E2Etestcasesuite.travelersquotes.Smoke_ValidateLoginTest" name="smoke_ValidateLoginTest" time="0.000">
    <skipped/>
  </testcase> <!-- smoke_ValidateLoginTest -->
  <system-out/>
  <testcase classname="testcases.E2Etestcasesuite.travelersquotes.Smoke_ValidateLoginTest" name="smoke_ValidateLoginTest" time="0.000">
    <skipped/>
  </testcase> <!-- smoke_ValidateLoginTest -->
  <system-out/>
  <testcase classname="testcases.E2Etestcasesuite.travelersquotes.Smoke_ValidateLoginTest" name="smoke_ValidateLoginTest" time="0.001">
    <skipped/>
  </testcase> <!-- smoke_ValidateLoginTest -->
  <system-out/>
  <testcase classname="testcases.E2Etestcasesuite.travelersquotes.Smoke_ValidateLoginTest" name="smoke_ValidateLoginTest" time="0.000">
    <skipped/>
  </testcase> <!-- smoke_ValidateLoginTest -->
  <system-out/>
  <testcase classname="testcases.E2Etestcasesuite.travelersquotes.Smoke_ValidateLoginTest" name="smoke_ValidateLoginTest" time="0.000">
    <skipped/>
  </testcase> <!-- smoke_ValidateLoginTest -->
  <system-out/>
  <testcase classname="testcases.E2Etestcasesuite.travelersquotes.Smoke_ValidateLoginTest" name="smoke_ValidateLoginTest" time="0.000">
    <skipped/>
  </testcase> <!-- smoke_ValidateLoginTest -->
  <system-out/>
  <testcase classname="testcases.E2Etestcasesuite.travelersquotes.Smoke_ValidateLoginTest" name="smoke_ValidateLoginTest" time="0.000">
    <skipped/>
  </testcase> <!-- smoke_ValidateLoginTest -->
  <system-out/>
  <testcase classname="testcases.E2Etestcasesuite.travelersquotes.Smoke_ValidateLoginTest" name="smoke_ValidateLoginTest" time="0.000">
    <skipped/>
  </testcase> <!-- smoke_ValidateLoginTest -->
  <system-out/>
  <testcase classname="testcases.E2Etestcasesuite.travelersquotes.Smoke_ValidateLoginTest" name="smoke_ValidateLoginTest" time="0.000">
    <skipped/>
  </testcase> <!-- smoke_ValidateLoginTest -->
  <system-out/>
  <testcase classname="testcases.E2Etestcasesuite.travelersquotes.Smoke_ValidateLoginTest" name="smoke_ValidateLoginTest" time="0.000">
    <skipped/>
  </testcase> <!-- smoke_ValidateLoginTest -->
  <system-out/>
  <testcase classname="testcases.E2Etestcasesuite.travelersquotes.Smoke_ValidateLoginTest" name="smoke_ValidateLoginTest" time="0.000">
    <skipped/>
  </testcase> <!-- smoke_ValidateLoginTest -->
  <system-out/>
  <testcase classname="testcases.E2Etestcasesuite.travelersquotes.Smoke_ValidateLoginTest" name="smoke_ValidateLoginTest" time="0.001">
    <skipped/>
  </testcase> <!-- smoke_ValidateLoginTest -->
  <system-out/>
  <testcase classname="testcases.E2Etestcasesuite.travelersquotes.Smoke_ValidateLoginTest" name="smoke_ValidateLoginTest" time="0.000">
    <skipped/>
  </testcase> <!-- smoke_ValidateLoginTest -->
  <system-out/>
  <testcase classname="testcases.E2Etestcasesuite.travelersquotes.Smoke_ValidateLoginTest" name="smoke_ValidateLoginTest" time="0.000">
    <skipped/>
  </testcase> <!-- smoke_ValidateLoginTest -->
  <system-out/>
  <testcase classname="testcases.E2Etestcasesuite.travelersquotes.Smoke_ValidateLoginTest" name="smoke_ValidateLoginTest" time="0.000">
    <skipped/>
  </testcase> <!-- smoke_ValidateLoginTest -->
  <system-out/>
  <testcase classname="testcases.E2Etestcasesuite.travelersquotes.Smoke_ValidateLoginTest" name="smoke_ValidateLoginTest" time="0.001">
    <skipped/>
  </testcase> <!-- smoke_ValidateLoginTest -->
  <system-out/>
  <testcase classname="testcases.E2Etestcasesuite.travelersquotes.Smoke_ValidateLoginTest" name="smoke_ValidateLoginTest" time="0.001">
    <skipped/>
  </testcase> <!-- smoke_ValidateLoginTest -->
  <system-out/>
  <testcase classname="testcases.E2Etestcasesuite.travelersquotes.Smoke_ValidateLoginTest" name="smoke_ValidateLoginTest" time="0.001">
    <skipped/>
  </testcase> <!-- smoke_ValidateLoginTest -->
  <system-out/>
  <testcase classname="testcases.E2Etestcasesuite.travelersquotes.Smoke_ValidateLoginTest" name="smoke_ValidateLoginTest" time="0.000">
    <skipped/>
  </testcase> <!-- smoke_ValidateLoginTest -->
  <system-out/>
  <testcase classname="testcases.E2Etestcasesuite.travelersquotes.Smoke_ValidateLoginTest" name="smoke_ValidateLoginTest" time="0.000">
    <skipped/>
  </testcase> <!-- smoke_ValidateLoginTest -->
  <system-out/>
  <testcase classname="testcases.E2Etestcasesuite.travelersquotes.Smoke_ValidateLoginTest" name="smoke_ValidateLoginTest" time="0.000">
    <skipped/>
  </testcase> <!-- smoke_ValidateLoginTest -->
  <system-out/>
  <testcase classname="testcases.E2Etestcasesuite.travelersquotes.Smoke_ValidateLoginTest" name="smoke_ValidateLoginTest" time="0.000">
    <skipped/>
  </testcase> <!-- smoke_ValidateLoginTest -->
  <system-out/>
  <testcase classname="testcases.E2Etestcasesuite.travelersquotes.Smoke_ValidateLoginTest" name="smoke_ValidateLoginTest" time="0.000">
    <skipped/>
  </testcase> <!-- smoke_ValidateLoginTest -->
  <system-out/>
  <testcase classname="testcases.E2Etestcasesuite.travelersquotes.Smoke_ValidateLoginTest" name="smoke_ValidateLoginTest" time="0.000">
    <skipped/>
  </testcase> <!-- smoke_ValidateLoginTest -->
  <system-out/>
  <testcase classname="testcases.E2Etestcasesuite.travelersquotes.Smoke_ValidateLoginTest" name="smoke_ValidateLoginTest" time="0.000">
    <skipped/>
  </testcase> <!-- smoke_ValidateLoginTest -->
  <system-out/>
  <testcase classname="testcases.E2Etestcasesuite.travelersquotes.Smoke_ValidateLoginTest" name="smoke_ValidateLoginTest" time="0.000">
    <skipped/>
  </testcase> <!-- smoke_ValidateLoginTest -->
  <system-out/>
  <testcase classname="testcases.E2Etestcasesuite.travelersquotes.Smoke_ValidateLoginTest" name="smoke_ValidateLoginTest" time="0.001">
    <skipped/>
  </testcase> <!-- smoke_ValidateLoginTest -->
  <system-out/>
  <testcase classname="testcases.E2Etestcasesuite.travelersquotes.Smoke_ValidateLoginTest" name="smoke_ValidateLoginTest" time="0.000">
    <skipped/>
  </testcase> <!-- smoke_ValidateLoginTest -->
  <system-out/>
  <testcase classname="testcases.E2Etestcasesuite.travelersquotes.Smoke_ValidateLoginTest" name="smoke_ValidateLoginTest" time="0.000">
    <skipped/>
  </testcase> <!-- smoke_ValidateLoginTest -->
  <system-out/>
  <testcase classname="testcases.E2Etestcasesuite.travelersquotes.Smoke_ValidateLoginTest" name="smoke_ValidateLoginTest" time="0.000">
    <skipped/>
  </testcase> <!-- smoke_ValidateLoginTest -->
  <system-out/>
  <testcase classname="testcases.E2Etestcasesuite.travelersquotes.Smoke_ValidateLoginTest" name="smoke_ValidateLoginTest" time="0.001">
    <skipped/>
  </testcase> <!-- smoke_ValidateLoginTest -->
  <system-out/>
  <testcase classname="testcases.E2Etestcasesuite.travelersquotes.Smoke_ValidateLoginTest" name="smoke_ValidateLoginTest" time="0.001">
    <skipped/>
  </testcase> <!-- smoke_ValidateLoginTest -->
  <system-out/>
  <testcase classname="testcases.E2Etestcasesuite.travelersquotes.Smoke_ValidateLoginTest" name="smoke_ValidateLoginTest" time="0.001">
    <skipped/>
  </testcase> <!-- smoke_ValidateLoginTest -->
  <system-out/>
  <testcase classname="testcases.E2Etestcasesuite.travelersquotes.Smoke_ValidateLoginTest" name="smoke_ValidateLoginTest" time="0.000">
    <skipped/>
  </testcase> <!-- smoke_ValidateLoginTest -->
  <system-out/>
  <testcase classname="testcases.E2Etestcasesuite.travelersquotes.Smoke_ValidateLoginTest" name="smoke_ValidateLoginTest" time="0.000">
    <skipped/>
  </testcase> <!-- smoke_ValidateLoginTest -->
  <system-out/>
  <testcase classname="testcases.E2Etestcasesuite.travelersquotes.Smoke_ValidateLoginTest" name="smoke_ValidateLoginTest" time="0.000">
    <skipped/>
  </testcase> <!-- smoke_ValidateLoginTest -->
  <system-out/>
  <testcase classname="testcases.E2Etestcasesuite.travelersquotes.Smoke_ValidateLoginTest" name="smoke_ValidateLoginTest" time="0.000">
    <skipped/>
  </testcase> <!-- smoke_ValidateLoginTest -->
  <system-out/>
  <testcase classname="testcases.E2Etestcasesuite.travelersquotes.Smoke_ValidateLoginTest" name="smoke_ValidateLoginTest" time="0.001">
    <skipped/>
  </testcase> <!-- smoke_ValidateLoginTest -->
  <system-out/>
  <testcase classname="testcases.E2Etestcasesuite.travelersquotes.Smoke_ValidateLoginTest" name="smoke_ValidateLoginTest" time="0.000">
    <skipped/>
  </testcase> <!-- smoke_ValidateLoginTest -->
  <system-out/>
  <testcase classname="testcases.E2Etestcasesuite.travelersquotes.Smoke_ValidateLoginTest" name="smoke_ValidateLoginTest" time="0.000">
    <skipped/>
  </testcase> <!-- smoke_ValidateLoginTest -->
  <system-out/>
  <testcase classname="testcases.E2Etestcasesuite.travelersquotes.Smoke_ValidateLoginTest" name="smoke_ValidateLoginTest" time="0.001">
    <skipped/>
  </testcase> <!-- smoke_ValidateLoginTest -->
  <system-out/>
  <testcase classname="testcases.E2Etestcasesuite.travelersquotes.Smoke_ValidateLoginTest" name="smoke_ValidateLoginTest" time="0.001">
    <skipped/>
  </testcase> <!-- smoke_ValidateLoginTest -->
  <system-out/>
  <testcase classname="testcases.E2Etestcasesuite.travelersquotes.Smoke_ValidateLoginTest" name="smoke_ValidateLoginTest" time="0.000">
    <skipped/>
  </testcase> <!-- smoke_ValidateLoginTest -->
  <system-out/>
  <testcase classname="testcases.E2Etestcasesuite.travelersquotes.Smoke_ValidateLoginTest" name="smoke_ValidateLoginTest" time="0.000">
    <skipped/>
  </testcase> <!-- smoke_ValidateLoginTest -->
  <system-out/>
  <testcase classname="testcases.E2Etestcasesuite.travelersquotes.Smoke_ValidateLoginTest" name="smoke_ValidateLoginTest" time="0.001">
    <skipped/>
  </testcase> <!-- smoke_ValidateLoginTest -->
  <system-out/>
  <testcase classname="testcases.E2Etestcasesuite.travelersquotes.Smoke_ValidateLoginTest" name="smoke_ValidateLoginTest" time="0.000">
    <skipped/>
  </testcase> <!-- smoke_ValidateLoginTest -->
  <system-out/>
  <testcase classname="testcases.E2Etestcasesuite.travelersquotes.Smoke_ValidateLoginTest" name="smoke_ValidateLoginTest" time="0.001">
    <skipped/>
  </testcase> <!-- smoke_ValidateLoginTest -->
  <system-out/>
  <testcase classname="testcases.E2Etestcasesuite.travelersquotes.Smoke_ValidateLoginTest" name="smoke_ValidateLoginTest" time="0.000">
    <skipped/>
  </testcase> <!-- smoke_ValidateLoginTest -->
  <system-out/>
  <testcase classname="testcases.E2Etestcasesuite.travelersquotes.Smoke_ValidateLoginTest" name="smoke_ValidateLoginTest" time="0.000">
    <skipped/>
  </testcase> <!-- smoke_ValidateLoginTest -->
  <system-out/>
  <testcase classname="testcases.E2Etestcasesuite.travelersquotes.Smoke_ValidateLoginTest" name="smoke_ValidateLoginTest" time="0.000">
    <skipped/>
  </testcase> <!-- smoke_ValidateLoginTest -->
  <system-out/>
  <testcase classname="testcases.E2Etestcasesuite.travelersquotes.Smoke_ValidateLoginTest" name="smoke_ValidateLoginTest" time="0.001">
    <skipped/>
  </testcase> <!-- smoke_ValidateLoginTest -->
  <system-out/>
  <testcase classname="testcases.E2Etestcasesuite.travelersquotes.Smoke_ValidateLoginTest" name="smoke_ValidateLoginTest" time="0.001">
    <skipped/>
  </testcase> <!-- smoke_ValidateLoginTest -->
  <system-out/>
  <testcase classname="testcases.E2Etestcasesuite.travelersquotes.Smoke_ValidateLoginTest" name="smoke_ValidateLoginTest" time="0.000">
    <skipped/>
  </testcase> <!-- smoke_ValidateLoginTest -->
  <system-out/>
  <testcase classname="testcases.E2Etestcasesuite.travelersquotes.Smoke_ValidateLoginTest" name="smoke_ValidateLoginTest" time="0.000">
    <skipped/>
  </testcase> <!-- smoke_ValidateLoginTest -->
  <system-out/>
  <testcase classname="testcases.E2Etestcasesuite.travelersquotes.Smoke_ValidateLoginTest" name="smoke_ValidateLoginTest" time="0.001">
    <skipped/>
  </testcase> <!-- smoke_ValidateLoginTest -->
  <system-out/>
  <testcase classname="testcases.E2Etestcasesuite.travelersquotes.Smoke_ValidateLoginTest" name="smoke_ValidateLoginTest" time="0.000">
    <skipped/>
  </testcase> <!-- smoke_ValidateLoginTest -->
  <system-out/>
  <testcase classname="testcases.E2Etestcasesuite.travelersquotes.Smoke_ValidateLoginTest" name="smoke_ValidateLoginTest" time="0.000">
    <skipped/>
  </testcase> <!-- smoke_ValidateLoginTest -->
  <system-out/>
  <testcase classname="testcases.E2Etestcasesuite.travelersquotes.Smoke_ValidateLoginTest" name="smoke_ValidateLoginTest" time="0.001">
    <skipped/>
  </testcase> <!-- smoke_ValidateLoginTest -->
  <system-out/>
  <testcase classname="testcases.E2Etestcasesuite.travelersquotes.Smoke_ValidateLoginTest" name="smoke_ValidateLoginTest" time="0.000">
    <skipped/>
  </testcase> <!-- smoke_ValidateLoginTest -->
  <system-out/>
  <testcase classname="testcases.E2Etestcasesuite.travelersquotes.Smoke_ValidateLoginTest" name="smoke_ValidateLoginTest" time="0.000">
    <skipped/>
  </testcase> <!-- smoke_ValidateLoginTest -->
  <system-out/>
  <testcase classname="testcases.E2Etestcasesuite.travelersquotes.Smoke_ValidateLoginTest" name="smoke_ValidateLoginTest" time="0.000">
    <skipped/>
  </testcase> <!-- smoke_ValidateLoginTest -->
  <system-out/>
  <testcase classname="testcases.E2Etestcasesuite.travelersquotes.Smoke_ValidateLoginTest" name="smoke_ValidateLoginTest" time="0.001">
    <skipped/>
  </testcase> <!-- smoke_ValidateLoginTest -->
  <system-out/>
  <testcase classname="testcases.E2Etestcasesuite.travelersquotes.Smoke_ValidateLoginTest" name="smoke_ValidateLoginTest" time="0.001">
    <skipped/>
  </testcase> <!-- smoke_ValidateLoginTest -->
  <system-out/>
  <testcase classname="testcases.E2Etestcasesuite.travelersquotes.Smoke_ValidateLoginTest" name="smoke_ValidateLoginTest" time="0.001">
    <skipped/>
  </testcase> <!-- smoke_ValidateLoginTest -->
  <system-out/>
  <testcase classname="testcases.E2Etestcasesuite.travelersquotes.Smoke_ValidateLoginTest" name="smoke_ValidateLoginTest" time="0.000">
    <skipped/>
  </testcase> <!-- smoke_ValidateLoginTest -->
  <system-out/>
  <testcase classname="testcases.E2Etestcasesuite.travelersquotes.Smoke_ValidateLoginTest" name="smoke_ValidateLoginTest" time="0.000">
    <skipped/>
  </testcase> <!-- smoke_ValidateLoginTest -->
  <system-out/>
  <testcase classname="testcases.E2Etestcasesuite.travelersquotes.Smoke_ValidateLoginTest" name="smoke_ValidateLoginTest" time="0.000">
    <skipped/>
  </testcase> <!-- smoke_ValidateLoginTest -->
  <system-out/>
  <testcase classname="testcases.E2Etestcasesuite.travelersquotes.Smoke_ValidateLoginTest" name="smoke_ValidateLoginTest" time="0.001">
    <skipped/>
  </testcase> <!-- smoke_ValidateLoginTest -->
  <system-out/>
  <testcase classname="testcases.E2Etestcasesuite.travelersquotes.Smoke_ValidateLoginTest" name="smoke_ValidateLoginTest" time="0.000">
    <skipped/>
  </testcase> <!-- smoke_ValidateLoginTest -->
  <system-out/>
  <testcase classname="testcases.E2Etestcasesuite.travelersquotes.Smoke_ValidateLoginTest" name="smoke_ValidateLoginTest" time="0.000">
    <skipped/>
  </testcase> <!-- smoke_ValidateLoginTest -->
  <system-out/>
  <testcase classname="testcases.E2Etestcasesuite.travelersquotes.Smoke_ValidateLoginTest" name="smoke_ValidateLoginTest" time="0.001">
    <skipped/>
  </testcase> <!-- smoke_ValidateLoginTest -->
  <system-out/>
  <testcase classname="testcases.E2Etestcasesuite.travelersquotes.Smoke_ValidateLoginTest" name="smoke_ValidateLoginTest" time="0.000">
    <skipped/>
  </testcase> <!-- smoke_ValidateLoginTest -->
  <system-out/>
  <testcase classname="testcases.E2Etestcasesuite.travelersquotes.Smoke_ValidateLoginTest" name="smoke_ValidateLoginTest" time="0.001">
    <skipped/>
  </testcase> <!-- smoke_ValidateLoginTest -->
  <system-out/>
  <testcase classname="testcases.E2Etestcasesuite.travelersquotes.Smoke_ValidateLoginTest" name="smoke_ValidateLoginTest" time="0.000">
    <skipped/>
  </testcase> <!-- smoke_ValidateLoginTest -->
  <system-out/>
  <testcase classname="testcases.E2Etestcasesuite.travelersquotes.Smoke_ValidateLoginTest" name="smoke_ValidateLoginTest" time="0.001">
    <skipped/>
  </testcase> <!-- smoke_ValidateLoginTest -->
  <system-out/>
  <testcase classname="testcases.E2Etestcasesuite.travelersquotes.Smoke_ValidateLoginTest" name="smoke_ValidateLoginTest" time="0.000">
    <skipped/>
  </testcase> <!-- smoke_ValidateLoginTest -->
  <system-out/>
  <testcase classname="testcases.E2Etestcasesuite.travelersquotes.Smoke_ValidateLoginTest" name="smoke_ValidateLoginTest" time="0.000">
    <skipped/>
  </testcase> <!-- smoke_ValidateLoginTest -->
  <system-out/>
  <testcase classname="testcases.E2Etestcasesuite.travelersquotes.Smoke_ValidateLoginTest" name="smoke_ValidateLoginTest" time="0.000">
    <skipped/>
  </testcase> <!-- smoke_ValidateLoginTest -->
  <system-out/>
  <testcase classname="testcases.E2Etestcasesuite.travelersquotes.Smoke_ValidateLoginTest" name="smoke_ValidateLoginTest" time="0.000">
    <skipped/>
  </testcase> <!-- smoke_ValidateLoginTest -->
  <system-out/>
  <testcase classname="testcases.E2Etestcasesuite.travelersquotes.Smoke_ValidateLoginTest" name="smoke_ValidateLoginTest" time="0.001">
    <skipped/>
  </testcase> <!-- smoke_ValidateLoginTest -->
  <system-out/>
  <testcase classname="testcases.E2Etestcasesuite.travelersquotes.Smoke_ValidateLoginTest" name="smoke_ValidateLoginTest" time="0.000">
    <skipped/>
  </testcase> <!-- smoke_ValidateLoginTest -->
  <system-out/>
  <testcase classname="testcases.E2Etestcasesuite.travelersquotes.Smoke_ValidateLoginTest" name="smoke_ValidateLoginTest" time="0.000">
    <skipped/>
  </testcase> <!-- smoke_ValidateLoginTest -->
  <system-out/>
  <testcase classname="testcases.E2Etestcasesuite.travelersquotes.Smoke_ValidateLoginTest" name="smoke_ValidateLoginTest" time="0.000">
    <skipped/>
  </testcase> <!-- smoke_ValidateLoginTest -->
  <system-out/>
  <testcase classname="testcases.E2Etestcasesuite.travelersquotes.Smoke_ValidateLoginTest" name="smoke_ValidateLoginTest" time="0.001">
    <skipped/>
  </testcase> <!-- smoke_ValidateLoginTest -->
  <system-out/>
  <testcase classname="testcases.E2Etestcasesuite.travelersquotes.Smoke_ValidateLoginTest" name="smoke_ValidateLoginTest" time="0.001">
    <skipped/>
  </testcase> <!-- smoke_ValidateLoginTest -->
  <system-out/>
  <testcase classname="testcases.E2Etestcasesuite.travelersquotes.Smoke_ValidateLoginTest" name="smoke_ValidateLoginTest" time="0.000">
    <skipped/>
  </testcase> <!-- smoke_ValidateLoginTest -->
  <system-out/>
  <testcase classname="testcases.E2Etestcasesuite.travelersquotes.Smoke_ValidateLoginTest" name="smoke_ValidateLoginTest" time="0.000">
    <skipped/>
  </testcase> <!-- smoke_ValidateLoginTest -->
  <system-out/>
  <testcase classname="testcases.E2Etestcasesuite.travelersquotes.Smoke_ValidateLoginTest" name="smoke_ValidateLoginTest" time="0.000">
    <skipped/>
  </testcase> <!-- smoke_ValidateLoginTest -->
  <system-out/>
  <testcase classname="testcases.E2Etestcasesuite.travelersquotes.Smoke_ValidateLoginTest" name="smoke_ValidateLoginTest" time="0.000">
    <skipped/>
  </testcase> <!-- smoke_ValidateLoginTest -->
  <system-out/>
  <testcase classname="testcases.E2Etestcasesuite.travelersquotes.Smoke_ValidateLoginTest" name="smoke_ValidateLoginTest" time="0.000">
    <skipped/>
  </testcase> <!-- smoke_ValidateLoginTest -->
  <system-out/>
  <testcase classname="testcases.E2Etestcasesuite.travelersquotes.Smoke_ValidateLoginTest" name="smoke_ValidateLoginTest" time="0.000">
    <skipped/>
  </testcase> <!-- smoke_ValidateLoginTest -->
  <system-out/>
  <testcase classname="testcases.E2Etestcasesuite.travelersquotes.Smoke_ValidateLoginTest" name="smoke_ValidateLoginTest" time="0.000">
    <skipped/>
  </testcase> <!-- smoke_ValidateLoginTest -->
  <system-out/>
  <testcase classname="testcases.E2Etestcasesuite.travelersquotes.Smoke_ValidateLoginTest" name="smoke_ValidateLoginTest" time="0.000">
    <skipped/>
  </testcase> <!-- smoke_ValidateLoginTest -->
  <system-out/>
  <testcase classname="testcases.E2Etestcasesuite.travelersquotes.Smoke_ValidateLoginTest" name="smoke_ValidateLoginTest" time="0.000">
    <skipped/>
  </testcase> <!-- smoke_ValidateLoginTest -->
  <system-out/>
  <testcase classname="testcases.E2Etestcasesuite.travelersquotes.Smoke_ValidateLoginTest" name="smoke_ValidateLoginTest" time="0.000">
    <skipped/>
  </testcase> <!-- smoke_ValidateLoginTest -->
  <system-out/>
  <testcase classname="testcases.E2Etestcasesuite.travelersquotes.Smoke_ValidateLoginTest" name="smoke_ValidateLoginTest" time="0.000">
    <skipped/>
  </testcase> <!-- smoke_ValidateLoginTest -->
  <system-out/>
  <testcase classname="testcases.E2Etestcasesuite.travelersquotes.Smoke_ValidateLoginTest" name="smoke_ValidateLoginTest" time="0.000">
    <skipped/>
  </testcase> <!-- smoke_ValidateLoginTest -->
  <system-out/>
  <testcase classname="testcases.E2Etestcasesuite.travelersquotes.Smoke_ValidateLoginTest" name="smoke_ValidateLoginTest" time="0.000">
    <skipped/>
  </testcase> <!-- smoke_ValidateLoginTest -->
  <system-out/>
  <testcase classname="testcases.E2Etestcasesuite.travelersquotes.Smoke_ValidateLoginTest" name="smoke_ValidateLoginTest" time="0.001">
    <skipped/>
  </testcase> <!-- smoke_ValidateLoginTest -->
  <system-out/>
  <testcase classname="testcases.E2Etestcasesuite.travelersquotes.Smoke_ValidateLoginTest" name="smoke_ValidateLoginTest" time="0.000">
    <skipped/>
  </testcase> <!-- smoke_ValidateLoginTest -->
  <system-out/>
  <testcase classname="testcases.E2Etestcasesuite.travelersquotes.Smoke_ValidateLoginTest" name="smoke_ValidateLoginTest" time="0.000">
    <skipped/>
  </testcase> <!-- smoke_ValidateLoginTest -->
  <system-out/>
  <testcase classname="testcases.E2Etestcasesuite.travelersquotes.Smoke_ValidateLoginTest" name="smoke_ValidateLoginTest" time="0.000">
    <skipped/>
  </testcase> <!-- smoke_ValidateLoginTest -->
  <system-out/>
  <testcase classname="testcases.E2Etestcasesuite.travelersquotes.Smoke_ValidateLoginTest" name="smoke_ValidateLoginTest" time="0.001">
    <skipped/>
  </testcase> <!-- smoke_ValidateLoginTest -->
  <system-out/>
  <testcase classname="testcases.E2Etestcasesuite.travelersquotes.Smoke_ValidateLoginTest" name="smoke_ValidateLoginTest" time="0.000">
    <skipped/>
  </testcase> <!-- smoke_ValidateLoginTest -->
  <system-out/>
  <testcase classname="testcases.E2Etestcasesuite.travelersquotes.Smoke_ValidateLoginTest" name="smoke_ValidateLoginTest" time="0.000">
    <skipped/>
  </testcase> <!-- smoke_ValidateLoginTest -->
  <system-out/>
  <testcase classname="testcases.E2Etestcasesuite.travelersquotes.Smoke_ValidateLoginTest" name="smoke_ValidateLoginTest" time="0.000">
    <skipped/>
  </testcase> <!-- smoke_ValidateLoginTest -->
  <system-out/>
  <testcase classname="testcases.E2Etestcasesuite.travelersquotes.Smoke_ValidateLoginTest" name="smoke_ValidateLoginTest" time="0.001">
    <skipped/>
  </testcase> <!-- smoke_ValidateLoginTest -->
  <system-out/>
  <testcase classname="testcases.E2Etestcasesuite.travelersquotes.Smoke_ValidateLoginTest" name="smoke_ValidateLoginTest" time="0.001">
    <skipped/>
  </testcase> <!-- smoke_ValidateLoginTest -->
  <system-out/>
  <testcase classname="testcases.E2Etestcasesuite.travelersquotes.Smoke_ValidateLoginTest" name="smoke_ValidateLoginTest" time="0.000">
    <skipped/>
  </testcase> <!-- smoke_ValidateLoginTest -->
  <system-out/>
  <testcase classname="testcases.E2Etestcasesuite.travelersquotes.Smoke_ValidateLoginTest" name="smoke_ValidateLoginTest" time="0.001">
    <skipped/>
  </testcase> <!-- smoke_ValidateLoginTest -->
  <system-out/>
  <testcase classname="testcases.E2Etestcasesuite.travelersquotes.Smoke_ValidateLoginTest" name="smoke_ValidateLoginTest" time="0.000">
    <skipped/>
  </testcase> <!-- smoke_ValidateLoginTest -->
  <system-out/>
  <testcase classname="testcases.E2Etestcasesuite.travelersquotes.Smoke_ValidateLoginTest" name="smoke_ValidateLoginTest" time="0.000">
    <skipped/>
  </testcase> <!-- smoke_ValidateLoginTest -->
  <system-out/>
  <testcase classname="testcases.E2Etestcasesuite.travelersquotes.Smoke_ValidateLoginTest" name="smoke_ValidateLoginTest" time="0.000">
    <skipped/>
  </testcase> <!-- smoke_ValidateLoginTest -->
  <system-out/>
  <testcase classname="testcases.E2Etestcasesuite.travelersquotes.Smoke_ValidateLoginTest" name="smoke_ValidateLoginTest" time="0.000">
    <skipped/>
  </testcase> <!-- smoke_ValidateLoginTest -->
  <system-out/>
  <testcase classname="testcases.E2Etestcasesuite.travelersquotes.Smoke_ValidateLoginTest" name="smoke_ValidateLoginTest" time="0.001">
    <skipped/>
  </testcase> <!-- smoke_ValidateLoginTest -->
  <system-out/>
  <testcase classname="testcases.E2Etestcasesuite.travelersquotes.Smoke_ValidateLoginTest" name="smoke_ValidateLoginTest" time="0.000">
    <skipped/>
  </testcase> <!-- smoke_ValidateLoginTest -->
  <system-out/>
  <testcase classname="testcases.E2Etestcasesuite.travelersquotes.Smoke_ValidateLoginTest" name="smoke_ValidateLoginTest" time="0.001">
    <skipped/>
  </testcase> <!-- smoke_ValidateLoginTest -->
  <system-out/>
  <testcase classname="testcases.E2Etestcasesuite.travelersquotes.Smoke_ValidateLoginTest" name="smoke_ValidateLoginTest" time="0.000">
    <skipped/>
  </testcase> <!-- smoke_ValidateLoginTest -->
  <system-out/>
  <testcase classname="testcases.E2Etestcasesuite.travelersquotes.Smoke_ValidateLoginTest" name="smoke_ValidateLoginTest" time="0.000">
    <skipped/>
  </testcase> <!-- smoke_ValidateLoginTest -->
  <system-out/>
  <testcase classname="testcases.E2Etestcasesuite.travelersquotes.Smoke_ValidateLoginTest" name="smoke_ValidateLoginTest" time="0.000">
    <skipped/>
  </testcase> <!-- smoke_ValidateLoginTest -->
  <system-out/>
  <testcase classname="testcases.E2Etestcasesuite.travelersquotes.Smoke_ValidateLoginTest" name="smoke_ValidateLoginTest" time="0.000">
    <skipped/>
  </testcase> <!-- smoke_ValidateLoginTest -->
  <system-out/>
  <testcase classname="testcases.E2Etestcasesuite.travelersquotes.Smoke_ValidateLoginTest" name="smoke_ValidateLoginTest" time="0.001">
    <skipped/>
  </testcase> <!-- smoke_ValidateLoginTest -->
  <system-out/>
  <testcase classname="testcases.E2Etestcasesuite.travelersquotes.Smoke_ValidateLoginTest" name="smoke_ValidateLoginTest" time="0.000">
    <skipped/>
  </testcase> <!-- smoke_ValidateLoginTest -->
  <system-out/>
  <testcase classname="testcases.E2Etestcasesuite.travelersquotes.Smoke_ValidateLoginTest" name="smoke_ValidateLoginTest" time="0.000">
    <skipped/>
  </testcase> <!-- smoke_ValidateLoginTest -->
  <system-out/>
  <testcase classname="testcases.E2Etestcasesuite.travelersquotes.Smoke_ValidateLoginTest" name="smoke_ValidateLoginTest" time="0.000">
    <skipped/>
  </testcase> <!-- smoke_ValidateLoginTest -->
  <system-out/>
  <testcase classname="testcases.E2Etestcasesuite.travelersquotes.Smoke_ValidateLoginTest" name="smoke_ValidateLoginTest" time="0.000">
    <skipped/>
  </testcase> <!-- smoke_ValidateLoginTest -->
  <system-out/>
  <testcase classname="testcases.E2Etestcasesuite.travelersquotes.Smoke_ValidateLoginTest" name="smoke_ValidateLoginTest" time="0.001">
    <skipped/>
  </testcase> <!-- smoke_ValidateLoginTest -->
  <system-out/>
  <testcase classname="testcases.E2Etestcasesuite.travelersquotes.Smoke_ValidateLoginTest" name="smoke_ValidateLoginTest" time="0.000">
    <skipped/>
  </testcase> <!-- smoke_ValidateLoginTest -->
  <system-out/>
  <testcase classname="testcases.E2Etestcasesuite.travelersquotes.Smoke_ValidateLoginTest" name="smoke_ValidateLoginTest" time="0.000">
    <skipped/>
  </testcase> <!-- smoke_ValidateLoginTest -->
  <system-out/>
  <testcase classname="testcases.E2Etestcasesuite.travelersquotes.Smoke_ValidateLoginTest" name="smoke_ValidateLoginTest" time="0.000">
    <skipped/>
  </testcase> <!-- smoke_ValidateLoginTest -->
  <system-out/>
  <testcase classname="testcases.E2Etestcasesuite.travelersquotes.Smoke_ValidateLoginTest" name="smoke_ValidateLoginTest" time="0.001">
    <skipped/>
  </testcase> <!-- smoke_ValidateLoginTest -->
  <system-out/>
  <testcase classname="testcases.E2Etestcasesuite.travelersquotes.Smoke_ValidateLoginTest" name="smoke_ValidateLoginTest" time="0.001">
    <skipped/>
  </testcase> <!-- smoke_ValidateLoginTest -->
  <system-out/>
  <testcase classname="testcases.E2Etestcasesuite.travelersquotes.Smoke_ValidateLoginTest" name="smoke_ValidateLoginTest" time="0.001">
    <skipped/>
  </testcase> <!-- smoke_ValidateLoginTest -->
  <system-out/>
  <testcase classname="testcases.E2Etestcasesuite.travelersquotes.Smoke_ValidateLoginTest" name="smoke_ValidateLoginTest" time="0.000">
    <skipped/>
  </testcase> <!-- smoke_ValidateLoginTest -->
  <system-out/>
  <testcase classname="testcases.E2Etestcasesuite.travelersquotes.Smoke_ValidateLoginTest" name="smoke_ValidateLoginTest" time="0.001">
    <skipped/>
  </testcase> <!-- smoke_ValidateLoginTest -->
  <system-out/>
  <testcase classname="testcases.E2Etestcasesuite.travelersquotes.Smoke_ValidateLoginTest" name="smoke_ValidateLoginTest" time="0.000">
    <skipped/>
  </testcase> <!-- smoke_ValidateLoginTest -->
  <system-out/>
  <testcase classname="testcases.E2Etestcasesuite.travelersquotes.Smoke_ValidateLoginTest" name="smoke_ValidateLoginTest" time="0.001">
    <skipped/>
  </testcase> <!-- smoke_ValidateLoginTest -->
  <system-out/>
  <testcase classname="testcases.E2Etestcasesuite.travelersquotes.Smoke_ValidateLoginTest" name="smoke_ValidateLoginTest" time="0.000">
    <skipped/>
  </testcase> <!-- smoke_ValidateLoginTest -->
  <system-out/>
  <testcase classname="testcases.E2Etestcasesuite.travelersquotes.Smoke_ValidateLoginTest" name="smoke_ValidateLoginTest" time="0.000">
    <skipped/>
  </testcase> <!-- smoke_ValidateLoginTest -->
  <system-out/>
  <testcase classname="testcases.E2Etestcasesuite.travelersquotes.Smoke_ValidateLoginTest" name="smoke_ValidateLoginTest" time="0.001">
    <skipped/>
  </testcase> <!-- smoke_ValidateLoginTest -->
  <system-out/>
  <testcase classname="testcases.E2Etestcasesuite.travelersquotes.Smoke_ValidateLoginTest" name="smoke_ValidateLoginTest" time="0.000">
    <skipped/>
  </testcase> <!-- smoke_ValidateLoginTest -->
  <system-out/>
  <testcase classname="testcases.E2Etestcasesuite.travelersquotes.Smoke_ValidateLoginTest" name="smoke_ValidateLoginTest" time="0.000">
    <skipped/>
  </testcase> <!-- smoke_ValidateLoginTest -->
  <system-out/>
  <testcase classname="testcases.E2Etestcasesuite.travelersquotes.Smoke_ValidateLoginTest" name="smoke_ValidateLoginTest" time="0.000">
    <skipped/>
  </testcase> <!-- smoke_ValidateLoginTest -->
  <system-out/>
  <testcase classname="testcases.E2Etestcasesuite.travelersquotes.Smoke_ValidateLoginTest" name="smoke_ValidateLoginTest" time="0.000">
    <skipped/>
  </testcase> <!-- smoke_ValidateLoginTest -->
  <system-out/>
  <testcase classname="testcases.E2Etestcasesuite.travelersquotes.Smoke_ValidateLoginTest" name="smoke_ValidateLoginTest" time="0.001">
    <skipped/>
  </testcase> <!-- smoke_ValidateLoginTest -->
  <system-out/>
  <testcase classname="testcases.E2Etestcasesuite.travelersquotes.Smoke_ValidateLoginTest" name="smoke_ValidateLoginTest" time="0.000">
    <skipped/>
  </testcase> <!-- smoke_ValidateLoginTest -->
  <system-out/>
  <testcase classname="testcases.E2Etestcasesuite.travelersquotes.Smoke_ValidateLoginTest" name="smoke_ValidateLoginTest" time="0.000">
    <skipped/>
  </testcase> <!-- smoke_ValidateLoginTest -->
  <system-out/>
  <testcase classname="testcases.E2Etestcasesuite.travelersquotes.Smoke_ValidateLoginTest" name="smoke_ValidateLoginTest" time="0.000">
    <skipped/>
  </testcase> <!-- smoke_ValidateLoginTest -->
  <system-out/>
  <testcase classname="testcases.E2Etestcasesuite.travelersquotes.Smoke_ValidateLoginTest" name="smoke_ValidateLoginTest" time="0.001">
    <skipped/>
  </testcase> <!-- smoke_ValidateLoginTest -->
  <system-out/>
  <testcase classname="testcases.E2Etestcasesuite.travelersquotes.Smoke_ValidateLoginTest" name="smoke_ValidateLoginTest" time="0.000">
    <skipped/>
  </testcase> <!-- smoke_ValidateLoginTest -->
  <system-out/>
  <testcase classname="testcases.E2Etestcasesuite.travelersquotes.Smoke_ValidateLoginTest" name="smoke_ValidateLoginTest" time="0.000">
    <skipped/>
  </testcase> <!-- smoke_ValidateLoginTest -->
  <system-out/>
  <testcase classname="testcases.E2Etestcasesuite.travelersquotes.Smoke_ValidateLoginTest" name="smoke_ValidateLoginTest" time="0.000">
    <skipped/>
  </testcase> <!-- smoke_ValidateLoginTest -->
  <system-out/>
  <testcase classname="testcases.E2Etestcasesuite.travelersquotes.Smoke_ValidateLoginTest" name="smoke_ValidateLoginTest" time="0.000">
    <skipped/>
  </testcase> <!-- smoke_ValidateLoginTest -->
  <system-out/>
  <testcase classname="testcases.E2Etestcasesuite.travelersquotes.Smoke_ValidateLoginTest" name="smoke_ValidateLoginTest" time="0.000">
    <skipped/>
  </testcase> <!-- smoke_ValidateLoginTest -->
  <system-out/>
  <testcase classname="testcases.E2Etestcasesuite.travelersquotes.Smoke_ValidateLoginTest" name="smoke_ValidateLoginTest" time="0.000">
    <skipped/>
  </testcase> <!-- smoke_ValidateLoginTest -->
  <system-out/>
  <testcase classname="testcases.E2Etestcasesuite.travelersquotes.Smoke_ValidateLoginTest" name="smoke_ValidateLoginTest" time="0.000">
    <skipped/>
  </testcase> <!-- smoke_ValidateLoginTest -->
  <system-out/>
  <testcase classname="testcases.E2Etestcasesuite.travelersquotes.Smoke_ValidateLoginTest" name="smoke_ValidateLoginTest" time="0.001">
    <skipped/>
  </testcase> <!-- smoke_ValidateLoginTest -->
  <system-out/>
  <testcase classname="testcases.E2Etestcasesuite.travelersquotes.Smoke_ValidateLoginTest" name="smoke_ValidateLoginTest" time="0.000">
    <skipped/>
  </testcase> <!-- smoke_ValidateLoginTest -->
  <system-out/>
  <testcase classname="testcases.E2Etestcasesuite.travelersquotes.Smoke_ValidateLoginTest" name="smoke_ValidateLoginTest" time="0.000">
    <skipped/>
  </testcase> <!-- smoke_ValidateLoginTest -->
  <system-out/>
  <testcase classname="testcases.E2Etestcasesuite.travelersquotes.Smoke_ValidateLoginTest" name="smoke_ValidateLoginTest" time="0.000">
    <skipped/>
  </testcase> <!-- smoke_ValidateLoginTest -->
  <system-out/>
  <testcase classname="testcases.E2Etestcasesuite.travelersquotes.Smoke_ValidateLoginTest" name="smoke_ValidateLoginTest" time="0.002">
    <skipped/>
  </testcase> <!-- smoke_ValidateLoginTest -->
  <system-out/>
  <testcase classname="testcases.E2Etestcasesuite.travelersquotes.Smoke_ValidateLoginTest" name="smoke_ValidateLoginTest" time="0.000">
    <skipped/>
  </testcase> <!-- smoke_ValidateLoginTest -->
  <system-out/>
  <testcase classname="testcases.E2Etestcasesuite.travelersquotes.Smoke_ValidateLoginTest" name="smoke_ValidateLoginTest" time="0.000">
    <skipped/>
  </testcase> <!-- smoke_ValidateLoginTest -->
  <system-out/>
  <testcase classname="testcases.E2Etestcasesuite.travelersquotes.Smoke_ValidateLoginTest" name="smoke_ValidateLoginTest" time="0.000">
    <skipped/>
  </testcase> <!-- smoke_ValidateLoginTest -->
  <system-out/>
  <testcase classname="testcases.E2Etestcasesuite.travelersquotes.Smoke_ValidateLoginTest" name="smoke_ValidateLoginTest" time="0.000">
    <skipped/>
  </testcase> <!-- smoke_ValidateLoginTest -->
  <system-out/>
  <testcase classname="testcases.E2Etestcasesuite.travelersquotes.Smoke_ValidateLoginTest" name="smoke_ValidateLoginTest" time="0.001">
    <skipped/>
  </testcase> <!-- smoke_ValidateLoginTest -->
  <system-out/>
  <testcase classname="testcases.E2Etestcasesuite.travelersquotes.Smoke_ValidateLoginTest" name="smoke_ValidateLoginTest" time="0.000">
    <skipped/>
  </testcase> <!-- smoke_ValidateLoginTest -->
  <system-out/>
  <testcase classname="testcases.E2Etestcasesuite.travelersquotes.Smoke_ValidateLoginTest" name="smoke_ValidateLoginTest" time="0.000">
    <skipped/>
  </testcase> <!-- smoke_ValidateLoginTest -->
  <system-out/>
  <testcase classname="testcases.E2Etestcasesuite.travelersquotes.Smoke_ValidateLoginTest" name="smoke_ValidateLoginTest" time="0.001">
    <skipped/>
  </testcase> <!-- smoke_ValidateLoginTest -->
  <system-out/>
  <testcase classname="testcases.E2Etestcasesuite.travelersquotes.Smoke_ValidateLoginTest" name="smoke_ValidateLoginTest" time="0.000">
    <skipped/>
  </testcase> <!-- smoke_ValidateLoginTest -->
  <system-out/>
  <testcase classname="testcases.E2Etestcasesuite.travelersquotes.Smoke_ValidateLoginTest" name="smoke_ValidateLoginTest" time="0.000">
    <skipped/>
  </testcase> <!-- smoke_ValidateLoginTest -->
  <system-out/>
  <testcase classname="testcases.E2Etestcasesuite.travelersquotes.Smoke_ValidateLoginTest" name="smoke_ValidateLoginTest" time="0.000">
    <skipped/>
  </testcase> <!-- smoke_ValidateLoginTest -->
  <system-out/>
  <testcase classname="testcases.E2Etestcasesuite.travelersquotes.Smoke_ValidateLoginTest" name="smoke_ValidateLoginTest" time="0.000">
    <skipped/>
  </testcase> <!-- smoke_ValidateLoginTest -->
  <system-out/>
  <testcase classname="testcases.E2Etestcasesuite.travelersquotes.Smoke_ValidateLoginTest" name="smoke_ValidateLoginTest" time="0.001">
    <skipped/>
  </testcase> <!-- smoke_ValidateLoginTest -->
  <system-out/>
  <testcase classname="testcases.E2Etestcasesuite.travelersquotes.Smoke_ValidateLoginTest" name="smoke_ValidateLoginTest" time="0.000">
    <skipped/>
  </testcase> <!-- smoke_ValidateLoginTest -->
  <system-out/>
  <testcase classname="testcases.E2Etestcasesuite.travelersquotes.Smoke_ValidateLoginTest" name="smoke_ValidateLoginTest" time="0.001">
    <skipped/>
  </testcase> <!-- smoke_ValidateLoginTest -->
  <system-out/>
  <testcase classname="testcases.E2Etestcasesuite.travelersquotes.Smoke_ValidateLoginTest" name="smoke_ValidateLoginTest" time="0.000">
    <skipped/>
  </testcase> <!-- smoke_ValidateLoginTest -->
  <system-out/>
  <testcase classname="testcases.E2Etestcasesuite.travelersquotes.Smoke_ValidateLoginTest" name="smoke_ValidateLoginTest" time="0.000">
    <skipped/>
  </testcase> <!-- smoke_ValidateLoginTest -->
  <system-out/>
  <testcase classname="testcases.E2Etestcasesuite.travelersquotes.Smoke_ValidateLoginTest" name="smoke_ValidateLoginTest" time="0.000">
    <skipped/>
  </testcase> <!-- smoke_ValidateLoginTest -->
  <system-out/>
  <testcase classname="testcases.E2Etestcasesuite.travelersquotes.Smoke_ValidateLoginTest" name="smoke_ValidateLoginTest" time="0.000">
    <skipped/>
  </testcase> <!-- smoke_ValidateLoginTest -->
  <system-out/>
  <testcase classname="testcases.E2Etestcasesuite.travelersquotes.Smoke_ValidateLoginTest" name="smoke_ValidateLoginTest" time="0.000">
    <skipped/>
  </testcase> <!-- smoke_ValidateLoginTest -->
  <system-out/>
  <testcase classname="testcases.E2Etestcasesuite.travelersquotes.Smoke_ValidateLoginTest" name="smoke_ValidateLoginTest" time="0.000">
    <skipped/>
  </testcase> <!-- smoke_ValidateLoginTest -->
  <system-out/>
  <testcase classname="testcases.E2Etestcasesuite.travelersquotes.Smoke_ValidateLoginTest" name="smoke_ValidateLoginTest" time="0.000">
    <skipped/>
  </testcase> <!-- smoke_ValidateLoginTest -->
  <system-out/>
  <testcase classname="testcases.E2Etestcasesuite.travelersquotes.Smoke_ValidateLoginTest" name="smoke_ValidateLoginTest" time="0.001">
    <skipped/>
  </testcase> <!-- smoke_ValidateLoginTest -->
  <system-out/>
  <testcase classname="testcases.E2Etestcasesuite.travelersquotes.Smoke_ValidateLoginTest" name="smoke_ValidateLoginTest" time="0.000">
    <skipped/>
  </testcase> <!-- smoke_ValidateLoginTest -->
  <system-out/>
  <testcase classname="testcases.E2Etestcasesuite.travelersquotes.Smoke_ValidateLoginTest" name="smoke_ValidateLoginTest" time="0.001">
    <skipped/>
  </testcase> <!-- smoke_ValidateLoginTest -->
  <system-out/>
  <testcase classname="testcases.E2Etestcasesuite.travelersquotes.Smoke_ValidateLoginTest" name="smoke_ValidateLoginTest" time="0.000">
    <skipped/>
  </testcase> <!-- smoke_ValidateLoginTest -->
  <system-out/>
  <testcase classname="testcases.E2Etestcasesuite.travelersquotes.Smoke_ValidateLoginTest" name="smoke_ValidateLoginTest" time="0.000">
    <skipped/>
  </testcase> <!-- smoke_ValidateLoginTest -->
  <system-out/>
  <testcase classname="testcases.E2Etestcasesuite.travelersquotes.Smoke_ValidateLoginTest" name="smoke_ValidateLoginTest" time="0.000">
    <skipped/>
  </testcase> <!-- smoke_ValidateLoginTest -->
  <system-out/>
  <testcase classname="testcases.E2Etestcasesuite.travelersquotes.Smoke_ValidateLoginTest" name="smoke_ValidateLoginTest" time="0.001">
    <skipped/>
  </testcase> <!-- smoke_ValidateLoginTest -->
  <system-out/>
  <testcase classname="testcases.E2Etestcasesuite.travelersquotes.Smoke_ValidateLoginTest" name="smoke_ValidateLoginTest" time="0.000">
    <skipped/>
  </testcase> <!-- smoke_ValidateLoginTest -->
  <system-out/>
  <testcase classname="testcases.E2Etestcasesuite.travelersquotes.Smoke_ValidateLoginTest" name="smoke_ValidateLoginTest" time="0.000">
    <skipped/>
  </testcase> <!-- smoke_ValidateLoginTest -->
  <system-out/>
  <testcase classname="testcases.E2Etestcasesuite.travelersquotes.Smoke_ValidateLoginTest" name="smoke_ValidateLoginTest" time="0.001">
    <skipped/>
  </testcase> <!-- smoke_ValidateLoginTest -->
  <system-out/>
  <testcase classname="testcases.E2Etestcasesuite.travelersquotes.Smoke_ValidateLoginTest" name="smoke_ValidateLoginTest" time="0.001">
    <skipped/>
  </testcase> <!-- smoke_ValidateLoginTest -->
  <system-out/>
  <testcase classname="testcases.E2Etestcasesuite.travelersquotes.Smoke_ValidateLoginTest" name="smoke_ValidateLoginTest" time="0.000">
    <skipped/>
  </testcase> <!-- smoke_ValidateLoginTest -->
  <system-out/>
  <testcase classname="testcases.E2Etestcasesuite.travelersquotes.Smoke_ValidateLoginTest" name="smoke_ValidateLoginTest" time="0.000">
    <skipped/>
  </testcase> <!-- smoke_ValidateLoginTest -->
  <system-out/>
  <testcase classname="testcases.E2Etestcasesuite.travelersquotes.Smoke_ValidateLoginTest" name="smoke_ValidateLoginTest" time="0.000">
    <skipped/>
  </testcase> <!-- smoke_ValidateLoginTest -->
  <system-out/>
  <testcase classname="testcases.E2Etestcasesuite.travelersquotes.Smoke_ValidateLoginTest" name="smoke_ValidateLoginTest" time="0.000">
    <skipped/>
  </testcase> <!-- smoke_ValidateLoginTest -->
  <system-out/>
  <testcase classname="testcases.E2Etestcasesuite.travelersquotes.Smoke_ValidateLoginTest" name="smoke_ValidateLoginTest" time="0.001">
    <skipped/>
  </testcase> <!-- smoke_ValidateLoginTest -->
  <system-out/>
  <testcase classname="testcases.E2Etestcasesuite.travelersquotes.Smoke_ValidateLoginTest" name="smoke_ValidateLoginTest" time="0.000">
    <skipped/>
  </testcase> <!-- smoke_ValidateLoginTest -->
  <system-out/>
  <testcase classname="testcases.E2Etestcasesuite.travelersquotes.Smoke_ValidateLoginTest" name="smoke_ValidateLoginTest" time="0.000">
    <skipped/>
  </testcase> <!-- smoke_ValidateLoginTest -->
  <system-out/>
  <testcase classname="testcases.E2Etestcasesuite.travelersquotes.Smoke_ValidateLoginTest" name="smoke_ValidateLoginTest" time="0.000">
    <skipped/>
  </testcase> <!-- smoke_ValidateLoginTest -->
  <system-out/>
  <testcase classname="testcases.E2Etestcasesuite.travelersquotes.Smoke_ValidateLoginTest" name="smoke_ValidateLoginTest" time="0.000">
    <skipped/>
  </testcase> <!-- smoke_ValidateLoginTest -->
  <system-out/>
  <testcase classname="testcases.E2Etestcasesuite.travelersquotes.Smoke_ValidateLoginTest" name="smoke_ValidateLoginTest" time="0.000">
    <skipped/>
  </testcase> <!-- smoke_ValidateLoginTest -->
  <system-out/>
  <testcase classname="testcases.E2Etestcasesuite.travelersquotes.Smoke_ValidateLoginTest" name="smoke_ValidateLoginTest" time="0.001">
    <skipped/>
  </testcase> <!-- smoke_ValidateLoginTest -->
  <system-out/>
  <testcase classname="testcases.E2Etestcasesuite.travelersquotes.Smoke_ValidateLoginTest" name="smoke_ValidateLoginTest" time="0.000">
    <skipped/>
  </testcase> <!-- smoke_ValidateLoginTest -->
  <system-out/>
  <testcase classname="testcases.E2Etestcasesuite.travelersquotes.Smoke_ValidateLoginTest" name="smoke_ValidateLoginTest" time="0.000">
    <skipped/>
  </testcase> <!-- smoke_ValidateLoginTest -->
  <system-out/>
  <testcase classname="testcases.E2Etestcasesuite.travelersquotes.Smoke_ValidateLoginTest" name="smoke_ValidateLoginTest" time="0.000">
    <skipped/>
  </testcase> <!-- smoke_ValidateLoginTest -->
  <system-out/>
  <testcase classname="testcases.E2Etestcasesuite.travelersquotes.Smoke_ValidateLoginTest" name="smoke_ValidateLoginTest" time="0.000">
    <skipped/>
  </testcase> <!-- smoke_ValidateLoginTest -->
  <system-out/>
  <testcase classname="testcases.E2Etestcasesuite.travelersquotes.Smoke_ValidateLoginTest" name="smoke_ValidateLoginTest" time="0.000">
    <skipped/>
  </testcase> <!-- smoke_ValidateLoginTest -->
  <system-out/>
  <testcase classname="testcases.E2Etestcasesuite.travelersquotes.Smoke_ValidateLoginTest" name="smoke_ValidateLoginTest" time="0.000">
    <skipped/>
  </testcase> <!-- smoke_ValidateLoginTest -->
  <system-out/>
  <testcase classname="testcases.E2Etestcasesuite.travelersquotes.Smoke_ValidateLoginTest" name="smoke_ValidateLoginTest" time="0.000">
    <skipped/>
  </testcase> <!-- smoke_ValidateLoginTest -->
  <system-out/>
  <testcase classname="testcases.E2Etestcasesuite.travelersquotes.Smoke_ValidateLoginTest" name="smoke_ValidateLoginTest" time="0.000">
    <skipped/>
  </testcase> <!-- smoke_ValidateLoginTest -->
  <system-out/>
  <testcase classname="testcases.E2Etestcasesuite.travelersquotes.Smoke_ValidateLoginTest" name="smoke_ValidateLoginTest" time="0.000">
    <skipped/>
  </testcase> <!-- smoke_ValidateLoginTest -->
  <system-out/>
  <testcase classname="testcases.E2Etestcasesuite.travelersquotes.Smoke_ValidateLoginTest" name="smoke_ValidateLoginTest" time="0.000">
    <skipped/>
  </testcase> <!-- smoke_ValidateLoginTest -->
  <system-out/>
  <testcase classname="testcases.E2Etestcasesuite.travelersquotes.Smoke_ValidateLoginTest" name="smoke_ValidateLoginTest" time="0.001">
    <skipped/>
  </testcase> <!-- smoke_ValidateLoginTest -->
  <system-out/>
  <testcase classname="testcases.E2Etestcasesuite.travelersquotes.Smoke_ValidateLoginTest" name="smoke_ValidateLoginTest" time="0.001">
    <skipped/>
  </testcase> <!-- smoke_ValidateLoginTest -->
  <system-out/>
  <testcase classname="testcases.E2Etestcasesuite.travelersquotes.Smoke_ValidateLoginTest" name="smoke_ValidateLoginTest" time="0.001">
    <skipped/>
  </testcase> <!-- smoke_ValidateLoginTest -->
  <system-out/>
  <testcase classname="testcases.E2Etestcasesuite.travelersquotes.Smoke_ValidateLoginTest" name="smoke_ValidateLoginTest" time="0.000">
    <skipped/>
  </testcase> <!-- smoke_ValidateLoginTest -->
  <system-out/>
  <testcase classname="testcases.E2Etestcasesuite.travelersquotes.Smoke_ValidateLoginTest" name="smoke_ValidateLoginTest" time="0.001">
    <skipped/>
  </testcase> <!-- smoke_ValidateLoginTest -->
  <system-out/>
  <testcase classname="testcases.E2Etestcasesuite.travelersquotes.Smoke_ValidateLoginTest" name="smoke_ValidateLoginTest" time="0.001">
    <skipped/>
  </testcase> <!-- smoke_ValidateLoginTest -->
  <system-out/>
  <testcase classname="testcases.E2Etestcasesuite.travelersquotes.Smoke_ValidateLoginTest" name="smoke_ValidateLoginTest" time="0.000">
    <skipped/>
  </testcase> <!-- smoke_ValidateLoginTest -->
  <system-out/>
  <testcase classname="testcases.E2Etestcasesuite.travelersquotes.Smoke_ValidateLoginTest" name="smoke_ValidateLoginTest" time="0.000">
    <skipped/>
  </testcase> <!-- smoke_ValidateLoginTest -->
  <system-out/>
  <testcase classname="testcases.E2Etestcasesuite.travelersquotes.Smoke_ValidateLoginTest" name="smoke_ValidateLoginTest" time="0.000">
    <skipped/>
  </testcase> <!-- smoke_ValidateLoginTest -->
  <system-out/>
  <testcase classname="testcases.E2Etestcasesuite.travelersquotes.Smoke_ValidateLoginTest" name="smoke_ValidateLoginTest" time="0.001">
    <skipped/>
  </testcase> <!-- smoke_ValidateLoginTest -->
  <system-out/>
  <testcase classname="testcases.E2Etestcasesuite.travelersquotes.Smoke_ValidateLoginTest" name="smoke_ValidateLoginTest" time="0.000">
    <skipped/>
  </testcase> <!-- smoke_ValidateLoginTest -->
  <system-out/>
  <testcase classname="testcases.E2Etestcasesuite.travelersquotes.Smoke_ValidateLoginTest" name="smoke_ValidateLoginTest" time="0.000">
    <skipped/>
  </testcase> <!-- smoke_ValidateLoginTest -->
  <system-out/>
  <testcase classname="testcases.E2Etestcasesuite.travelersquotes.Smoke_ValidateLoginTest" name="smoke_ValidateLoginTest" time="0.000">
    <skipped/>
  </testcase> <!-- smoke_ValidateLoginTest -->
  <system-out/>
  <testcase classname="testcases.E2Etestcasesuite.travelersquotes.Smoke_ValidateLoginTest" name="smoke_ValidateLoginTest" time="0.000">
    <skipped/>
  </testcase> <!-- smoke_ValidateLoginTest -->
  <system-out/>
  <testcase classname="testcases.E2Etestcasesuite.travelersquotes.Smoke_ValidateLoginTest" name="smoke_ValidateLoginTest" time="0.000">
    <skipped/>
  </testcase> <!-- smoke_ValidateLoginTest -->
  <system-out/>
  <testcase classname="testcases.E2Etestcasesuite.travelersquotes.Smoke_ValidateLoginTest" name="smoke_ValidateLoginTest" time="0.001">
    <skipped/>
  </testcase> <!-- smoke_ValidateLoginTest -->
  <system-out/>
  <testcase classname="testcases.E2Etestcasesuite.travelersquotes.Smoke_ValidateLoginTest" name="smoke_ValidateLoginTest" time="0.000">
    <skipped/>
  </testcase> <!-- smoke_ValidateLoginTest -->
  <system-out/>
  <testcase classname="testcases.E2Etestcasesuite.travelersquotes.Smoke_ValidateLoginTest" name="smoke_ValidateLoginTest" time="0.000">
    <skipped/>
  </testcase> <!-- smoke_ValidateLoginTest -->
  <system-out/>
  <testcase classname="testcases.E2Etestcasesuite.travelersquotes.Smoke_ValidateLoginTest" name="smoke_ValidateLoginTest" time="0.000">
    <skipped/>
  </testcase> <!-- smoke_ValidateLoginTest -->
  <system-out/>
  <testcase classname="testcases.E2Etestcasesuite.travelersquotes.Smoke_ValidateLoginTest" name="smoke_ValidateLoginTest" time="0.000">
    <skipped/>
  </testcase> <!-- smoke_ValidateLoginTest -->
  <system-out/>
  <testcase classname="testcases.E2Etestcasesuite.travelersquotes.Smoke_ValidateLoginTest" name="smoke_ValidateLoginTest" time="0.001">
    <skipped/>
  </testcase> <!-- smoke_ValidateLoginTest -->
  <system-out/>
  <testcase classname="testcases.E2Etestcasesuite.travelersquotes.Smoke_ValidateLoginTest" name="smoke_ValidateLoginTest" time="0.000">
    <skipped/>
  </testcase> <!-- smoke_ValidateLoginTest -->
  <system-out/>
  <testcase classname="testcases.E2Etestcasesuite.travelersquotes.Smoke_ValidateLoginTest" name="smoke_ValidateLoginTest" time="0.000">
    <skipped/>
  </testcase> <!-- smoke_ValidateLoginTest -->
  <system-out/>
  <testcase classname="testcases.E2Etestcasesuite.travelersquotes.Smoke_ValidateLoginTest" name="smoke_ValidateLoginTest" time="0.000">
    <skipped/>
  </testcase> <!-- smoke_ValidateLoginTest -->
  <system-out/>
  <testcase classname="testcases.E2Etestcasesuite.travelersquotes.Smoke_ValidateLoginTest" name="smoke_ValidateLoginTest" time="0.000">
    <skipped/>
  </testcase> <!-- smoke_ValidateLoginTest -->
  <system-out/>
  <testcase classname="testcases.E2Etestcasesuite.travelersquotes.Smoke_ValidateLoginTest" name="smoke_ValidateLoginTest" time="0.000">
    <skipped/>
  </testcase> <!-- smoke_ValidateLoginTest -->
  <system-out/>
  <testcase classname="testcases.E2Etestcasesuite.travelersquotes.Smoke_ValidateLoginTest" name="smoke_ValidateLoginTest" time="0.000">
    <skipped/>
  </testcase> <!-- smoke_ValidateLoginTest -->
  <system-out/>
  <testcase classname="testcases.E2Etestcasesuite.travelersquotes.Smoke_ValidateLoginTest" name="smoke_ValidateLoginTest" time="0.000">
    <skipped/>
  </testcase> <!-- smoke_ValidateLoginTest -->
  <system-out/>
  <testcase classname="testcases.E2Etestcasesuite.travelersquotes.Smoke_ValidateLoginTest" name="smoke_ValidateLoginTest" time="0.001">
    <skipped/>
  </testcase> <!-- smoke_ValidateLoginTest -->
  <system-out/>
  <testcase classname="testcases.E2Etestcasesuite.travelersquotes.Smoke_ValidateLoginTest" name="smoke_ValidateLoginTest" time="0.000">
    <skipped/>
  </testcase> <!-- smoke_ValidateLoginTest -->
  <system-out/>
  <testcase classname="testcases.E2Etestcasesuite.travelersquotes.Smoke_ValidateLoginTest" name="smoke_ValidateLoginTest" time="0.000">
    <skipped/>
  </testcase> <!-- smoke_ValidateLoginTest -->
  <system-out/>
  <testcase classname="testcases.E2Etestcasesuite.travelersquotes.Smoke_ValidateLoginTest" name="smoke_ValidateLoginTest" time="0.001">
    <skipped/>
  </testcase> <!-- smoke_ValidateLoginTest -->
  <system-out/>
  <testcase classname="testcases.E2Etestcasesuite.travelersquotes.Smoke_ValidateLoginTest" name="smoke_ValidateLoginTest" time="0.000">
    <skipped/>
  </testcase> <!-- smoke_ValidateLoginTest -->
  <system-out/>
  <testcase classname="testcases.E2Etestcasesuite.travelersquotes.Smoke_ValidateLoginTest" name="smoke_ValidateLoginTest" time="0.000">
    <skipped/>
  </testcase> <!-- smoke_ValidateLoginTest -->
  <system-out/>
  <testcase classname="testcases.E2Etestcasesuite.travelersquotes.Smoke_ValidateLoginTest" name="smoke_ValidateLoginTest" time="0.000">
    <skipped/>
  </testcase> <!-- smoke_ValidateLoginTest -->
  <system-out/>
  <testcase classname="testcases.E2Etestcasesuite.travelersquotes.Smoke_ValidateLoginTest" name="smoke_ValidateLoginTest" time="0.000">
    <skipped/>
  </testcase> <!-- smoke_ValidateLoginTest -->
  <system-out/>
  <testcase classname="testcases.E2Etestcasesuite.travelersquotes.Smoke_ValidateLoginTest" name="smoke_ValidateLoginTest" time="0.000">
    <skipped/>
  </testcase> <!-- smoke_ValidateLoginTest -->
  <system-out/>
  <testcase classname="testcases.E2Etestcasesuite.travelersquotes.Smoke_ValidateLoginTest" name="smoke_ValidateLoginTest" time="0.000">
    <skipped/>
  </testcase> <!-- smoke_ValidateLoginTest -->
  <system-out/>
  <testcase classname="testcases.E2Etestcasesuite.travelersquotes.Smoke_ValidateLoginTest" name="smoke_ValidateLoginTest" time="0.000">
    <skipped/>
  </testcase> <!-- smoke_ValidateLoginTest -->
  <system-out/>
  <testcase classname="testcases.E2Etestcasesuite.travelersquotes.Smoke_ValidateLoginTest" name="smoke_ValidateLoginTest" time="0.000">
    <skipped/>
  </testcase> <!-- smoke_ValidateLoginTest -->
  <system-out/>
  <testcase classname="testcases.E2Etestcasesuite.travelersquotes.Smoke_ValidateLoginTest" name="smoke_ValidateLoginTest" time="0.001">
    <skipped/>
  </testcase> <!-- smoke_ValidateLoginTest -->
  <system-out/>
  <testcase classname="testcases.E2Etestcasesuite.travelersquotes.Smoke_ValidateLoginTest" name="smoke_ValidateLoginTest" time="0.000">
    <skipped/>
  </testcase> <!-- smoke_ValidateLoginTest -->
  <system-out/>
  <testcase classname="testcases.E2Etestcasesuite.travelersquotes.Smoke_ValidateLoginTest" name="smoke_ValidateLoginTest" time="0.000">
    <skipped/>
  </testcase> <!-- smoke_ValidateLoginTest -->
  <system-out/>
  <testcase classname="testcases.E2Etestcasesuite.travelersquotes.Smoke_ValidateLoginTest" name="smoke_ValidateLoginTest" time="0.001">
    <skipped/>
  </testcase> <!-- smoke_ValidateLoginTest -->
  <system-out/>
  <testcase classname="testcases.E2Etestcasesuite.travelersquotes.Smoke_ValidateLoginTest" name="smoke_ValidateLoginTest" time="0.001">
    <skipped/>
  </testcase> <!-- smoke_ValidateLoginTest -->
  <system-out/>
  <testcase classname="testcases.E2Etestcasesuite.travelersquotes.Smoke_ValidateLoginTest" name="smoke_ValidateLoginTest" time="0.000">
    <skipped/>
  </testcase> <!-- smoke_ValidateLoginTest -->
  <system-out/>
  <testcase classname="testcases.E2Etestcasesuite.travelersquotes.Smoke_ValidateLoginTest" name="smoke_ValidateLoginTest" time="0.000">
    <skipped/>
  </testcase> <!-- smoke_ValidateLoginTest -->
  <system-out/>
  <testcase classname="testcases.E2Etestcasesuite.travelersquotes.Smoke_ValidateLoginTest" name="smoke_ValidateLoginTest" time="0.000">
    <skipped/>
  </testcase> <!-- smoke_ValidateLoginTest -->
  <system-out/>
  <testcase classname="testcases.E2Etestcasesuite.travelersquotes.Smoke_ValidateLoginTest" name="smoke_ValidateLoginTest" time="0.000">
    <skipped/>
  </testcase> <!-- smoke_ValidateLoginTest -->
  <system-out/>
  <testcase classname="testcases.E2Etestcasesuite.travelersquotes.Smoke_ValidateLoginTest" name="smoke_ValidateLoginTest" time="0.000">
    <skipped/>
  </testcase> <!-- smoke_ValidateLoginTest -->
  <system-out/>
  <testcase classname="testcases.E2Etestcasesuite.travelersquotes.Smoke_ValidateLoginTest" name="smoke_ValidateLoginTest" time="0.001">
    <skipped/>
  </testcase> <!-- smoke_ValidateLoginTest -->
  <system-out/>
  <testcase classname="testcases.E2Etestcasesuite.travelersquotes.Smoke_ValidateLoginTest" name="smoke_ValidateLoginTest" time="0.001">
    <skipped/>
  </testcase> <!-- smoke_ValidateLoginTest -->
  <system-out/>
  <testcase classname="testcases.E2Etestcasesuite.travelersquotes.Smoke_ValidateLoginTest" name="smoke_ValidateLoginTest" time="0.000">
    <skipped/>
  </testcase> <!-- smoke_ValidateLoginTest -->
  <system-out/>
  <testcase classname="testcases.E2Etestcasesuite.travelersquotes.Smoke_ValidateLoginTest" name="smoke_ValidateLoginTest" time="0.001">
    <skipped/>
  </testcase> <!-- smoke_ValidateLoginTest -->
  <system-out/>
  <testcase classname="testcases.E2Etestcasesuite.travelersquotes.Smoke_ValidateLoginTest" name="smoke_ValidateLoginTest" time="0.001">
    <skipped/>
  </testcase> <!-- smoke_ValidateLoginTest -->
  <system-out/>
  <testcase classname="testcases.E2Etestcasesuite.travelersquotes.Smoke_ValidateLoginTest" name="smoke_ValidateLoginTest" time="0.000">
    <skipped/>
  </testcase> <!-- smoke_ValidateLoginTest -->
  <system-out/>
  <testcase classname="testcases.E2Etestcasesuite.travelersquotes.Smoke_ValidateLoginTest" name="smoke_ValidateLoginTest" time="0.000">
    <skipped/>
  </testcase> <!-- smoke_ValidateLoginTest -->
  <system-out/>
  <testcase classname="testcases.E2Etestcasesuite.travelersquotes.Smoke_ValidateLoginTest" name="smoke_ValidateLoginTest" time="0.000">
    <skipped/>
  </testcase> <!-- smoke_ValidateLoginTest -->
  <system-out/>
  <testcase classname="testcases.E2Etestcasesuite.travelersquotes.Smoke_ValidateLoginTest" name="smoke_ValidateLoginTest" time="0.000">
    <skipped/>
  </testcase> <!-- smoke_ValidateLoginTest -->
  <system-out/>
  <testcase classname="testcases.E2Etestcasesuite.travelersquotes.Smoke_ValidateLoginTest" name="smoke_ValidateLoginTest" time="0.000">
    <skipped/>
  </testcase> <!-- smoke_ValidateLoginTest -->
  <system-out/>
  <testcase classname="testcases.E2Etestcasesuite.travelersquotes.Smoke_ValidateLoginTest" name="smoke_ValidateLoginTest" time="0.001">
    <skipped/>
  </testcase> <!-- smoke_ValidateLoginTest -->
  <system-out/>
  <testcase classname="testcases.E2Etestcasesuite.travelersquotes.Smoke_ValidateLoginTest" name="smoke_ValidateLoginTest" time="0.000">
    <skipped/>
  </testcase> <!-- smoke_ValidateLoginTest -->
  <system-out/>
  <testcase classname="testcases.E2Etestcasesuite.travelersquotes.Smoke_ValidateLoginTest" name="smoke_ValidateLoginTest" time="0.001">
    <skipped/>
  </testcase> <!-- smoke_ValidateLoginTest -->
  <system-out/>
  <testcase classname="testcases.E2Etestcasesuite.travelersquotes.Smoke_ValidateLoginTest" name="smoke_ValidateLoginTest" time="0.001">
    <skipped/>
  </testcase> <!-- smoke_ValidateLoginTest -->
  <system-out/>
  <testcase classname="testcases.E2Etestcasesuite.travelersquotes.Smoke_ValidateLoginTest" name="smoke_ValidateLoginTest" time="0.000">
    <skipped/>
  </testcase> <!-- smoke_ValidateLoginTest -->
  <system-out/>
  <testcase classname="testcases.E2Etestcasesuite.travelersquotes.Smoke_ValidateLoginTest" name="smoke_ValidateLoginTest" time="0.000">
    <skipped/>
  </testcase> <!-- smoke_ValidateLoginTest -->
  <system-out/>
  <testcase classname="testcases.E2Etestcasesuite.travelersquotes.Smoke_ValidateLoginTest" name="smoke_ValidateLoginTest" time="0.000">
    <skipped/>
  </testcase> <!-- smoke_ValidateLoginTest -->
  <system-out/>
  <testcase classname="testcases.E2Etestcasesuite.travelersquotes.Smoke_ValidateLoginTest" name="smoke_ValidateLoginTest" time="0.000">
    <skipped/>
  </testcase> <!-- smoke_ValidateLoginTest -->
  <system-out/>
  <testcase classname="testcases.E2Etestcasesuite.travelersquotes.Smoke_ValidateLoginTest" name="smoke_ValidateLoginTest" time="0.000">
    <skipped/>
  </testcase> <!-- smoke_ValidateLoginTest -->
  <system-out/>
  <testcase classname="testcases.E2Etestcasesuite.travelersquotes.Smoke_ValidateLoginTest" name="smoke_ValidateLoginTest" time="0.000">
    <skipped/>
  </testcase> <!-- smoke_ValidateLoginTest -->
  <system-out/>
  <testcase classname="testcases.E2Etestcasesuite.travelersquotes.Smoke_ValidateLoginTest" name="smoke_ValidateLoginTest" time="0.000">
    <skipped/>
  </testcase> <!-- smoke_ValidateLoginTest -->
  <system-out/>
  <testcase classname="testcases.E2Etestcasesuite.travelersquotes.Smoke_ValidateLoginTest" name="smoke_ValidateLoginTest" time="0.000">
    <skipped/>
  </testcase> <!-- smoke_ValidateLoginTest -->
  <system-out/>
  <testcase classname="testcases.E2Etestcasesuite.travelersquotes.Smoke_ValidateLoginTest" name="smoke_ValidateLoginTest" time="0.000">
    <skipped/>
  </testcase> <!-- smoke_ValidateLoginTest -->
  <system-out/>
  <testcase classname="testcases.E2Etestcasesuite.travelersquotes.Smoke_ValidateLoginTest" name="smoke_ValidateLoginTest" time="0.000">
    <skipped/>
  </testcase> <!-- smoke_ValidateLoginTest -->
  <system-out/>
  <testcase classname="testcases.E2Etestcasesuite.travelersquotes.Smoke_ValidateLoginTest" name="smoke_ValidateLoginTest" time="0.000">
    <skipped/>
  </testcase> <!-- smoke_ValidateLoginTest -->
  <system-out/>
  <testcase classname="testcases.E2Etestcasesuite.travelersquotes.Smoke_ValidateLoginTest" name="smoke_ValidateLoginTest" time="0.001">
    <skipped/>
  </testcase> <!-- smoke_ValidateLoginTest -->
  <system-out/>
  <testcase classname="testcases.E2Etestcasesuite.travelersquotes.Smoke_ValidateLoginTest" name="smoke_ValidateLoginTest" time="0.001">
    <skipped/>
  </testcase> <!-- smoke_ValidateLoginTest -->
  <system-out/>
  <testcase classname="testcases.E2Etestcasesuite.travelersquotes.Smoke_ValidateLoginTest" name="smoke_ValidateLoginTest" time="0.000">
    <skipped/>
  </testcase> <!-- smoke_ValidateLoginTest -->
  <system-out/>
  <testcase classname="testcases.E2Etestcasesuite.travelersquotes.Smoke_ValidateLoginTest" name="smoke_ValidateLoginTest" time="0.000">
    <skipped/>
  </testcase> <!-- smoke_ValidateLoginTest -->
  <system-out/>
  <testcase classname="testcases.E2Etestcasesuite.travelersquotes.Smoke_ValidateLoginTest" name="smoke_ValidateLoginTest" time="0.000">
    <skipped/>
  </testcase> <!-- smoke_ValidateLoginTest -->
  <system-out/>
  <testcase classname="testcases.E2Etestcasesuite.travelersquotes.Smoke_ValidateLoginTest" name="smoke_ValidateLoginTest" time="0.000">
    <skipped/>
  </testcase> <!-- smoke_ValidateLoginTest -->
  <system-out/>
  <testcase classname="testcases.E2Etestcasesuite.travelersquotes.Smoke_ValidateLoginTest" name="smoke_ValidateLoginTest" time="0.001">
    <skipped/>
  </testcase> <!-- smoke_ValidateLoginTest -->
  <system-out/>
  <testcase classname="testcases.E2Etestcasesuite.travelersquotes.Smoke_ValidateLoginTest" name="smoke_ValidateLoginTest" time="0.000">
    <skipped/>
  </testcase> <!-- smoke_ValidateLoginTest -->
  <system-out/>
  <testcase classname="testcases.E2Etestcasesuite.travelersquotes.Smoke_ValidateLoginTest" name="smoke_ValidateLoginTest" time="0.000">
    <skipped/>
  </testcase> <!-- smoke_ValidateLoginTest -->
  <system-out/>
  <testcase classname="testcases.E2Etestcasesuite.travelersquotes.Smoke_ValidateLoginTest" name="smoke_ValidateLoginTest" time="0.000">
    <skipped/>
  </testcase> <!-- smoke_ValidateLoginTest -->
  <system-out/>
  <testcase classname="testcases.E2Etestcasesuite.travelersquotes.Smoke_ValidateLoginTest" name="smoke_ValidateLoginTest" time="0.000">
    <skipped/>
  </testcase> <!-- smoke_ValidateLoginTest -->
  <system-out/>
  <testcase classname="testcases.E2Etestcasesuite.travelersquotes.Smoke_ValidateLoginTest" name="smoke_ValidateLoginTest" time="0.000">
    <skipped/>
  </testcase> <!-- smoke_ValidateLoginTest -->
  <system-out/>
  <testcase classname="testcases.E2Etestcasesuite.travelersquotes.Smoke_ValidateLoginTest" name="smoke_ValidateLoginTest" time="0.000">
    <skipped/>
  </testcase> <!-- smoke_ValidateLoginTest -->
  <system-out/>
  <testcase classname="testcases.E2Etestcasesuite.travelersquotes.Smoke_ValidateLoginTest" name="smoke_ValidateLoginTest" time="0.000">
    <skipped/>
  </testcase> <!-- smoke_ValidateLoginTest -->
  <system-out/>
  <testcase classname="testcases.E2Etestcasesuite.travelersquotes.Smoke_ValidateLoginTest" name="smoke_ValidateLoginTest" time="0.000">
    <skipped/>
  </testcase> <!-- smoke_ValidateLoginTest -->
  <system-out/>
  <testcase classname="testcases.E2Etestcasesuite.travelersquotes.Smoke_ValidateLoginTest" name="smoke_ValidateLoginTest" time="0.000">
    <skipped/>
  </testcase> <!-- smoke_ValidateLoginTest -->
  <system-out/>
  <testcase classname="testcases.E2Etestcasesuite.travelersquotes.Smoke_ValidateLoginTest" name="smoke_ValidateLoginTest" time="0.000">
    <skipped/>
  </testcase> <!-- smoke_ValidateLoginTest -->
  <system-out/>
  <testcase classname="testcases.E2Etestcasesuite.travelersquotes.Smoke_ValidateLoginTest" name="smoke_ValidateLoginTest" time="0.000">
    <skipped/>
  </testcase> <!-- smoke_ValidateLoginTest -->
  <system-out/>
  <testcase classname="testcases.E2Etestcasesuite.travelersquotes.Smoke_ValidateLoginTest" name="smoke_ValidateLoginTest" time="0.000">
    <skipped/>
  </testcase> <!-- smoke_ValidateLoginTest -->
  <system-out/>
  <testcase classname="testcases.E2Etestcasesuite.travelersquotes.Smoke_ValidateLoginTest" name="smoke_ValidateLoginTest" time="0.000">
    <skipped/>
  </testcase> <!-- smoke_ValidateLoginTest -->
  <system-out/>
  <testcase classname="testcases.E2Etestcasesuite.travelersquotes.Smoke_ValidateLoginTest" name="smoke_ValidateLoginTest" time="0.000">
    <skipped/>
  </testcase> <!-- smoke_ValidateLoginTest -->
  <system-out/>
  <testcase classname="testcases.E2Etestcasesuite.travelersquotes.Smoke_ValidateLoginTest" name="smoke_ValidateLoginTest" time="0.001">
    <skipped/>
  </testcase> <!-- smoke_ValidateLoginTest -->
  <system-out/>
  <testcase classname="testcases.E2Etestcasesuite.travelersquotes.Smoke_ValidateLoginTest" name="smoke_ValidateLoginTest" time="0.001">
    <skipped/>
  </testcase> <!-- smoke_ValidateLoginTest -->
  <system-out/>
  <testcase classname="testcases.E2Etestcasesuite.travelersquotes.Smoke_ValidateLoginTest" name="smoke_ValidateLoginTest" time="0.001">
    <skipped/>
  </testcase> <!-- smoke_ValidateLoginTest -->
  <system-out/>
  <testcase classname="testcases.E2Etestcasesuite.travelersquotes.Smoke_ValidateLoginTest" name="smoke_ValidateLoginTest" time="0.000">
    <skipped/>
  </testcase> <!-- smoke_ValidateLoginTest -->
  <system-out/>
  <testcase classname="testcases.E2Etestcasesuite.travelersquotes.Smoke_ValidateLoginTest" name="smoke_ValidateLoginTest" time="0.001">
    <skipped/>
  </testcase> <!-- smoke_ValidateLoginTest -->
  <system-out/>
  <testcase classname="testcases.E2Etestcasesuite.travelersquotes.Smoke_ValidateLoginTest" name="smoke_ValidateLoginTest" time="0.000">
    <skipped/>
  </testcase> <!-- smoke_ValidateLoginTest -->
  <system-out/>
  <testcase classname="testcases.E2Etestcasesuite.travelersquotes.Smoke_ValidateLoginTest" name="smoke_ValidateLoginTest" time="0.000">
    <skipped/>
  </testcase> <!-- smoke_ValidateLoginTest -->
  <system-out/>
  <testcase classname="testcases.E2Etestcasesuite.travelersquotes.Smoke_ValidateLoginTest" name="smoke_ValidateLoginTest" time="0.000">
    <skipped/>
  </testcase> <!-- smoke_ValidateLoginTest -->
  <system-out/>
  <testcase classname="testcases.E2Etestcasesuite.travelersquotes.Smoke_ValidateLoginTest" name="smoke_ValidateLoginTest" time="0.000">
    <skipped/>
  </testcase> <!-- smoke_ValidateLoginTest -->
  <system-out/>
  <testcase classname="testcases.E2Etestcasesuite.travelersquotes.Smoke_ValidateLoginTest" name="smoke_ValidateLoginTest" time="0.000">
    <skipped/>
  </testcase> <!-- smoke_ValidateLoginTest -->
  <system-out/>
  <testcase classname="testcases.E2Etestcasesuite.travelersquotes.Smoke_ValidateLoginTest" name="smoke_ValidateLoginTest" time="0.001">
    <skipped/>
  </testcase> <!-- smoke_ValidateLoginTest -->
  <system-out/>
  <testcase classname="testcases.E2Etestcasesuite.travelersquotes.Smoke_ValidateLoginTest" name="smoke_ValidateLoginTest" time="0.000">
    <skipped/>
  </testcase> <!-- smoke_ValidateLoginTest -->
  <system-out/>
  <testcase classname="testcases.E2Etestcasesuite.travelersquotes.Smoke_ValidateLoginTest" name="smoke_ValidateLoginTest" time="0.000">
    <skipped/>
  </testcase> <!-- smoke_ValidateLoginTest -->
  <system-out/>
  <testcase classname="testcases.E2Etestcasesuite.travelersquotes.Smoke_ValidateLoginTest" name="smoke_ValidateLoginTest" time="0.000">
    <skipped/>
  </testcase> <!-- smoke_ValidateLoginTest -->
  <system-out/>
  <testcase classname="testcases.E2Etestcasesuite.travelersquotes.Smoke_ValidateLoginTest" name="smoke_ValidateLoginTest" time="0.000">
    <skipped/>
  </testcase> <!-- smoke_ValidateLoginTest -->
  <system-out/>
  <testcase classname="testcases.E2Etestcasesuite.travelersquotes.Smoke_ValidateLoginTest" name="smoke_ValidateLoginTest" time="0.001">
    <skipped/>
  </testcase> <!-- smoke_ValidateLoginTest -->
  <system-out/>
  <testcase classname="testcases.E2Etestcasesuite.travelersquotes.Smoke_ValidateLoginTest" name="smoke_ValidateLoginTest" time="0.000">
    <skipped/>
  </testcase> <!-- smoke_ValidateLoginTest -->
  <system-out/>
  <testcase classname="testcases.E2Etestcasesuite.travelersquotes.Smoke_ValidateLoginTest" name="smoke_ValidateLoginTest" time="0.000">
    <skipped/>
  </testcase> <!-- smoke_ValidateLoginTest -->
  <system-out/>
  <testcase classname="testcases.E2Etestcasesuite.travelersquotes.Smoke_ValidateLoginTest" name="smoke_ValidateLoginTest" time="0.000">
    <skipped/>
  </testcase> <!-- smoke_ValidateLoginTest -->
  <system-out/>
  <testcase classname="testcases.E2Etestcasesuite.travelersquotes.Smoke_ValidateLoginTest" name="smoke_ValidateLoginTest" time="0.000">
    <skipped/>
  </testcase> <!-- smoke_ValidateLoginTest -->
  <system-out/>
  <testcase classname="testcases.E2Etestcasesuite.travelersquotes.Smoke_ValidateLoginTest" name="smoke_ValidateLoginTest" time="0.000">
    <skipped/>
  </testcase> <!-- smoke_ValidateLoginTest -->
  <system-out/>
  <testcase classname="testcases.E2Etestcasesuite.travelersquotes.Smoke_ValidateLoginTest" name="smoke_ValidateLoginTest" time="0.000">
    <skipped/>
  </testcase> <!-- smoke_ValidateLoginTest -->
  <system-out/>
  <testcase classname="testcases.E2Etestcasesuite.travelersquotes.Smoke_ValidateLoginTest" name="smoke_ValidateLoginTest" time="0.000">
    <skipped/>
  </testcase> <!-- smoke_ValidateLoginTest -->
  <system-out/>
  <testcase classname="testcases.E2Etestcasesuite.travelersquotes.Smoke_ValidateLoginTest" name="smoke_ValidateLoginTest" time="0.000">
    <skipped/>
  </testcase> <!-- smoke_ValidateLoginTest -->
  <system-out/>
  <testcase classname="testcases.E2Etestcasesuite.travelersquotes.Smoke_ValidateLoginTest" name="smoke_ValidateLoginTest" time="0.000">
    <skipped/>
  </testcase> <!-- smoke_ValidateLoginTest -->
  <system-out/>
  <testcase classname="testcases.E2Etestcasesuite.travelersquotes.Smoke_ValidateLoginTest" name="smoke_ValidateLoginTest" time="0.000">
    <skipped/>
  </testcase> <!-- smoke_ValidateLoginTest -->
  <system-out/>
  <testcase classname="testcases.E2Etestcasesuite.travelersquotes.Smoke_ValidateLoginTest" name="smoke_ValidateLoginTest" time="0.000">
    <skipped/>
  </testcase> <!-- smoke_ValidateLoginTest -->
  <system-out/>
  <testcase classname="testcases.E2Etestcasesuite.travelersquotes.Smoke_ValidateLoginTest" name="smoke_ValidateLoginTest" time="0.000">
    <skipped/>
  </testcase> <!-- smoke_ValidateLoginTest -->
  <system-out/>
  <testcase classname="testcases.E2Etestcasesuite.travelersquotes.Smoke_ValidateLoginTest" name="smoke_ValidateLoginTest" time="0.000">
    <skipped/>
  </testcase> <!-- smoke_ValidateLoginTest -->
  <system-out/>
  <testcase classname="testcases.E2Etestcasesuite.travelersquotes.Smoke_ValidateLoginTest" name="smoke_ValidateLoginTest" time="0.000">
    <skipped/>
  </testcase> <!-- smoke_ValidateLoginTest -->
  <system-out/>
  <testcase classname="testcases.E2Etestcasesuite.travelersquotes.Smoke_ValidateLoginTest" name="smoke_ValidateLoginTest" time="0.001">
    <skipped/>
  </testcase> <!-- smoke_ValidateLoginTest -->
  <system-out/>
  <testcase classname="testcases.E2Etestcasesuite.travelersquotes.Smoke_ValidateLoginTest" name="smoke_ValidateLoginTest" time="0.000">
    <skipped/>
  </testcase> <!-- smoke_ValidateLoginTest -->
  <system-out/>
  <testcase classname="testcases.E2Etestcasesuite.travelersquotes.Smoke_ValidateLoginTest" name="smoke_ValidateLoginTest" time="0.000">
    <skipped/>
  </testcase> <!-- smoke_ValidateLoginTest -->
  <system-out/>
  <testcase classname="testcases.E2Etestcasesuite.travelersquotes.Smoke_ValidateLoginTest" name="smoke_ValidateLoginTest" time="0.001">
    <skipped/>
  </testcase> <!-- smoke_ValidateLoginTest -->
  <system-out/>
  <testcase classname="testcases.E2Etestcasesuite.travelersquotes.Smoke_ValidateLoginTest" name="smoke_ValidateLoginTest" time="0.001">
    <skipped/>
  </testcase> <!-- smoke_ValidateLoginTest -->
  <system-out/>
  <testcase classname="testcases.E2Etestcasesuite.travelersquotes.Smoke_ValidateLoginTest" name="smoke_ValidateLoginTest" time="0.000">
    <skipped/>
  </testcase> <!-- smoke_ValidateLoginTest -->
  <system-out/>
  <testcase classname="testcases.E2Etestcasesuite.travelersquotes.Smoke_ValidateLoginTest" name="smoke_ValidateLoginTest" time="0.000">
    <skipped/>
  </testcase> <!-- smoke_ValidateLoginTest -->
  <system-out/>
  <testcase classname="testcases.E2Etestcasesuite.travelersquotes.Smoke_ValidateLoginTest" name="smoke_ValidateLoginTest" time="0.000">
    <skipped/>
  </testcase> <!-- smoke_ValidateLoginTest -->
  <system-out/>
  <testcase classname="testcases.E2Etestcasesuite.travelersquotes.Smoke_ValidateLoginTest" name="smoke_ValidateLoginTest" time="0.001">
    <skipped/>
  </testcase> <!-- smoke_ValidateLoginTest -->
  <system-out/>
  <testcase classname="testcases.E2Etestcasesuite.travelersquotes.Smoke_ValidateLoginTest" name="smoke_ValidateLoginTest" time="0.001">
    <skipped/>
  </testcase> <!-- smoke_ValidateLoginTest -->
  <system-out/>
  <testcase classname="testcases.E2Etestcasesuite.travelersquotes.Smoke_ValidateLoginTest" name="smoke_ValidateLoginTest" time="0.000">
    <skipped/>
  </testcase> <!-- smoke_ValidateLoginTest -->
  <system-out/>
  <testcase classname="testcases.E2Etestcasesuite.travelersquotes.Smoke_ValidateLoginTest" name="smoke_ValidateLoginTest" time="0.000">
    <skipped/>
  </testcase> <!-- smoke_ValidateLoginTest -->
  <system-out/>
  <testcase classname="testcases.E2Etestcasesuite.travelersquotes.Smoke_ValidateLoginTest" name="smoke_ValidateLoginTest" time="0.000">
    <skipped/>
  </testcase> <!-- smoke_ValidateLoginTest -->
  <system-out/>
  <testcase classname="testcases.E2Etestcasesuite.travelersquotes.Smoke_ValidateLoginTest" name="smoke_ValidateLoginTest" time="0.001">
    <skipped/>
  </testcase> <!-- smoke_ValidateLoginTest -->
  <system-out/>
  <testcase classname="testcases.E2Etestcasesuite.travelersquotes.Smoke_ValidateLoginTest" name="smoke_ValidateLoginTest" time="0.000">
    <skipped/>
  </testcase> <!-- smoke_ValidateLoginTest -->
  <system-out/>
  <testcase classname="testcases.E2Etestcasesuite.travelersquotes.Smoke_ValidateLoginTest" name="smoke_ValidateLoginTest" time="0.001">
    <skipped/>
  </testcase> <!-- smoke_ValidateLoginTest -->
  <system-out/>
  <testcase classname="testcases.E2Etestcasesuite.travelersquotes.Smoke_ValidateLoginTest" name="smoke_ValidateLoginTest" time="0.000">
    <skipped/>
  </testcase> <!-- smoke_ValidateLoginTest -->
  <system-out/>
  <testcase classname="testcases.E2Etestcasesuite.travelersquotes.Smoke_ValidateLoginTest" name="smoke_ValidateLoginTest" time="0.001">
    <skipped/>
  </testcase> <!-- smoke_ValidateLoginTest -->
  <system-out/>
  <testcase classname="testcases.E2Etestcasesuite.travelersquotes.Smoke_ValidateLoginTest" name="smoke_ValidateLoginTest" time="0.000">
    <skipped/>
  </testcase> <!-- smoke_ValidateLoginTest -->
  <system-out/>
  <testcase classname="testcases.E2Etestcasesuite.travelersquotes.Smoke_ValidateLoginTest" name="smoke_ValidateLoginTest" time="0.001">
    <skipped/>
  </testcase> <!-- smoke_ValidateLoginTest -->
  <system-out/>
  <testcase classname="testcases.E2Etestcasesuite.travelersquotes.Smoke_ValidateLoginTest" name="smoke_ValidateLoginTest" time="0.000">
    <skipped/>
  </testcase> <!-- smoke_ValidateLoginTest -->
  <system-out/>
  <testcase classname="testcases.E2Etestcasesuite.travelersquotes.Smoke_ValidateLoginTest" name="smoke_ValidateLoginTest" time="0.000">
    <skipped/>
  </testcase> <!-- smoke_ValidateLoginTest -->
  <system-out/>
  <testcase classname="testcases.E2Etestcasesuite.travelersquotes.Smoke_ValidateLoginTest" name="smoke_ValidateLoginTest" time="0.001">
    <skipped/>
  </testcase> <!-- smoke_ValidateLoginTest -->
  <system-out/>
  <testcase classname="testcases.E2Etestcasesuite.travelersquotes.Smoke_ValidateLoginTest" name="smoke_ValidateLoginTest" time="0.001">
    <skipped/>
  </testcase> <!-- smoke_ValidateLoginTest -->
  <system-out/>
  <testcase classname="testcases.E2Etestcasesuite.travelersquotes.Smoke_ValidateLoginTest" name="smoke_ValidateLoginTest" time="0.000">
    <skipped/>
  </testcase> <!-- smoke_ValidateLoginTest -->
  <system-out/>
  <testcase classname="testcases.E2Etestcasesuite.travelersquotes.Smoke_ValidateLoginTest" name="smoke_ValidateLoginTest" time="0.000">
    <skipped/>
  </testcase> <!-- smoke_ValidateLoginTest -->
  <system-out/>
  <testcase classname="testcases.E2Etestcasesuite.travelersquotes.Smoke_ValidateLoginTest" name="smoke_ValidateLoginTest" time="0.000">
    <skipped/>
  </testcase> <!-- smoke_ValidateLoginTest -->
  <system-out/>
  <testcase classname="testcases.E2Etestcasesuite.travelersquotes.Smoke_ValidateLoginTest" name="smoke_ValidateLoginTest" time="0.000">
    <skipped/>
  </testcase> <!-- smoke_ValidateLoginTest -->
  <system-out/>
  <testcase classname="testcases.E2Etestcasesuite.travelersquotes.Smoke_ValidateLoginTest" name="smoke_ValidateLoginTest" time="0.001">
    <skipped/>
  </testcase> <!-- smoke_ValidateLoginTest -->
  <system-out/>
  <testcase classname="testcases.E2Etestcasesuite.travelersquotes.Smoke_ValidateLoginTest" name="smoke_ValidateLoginTest" time="0.000">
    <skipped/>
  </testcase> <!-- smoke_ValidateLoginTest -->
  <system-out/>
  <testcase classname="testcases.E2Etestcasesuite.travelersquotes.Smoke_ValidateLoginTest" name="smoke_ValidateLoginTest" time="0.001">
    <skipped/>
  </testcase> <!-- smoke_ValidateLoginTest -->
  <system-out/>
  <testcase classname="testcases.E2Etestcasesuite.travelersquotes.Smoke_ValidateLoginTest" name="smoke_ValidateLoginTest" time="0.001">
    <skipped/>
  </testcase> <!-- smoke_ValidateLoginTest -->
  <system-out/>
  <testcase classname="testcases.E2Etestcasesuite.travelersquotes.Smoke_ValidateLoginTest" name="smoke_ValidateLoginTest" time="0.001">
    <skipped/>
  </testcase> <!-- smoke_ValidateLoginTest -->
  <system-out/>
  <testcase classname="testcases.E2Etestcasesuite.travelersquotes.Smoke_ValidateLoginTest" name="smoke_ValidateLoginTest" time="0.000">
    <skipped/>
  </testcase> <!-- smoke_ValidateLoginTest -->
  <system-out/>
  <testcase classname="testcases.E2Etestcasesuite.travelersquotes.Smoke_ValidateLoginTest" name="smoke_ValidateLoginTest" time="0.000">
    <skipped/>
  </testcase> <!-- smoke_ValidateLoginTest -->
  <system-out/>
  <testcase classname="testcases.E2Etestcasesuite.travelersquotes.Smoke_ValidateLoginTest" name="smoke_ValidateLoginTest" time="0.000">
    <skipped/>
  </testcase> <!-- smoke_ValidateLoginTest -->
  <system-out/>
  <testcase classname="testcases.E2Etestcasesuite.travelersquotes.Smoke_ValidateLoginTest" name="smoke_ValidateLoginTest" time="0.000">
    <skipped/>
  </testcase> <!-- smoke_ValidateLoginTest -->
  <system-out/>
  <testcase classname="testcases.E2Etestcasesuite.travelersquotes.Smoke_ValidateLoginTest" name="smoke_ValidateLoginTest" time="0.000">
    <skipped/>
  </testcase> <!-- smoke_ValidateLoginTest -->
  <system-out/>
  <testcase classname="testcases.E2Etestcasesuite.travelersquotes.Smoke_ValidateLoginTest" name="smoke_ValidateLoginTest" time="0.000">
    <skipped/>
  </testcase> <!-- smoke_ValidateLoginTest -->
  <system-out/>
  <testcase classname="testcases.E2Etestcasesuite.travelersquotes.Smoke_ValidateLoginTest" name="smoke_ValidateLoginTest" time="0.000">
    <skipped/>
  </testcase> <!-- smoke_ValidateLoginTest -->
  <system-out/>
  <testcase classname="testcases.E2Etestcasesuite.travelersquotes.Smoke_ValidateLoginTest" name="smoke_ValidateLoginTest" time="0.000">
    <skipped/>
  </testcase> <!-- smoke_ValidateLoginTest -->
  <system-out/>
  <testcase classname="testcases.E2Etestcasesuite.travelersquotes.Smoke_ValidateLoginTest" name="smoke_ValidateLoginTest" time="0.000">
    <skipped/>
  </testcase> <!-- smoke_ValidateLoginTest -->
  <system-out/>
  <testcase classname="testcases.E2Etestcasesuite.travelersquotes.Smoke_ValidateLoginTest" name="smoke_ValidateLoginTest" time="0.000">
    <skipped/>
  </testcase> <!-- smoke_ValidateLoginTest -->
  <system-out/>
  <testcase classname="testcases.E2Etestcasesuite.travelersquotes.Smoke_ValidateLoginTest" name="smoke_ValidateLoginTest" time="0.000">
    <skipped/>
  </testcase> <!-- smoke_ValidateLoginTest -->
  <system-out/>
  <testcase classname="testcases.E2Etestcasesuite.travelersquotes.Smoke_ValidateLoginTest" name="smoke_ValidateLoginTest" time="0.000">
    <skipped/>
  </testcase> <!-- smoke_ValidateLoginTest -->
  <system-out/>
  <testcase classname="testcases.E2Etestcasesuite.travelersquotes.Smoke_ValidateLoginTest" name="smoke_ValidateLoginTest" time="0.001">
    <skipped/>
  </testcase> <!-- smoke_ValidateLoginTest -->
  <system-out/>
  <testcase classname="testcases.E2Etestcasesuite.travelersquotes.Smoke_ValidateLoginTest" name="smoke_ValidateLoginTest" time="0.000">
    <skipped/>
  </testcase> <!-- smoke_ValidateLoginTest -->
  <system-out/>
  <testcase classname="testcases.E2Etestcasesuite.travelersquotes.Smoke_ValidateLoginTest" name="smoke_ValidateLoginTest" time="0.000">
    <skipped/>
  </testcase> <!-- smoke_ValidateLoginTest -->
  <system-out/>
  <testcase classname="testcases.E2Etestcasesuite.travelersquotes.Smoke_ValidateLoginTest" name="smoke_ValidateLoginTest" time="0.000">
    <skipped/>
  </testcase> <!-- smoke_ValidateLoginTest -->
  <system-out/>
  <testcase classname="testcases.E2Etestcasesuite.travelersquotes.Smoke_ValidateLoginTest" name="smoke_ValidateLoginTest" time="0.000">
    <skipped/>
  </testcase> <!-- smoke_ValidateLoginTest -->
  <system-out/>
  <testcase classname="testcases.E2Etestcasesuite.travelersquotes.Smoke_ValidateLoginTest" name="smoke_ValidateLoginTest" time="0.000">
    <skipped/>
  </testcase> <!-- smoke_ValidateLoginTest -->
  <system-out/>
  <testcase classname="testcases.E2Etestcasesuite.travelersquotes.Smoke_ValidateLoginTest" name="smoke_ValidateLoginTest" time="0.001">
    <skipped/>
  </testcase> <!-- smoke_ValidateLoginTest -->
  <system-out/>
  <testcase classname="testcases.E2Etestcasesuite.travelersquotes.Smoke_ValidateLoginTest" name="smoke_ValidateLoginTest" time="0.000">
    <skipped/>
  </testcase> <!-- smoke_ValidateLoginTest -->
  <system-out/>
  <testcase classname="testcases.E2Etestcasesuite.travelersquotes.Smoke_ValidateLoginTest" name="smoke_ValidateLoginTest" time="0.000">
    <skipped/>
  </testcase> <!-- smoke_ValidateLoginTest -->
  <system-out/>
  <testcase classname="testcases.E2Etestcasesuite.travelersquotes.Smoke_ValidateLoginTest" name="smoke_ValidateLoginTest" time="0.000">
    <skipped/>
  </testcase> <!-- smoke_ValidateLoginTest -->
  <system-out/>
  <testcase classname="testcases.E2Etestcasesuite.travelersquotes.Smoke_ValidateLoginTest" name="smoke_ValidateLoginTest" time="0.001">
    <skipped/>
  </testcase> <!-- smoke_ValidateLoginTest -->
  <system-out/>
  <testcase classname="testcases.E2Etestcasesuite.travelersquotes.Smoke_ValidateLoginTest" name="smoke_ValidateLoginTest" time="0.000">
    <skipped/>
  </testcase> <!-- smoke_ValidateLoginTest -->
  <system-out/>
  <testcase classname="testcases.E2Etestcasesuite.travelersquotes.Smoke_ValidateLoginTest" name="smoke_ValidateLoginTest" time="0.001">
    <skipped/>
  </testcase> <!-- smoke_ValidateLoginTest -->
  <system-out/>
  <testcase classname="testcases.E2Etestcasesuite.travelersquotes.Smoke_ValidateLoginTest" name="smoke_ValidateLoginTest" time="0.000">
    <skipped/>
  </testcase> <!-- smoke_ValidateLoginTest -->
  <system-out/>
  <testcase classname="testcases.E2Etestcasesuite.travelersquotes.Smoke_ValidateLoginTest" name="smoke_ValidateLoginTest" time="0.000">
    <skipped/>
  </testcase> <!-- smoke_ValidateLoginTest -->
  <system-out/>
  <testcase classname="testcases.E2Etestcasesuite.travelersquotes.Smoke_ValidateLoginTest" name="smoke_ValidateLoginTest" time="0.000">
    <skipped/>
  </testcase> <!-- smoke_ValidateLoginTest -->
  <system-out/>
  <testcase classname="testcases.E2Etestcasesuite.travelersquotes.Smoke_ValidateLoginTest" name="smoke_ValidateLoginTest" time="0.001">
    <skipped/>
  </testcase> <!-- smoke_ValidateLoginTest -->
  <system-out/>
  <testcase classname="testcases.E2Etestcasesuite.travelersquotes.Smoke_ValidateLoginTest" name="smoke_ValidateLoginTest" time="0.000">
    <skipped/>
  </testcase> <!-- smoke_ValidateLoginTest -->
  <system-out/>
  <testcase classname="testcases.E2Etestcasesuite.travelersquotes.Smoke_ValidateLoginTest" name="smoke_ValidateLoginTest" time="0.001">
    <skipped/>
  </testcase> <!-- smoke_ValidateLoginTest -->
  <system-out/>
  <testcase classname="testcases.E2Etestcasesuite.travelersquotes.Smoke_ValidateLoginTest" name="smoke_ValidateLoginTest" time="0.000">
    <skipped/>
  </testcase> <!-- smoke_ValidateLoginTest -->
  <system-out/>
  <testcase classname="testcases.E2Etestcasesuite.travelersquotes.Smoke_ValidateLoginTest" name="smoke_ValidateLoginTest" time="0.000">
    <skipped/>
  </testcase> <!-- smoke_ValidateLoginTest -->
  <system-out/>
  <testcase classname="testcases.E2Etestcasesuite.travelersquotes.Smoke_ValidateLoginTest" name="smoke_ValidateLoginTest" time="0.000">
    <skipped/>
  </testcase> <!-- smoke_ValidateLoginTest -->
  <system-out/>
  <testcase classname="testcases.E2Etestcasesuite.travelersquotes.Smoke_ValidateLoginTest" name="smoke_ValidateLoginTest" time="0.001">
    <skipped/>
  </testcase> <!-- smoke_ValidateLoginTest -->
  <system-out/>
  <testcase classname="testcases.E2Etestcasesuite.travelersquotes.Smoke_ValidateLoginTest" name="smoke_ValidateLoginTest" time="0.001">
    <skipped/>
  </testcase> <!-- smoke_ValidateLoginTest -->
  <system-out/>
  <testcase classname="testcases.E2Etestcasesuite.travelersquotes.Smoke_ValidateLoginTest" name="smoke_ValidateLoginTest" time="0.000">
    <skipped/>
  </testcase> <!-- smoke_ValidateLoginTest -->
  <system-out/>
  <testcase classname="testcases.E2Etestcasesuite.travelersquotes.Smoke_ValidateLoginTest" name="smoke_ValidateLoginTest" time="0.000">
    <skipped/>
  </testcase> <!-- smoke_ValidateLoginTest -->
  <system-out/>
  <testcase classname="testcases.E2Etestcasesuite.travelersquotes.Smoke_ValidateLoginTest" name="smoke_ValidateLoginTest" time="0.000">
    <skipped/>
  </testcase> <!-- smoke_ValidateLoginTest -->
  <system-out/>
  <testcase classname="testcases.E2Etestcasesuite.travelersquotes.Smoke_ValidateLoginTest" name="smoke_ValidateLoginTest" time="0.000">
    <skipped/>
  </testcase> <!-- smoke_ValidateLoginTest -->
  <system-out/>
  <testcase classname="testcases.E2Etestcasesuite.travelersquotes.Smoke_ValidateLoginTest" name="smoke_ValidateLoginTest" time="0.000">
    <skipped/>
  </testcase> <!-- smoke_ValidateLoginTest -->
  <system-out/>
  <testcase classname="testcases.E2Etestcasesuite.travelersquotes.Smoke_ValidateLoginTest" name="smoke_ValidateLoginTest" time="0.001">
    <skipped/>
  </testcase> <!-- smoke_ValidateLoginTest -->
  <system-out/>
  <testcase classname="testcases.E2Etestcasesuite.travelersquotes.Smoke_ValidateLoginTest" name="smoke_ValidateLoginTest" time="0.000">
    <skipped/>
  </testcase> <!-- smoke_ValidateLoginTest -->
  <system-out/>
  <testcase classname="testcases.E2Etestcasesuite.travelersquotes.Smoke_ValidateLoginTest" name="smoke_ValidateLoginTest" time="0.000">
    <skipped/>
  </testcase> <!-- smoke_ValidateLoginTest -->
  <system-out/>
  <testcase classname="testcases.E2Etestcasesuite.travelersquotes.Smoke_ValidateLoginTest" name="smoke_ValidateLoginTest" time="0.000">
    <skipped/>
  </testcase> <!-- smoke_ValidateLoginTest -->
  <system-out/>
  <testcase classname="testcases.E2Etestcasesuite.travelersquotes.Smoke_ValidateLoginTest" name="smoke_ValidateLoginTest" time="0.000">
    <skipped/>
  </testcase> <!-- smoke_ValidateLoginTest -->
  <system-out/>
  <testcase classname="testcases.E2Etestcasesuite.travelersquotes.Smoke_ValidateLoginTest" name="smoke_ValidateLoginTest" time="0.000">
    <skipped/>
  </testcase> <!-- smoke_ValidateLoginTest -->
  <system-out/>
  <testcase classname="testcases.E2Etestcasesuite.travelersquotes.Smoke_ValidateLoginTest" name="smoke_ValidateLoginTest" time="0.001">
    <skipped/>
  </testcase> <!-- smoke_ValidateLoginTest -->
  <system-out/>
  <testcase classname="testcases.E2Etestcasesuite.travelersquotes.Smoke_ValidateLoginTest" name="smoke_ValidateLoginTest" time="0.001">
    <skipped/>
  </testcase> <!-- smoke_ValidateLoginTest -->
  <system-out/>
  <testcase classname="testcases.E2Etestcasesuite.travelersquotes.Smoke_ValidateLoginTest" name="smoke_ValidateLoginTest" time="0.000">
    <skipped/>
  </testcase> <!-- smoke_ValidateLoginTest -->
  <system-out/>
  <testcase classname="testcases.E2Etestcasesuite.travelersquotes.Smoke_ValidateLoginTest" name="smoke_ValidateLoginTest" time="0.000">
    <skipped/>
  </testcase> <!-- smoke_ValidateLoginTest -->
  <system-out/>
  <testcase classname="testcases.E2Etestcasesuite.travelersquotes.Smoke_ValidateLoginTest" name="smoke_ValidateLoginTest" time="0.000">
    <skipped/>
  </testcase> <!-- smoke_ValidateLoginTest -->
  <system-out/>
  <testcase classname="testcases.E2Etestcasesuite.travelersquotes.Smoke_ValidateLoginTest" name="smoke_ValidateLoginTest" time="23.808">
    <error message="no such element: Unable to locate element: {&quot;method&quot;:&quot;xpath&quot;,&quot;selector&quot;:&quot;//span[@id=&#039;js-user-id&#039;]&quot;}
  (Session info: chrome=120.0.6099.71)
For documentation on this error, please visit: https://www.seleniumhq.org/exceptions/no_such_element.html
Build info: version: &#039;3.141.59&#039;, revision: &#039;e82be7d358&#039;, time: &#039;2018-11-14T08:17:03&#039;
System info: host: &#039;Rushans-Mac-mini.local&#039;, ip: &#039;127.0.0.1&#039;, os.name: &#039;Mac OS X&#039;, os.arch: &#039;x86_64&#039;, os.version: &#039;13.4.1&#039;, java.version: &#039;17.0.7&#039;
Driver info: org.openqa.selenium.chrome.ChromeDriver
Capabilities {acceptInsecureCerts: false, browserName: chrome, browserVersion: 120.0.6099.71, chrome: {chromedriverVersion: 120.0.6099.71 (9729082fe617..., userDataDir: /var/folders/b7/_gnptsqx6k3...}, fedcm:accounts: true, goog:chromeOptions: {debuggerAddress: localhost:53841}, javascriptEnabled: true, networkConnectionEnabled: false, pageLoadStrategy: normal, platform: MAC, platformName: MAC, proxy: Proxy(), setWindowRect: true, strictFileInteractability: false, timeouts: {implicit: 0, pageLoad: 300000, script: 30000}, unhandledPromptBehavior: dismiss and notify, webauthn:extension:credBlob: true, webauthn:extension:largeBlob: true, webauthn:extension:minPinLength: true, webauthn:extension:prf: true, webauthn:virtualAuthenticators: true}
Session ID: f30a89cbecee7900dcf7dfd65fd9867d
*** Element info: {Using=xpath, value=//span[@id=&#039;js-user-id&#039;]}" type="org.openqa.selenium.NoSuchElementException">
      <![CDATA[org.openqa.selenium.NoSuchElementException: no such element: Unable to locate element: {"method":"xpath","selector":"//span[@id='js-user-id']"}
  (Session info: chrome=120.0.6099.71)
For documentation on this error, please visit: https://www.seleniumhq.org/exceptions/no_such_element.html
Build info: version: '3.141.59', revision: 'e82be7d358', time: '2018-11-14T08:17:03'
System info: host: 'Rushans-Mac-mini.local', ip: '127.0.0.1', os.name: 'Mac OS X', os.arch: 'x86_64', os.version: '13.4.1', java.version: '17.0.7'
Driver info: org.openqa.selenium.chrome.ChromeDriver
Capabilities {acceptInsecureCerts: false, browserName: chrome, browserVersion: 120.0.6099.71, chrome: {chromedriverVersion: 120.0.6099.71 (9729082fe617..., userDataDir: /var/folders/b7/_gnptsqx6k3...}, fedcm:accounts: true, goog:chromeOptions: {debuggerAddress: localhost:53841}, javascriptEnabled: true, networkConnectionEnabled: false, pageLoadStrategy: normal, platform: MAC, platformName: MAC, proxy: Proxy(), setWindowRect: true, strictFileInteractability: false, timeouts: {implicit: 0, pageLoad: 300000, script: 30000}, unhandledPromptBehavior: dismiss and notify, webauthn:extension:credBlob: true, webauthn:extension:largeBlob: true, webauthn:extension:minPinLength: true, webauthn:extension:prf: true, webauthn:virtualAuthenticators: true}
Session ID: f30a89cbecee7900dcf7dfd65fd9867d
*** Element info: {Using=xpath, value=//span[@id='js-user-id']}
at java.base/jdk.internal.reflect.NativeConstructorAccessorImpl.newInstance0(Native Method)
at java.base/jdk.internal.reflect.NativeConstructorAccessorImpl.newInstance(NativeConstructorAccessorImpl.java:77)
at java.base/jdk.internal.reflect.DelegatingConstructorAccessorImpl.newInstance(DelegatingConstructorAccessorImpl.java:45)
at java.base/java.lang.reflect.Constructor.newInstanceWithCaller(Constructor.java:499)
at java.base/java.lang.reflect.Constructor.newInstance(Constructor.java:480)
at org.openqa.selenium.remote.http.W3CHttpResponseCodec.createException(W3CHttpResponseCodec.java:187)
at org.openqa.selenium.remote.http.W3CHttpResponseCodec.decode(W3CHttpResponseCodec.java:122)
at org.openqa.selenium.remote.http.W3CHttpResponseCodec.decode(W3CHttpResponseCodec.java:49)
at org.openqa.selenium.remote.HttpCommandExecutor.execute(HttpCommandExecutor.java:158)
at org.openqa.selenium.remote.service.DriverCommandExecutor.execute(DriverCommandExecutor.java:83)
at org.openqa.selenium.remote.RemoteWebDriver.execute(RemoteWebDriver.java:552)
at org.openqa.selenium.remote.RemoteWebDriver.findElement(RemoteWebDriver.java:323)
at org.openqa.selenium.remote.RemoteWebDriver.findElementByXPath(RemoteWebDriver.java:428)
at org.openqa.selenium.By$ByXPath.findElement(By.java:353)
at org.openqa.selenium.remote.RemoteWebDriver.findElement(RemoteWebDriver.java:315)
at testcases.E2Etestcasesuite.travelersquotes.Smoke_ValidateLoginTest.smoke_ValidateLoginTest(Smoke_ValidateLoginTest.java:26)
at java.base/jdk.internal.reflect.NativeMethodAccessorImpl.invoke0(Native Method)
at java.base/jdk.internal.reflect.NativeMethodAccessorImpl.invoke(NativeMethodAccessorImpl.java:77)
at java.base/jdk.internal.reflect.DelegatingMethodAccessorImpl.invoke(DelegatingMethodAccessorImpl.java:43)
at java.base/java.lang.reflect.Method.invoke(Method.java:568)
at org.testng.internal.MethodInvocationHelper.invokeMethod(MethodInvocationHelper.java:134)
at org.testng.internal.TestInvoker.invokeMethod(TestInvoker.java:597)
at org.testng.internal.TestInvoker.invokeTestMethod(TestInvoker.java:173)
at org.testng.internal.MethodRunner.runInSequence(MethodRunner.java:46)
at org.testng.internal.TestInvoker$MethodInvocationAgent.invoke(TestInvoker.java:816)
at org.testng.internal.TestInvoker.invokeTestMethods(TestInvoker.java:146)
at org.testng.internal.TestMethodWorker.invokeTestMethods(TestMethodWorker.java:146)
at org.testng.internal.TestMethodWorker.run(TestMethodWorker.java:128)
at java.base/java.util.ArrayList.forEach(ArrayList.java:1511)
at org.testng.TestRunner.privateRun(TestRunner.java:766)
at org.testng.TestRunner.run(TestRunner.java:587)
at org.testng.SuiteRunner.runTest(SuiteRunner.java:384)
at org.testng.SuiteRunner.runSequentially(SuiteRunner.java:378)
at org.testng.SuiteRunner.privateRun(SuiteRunner.java:337)
at org.testng.SuiteRunner.run(SuiteRunner.java:286)
at org.testng.SuiteRunnerWorker.runSuite(SuiteRunnerWorker.java:53)
at org.testng.SuiteRunnerWorker.run(SuiteRunnerWorker.java:96)
at org.testng.TestNG.runSuitesSequentially(TestNG.java:1187)
at org.testng.TestNG.runSuitesLocally(TestNG.java:1109)
at org.testng.TestNG.runSuites(TestNG.java:1039)
at org.testng.TestNG.run(TestNG.java:1007)
at org.testng.remote.AbstractRemoteTestNG.run(AbstractRemoteTestNG.java:115)
at org.testng.remote.RemoteTestNG.initAndRun(RemoteTestNG.java:251)
at org.testng.remote.RemoteTestNG.main(RemoteTestNG.java:77)
]]>
    </error>
  </testcase> <!-- smoke_ValidateLoginTest -->
  <system-out>
Console ---> Executing the test SMOKE_VALIDATELOGINTEST as the Run mode is YES Console ---> Clearing the : userID_XPATH Console ---> Cleared the : userID_XPATH Console ---> Typing the details in the : userID_XPATH field. Console ---> Typed the details in the : userID_XPATH field and entered value as "fcechinel1" Console ---> Clearing the : password_XPATH Console ---> Cleared the : password_XPATH Console ---> Typing the details in the : password_XPATH field. Console ---> Typed the details in the : password_XPATH field and entered value as "Brasil2023!" Console ---> Clicking on the : login_XPATH Console ---> Clicked on the : login_XPATH Click to see screenshot <a target="_blank" href=Mon_Dec_11_14_01_39_IST_2023.jpg>ScreenShot</a> <br> <br> <a target="_blank" href=Mon_Dec_11_14_01_39_IST_2023.jpg><img src=Mon_Dec_11_14_01_39_IST_2023.jpg height=200 width=200></img></a>  </system-out>
  <testcase classname="testcases.E2Etestcasesuite.travelersquotes.Smoke_ValidateLoginTest" name="smoke_ValidateLoginTest" time="0.001">
    <skipped/>
  </testcase> <!-- smoke_ValidateLoginTest -->
  <system-out/>
  <testcase classname="testcases.E2Etestcasesuite.travelersquotes.Smoke_ValidateLoginTest" name="smoke_ValidateLoginTest" time="0.000">
    <skipped/>
  </testcase> <!-- smoke_ValidateLoginTest -->
  <system-out/>
  <testcase classname="testcases.E2Etestcasesuite.travelersquotes.Smoke_ValidateLoginTest" name="smoke_ValidateLoginTest" time="0.000">
    <skipped/>
  </testcase> <!-- smoke_ValidateLoginTest -->
  <system-out/>
  <testcase classname="testcases.E2Etestcasesuite.travelersquotes.Smoke_ValidateLoginTest" name="smoke_ValidateLoginTest" time="0.000">
    <skipped/>
  </testcase> <!-- smoke_ValidateLoginTest -->
  <system-out/>
  <testcase classname="testcases.E2Etestcasesuite.travelersquotes.Smoke_ValidateLoginTest" name="smoke_ValidateLoginTest" time="0.000">
    <skipped/>
  </testcase> <!-- smoke_ValidateLoginTest -->
  <system-out/>
  <testcase classname="testcases.E2Etestcasesuite.travelersquotes.Smoke_ValidateLoginTest" name="smoke_ValidateLoginTest" time="0.001">
    <skipped/>
  </testcase> <!-- smoke_ValidateLoginTest -->
  <system-out/>
  <testcase classname="testcases.E2Etestcasesuite.travelersquotes.Smoke_ValidateLoginTest" name="smoke_ValidateLoginTest" time="0.000">
    <skipped/>
  </testcase> <!-- smoke_ValidateLoginTest -->
  <system-out/>
  <testcase classname="testcases.E2Etestcasesuite.travelersquotes.Smoke_ValidateLoginTest" name="smoke_ValidateLoginTest" time="0.000">
    <skipped/>
  </testcase> <!-- smoke_ValidateLoginTest -->
  <system-out/>
  <testcase classname="testcases.E2Etestcasesuite.travelersquotes.Smoke_ValidateLoginTest" name="smoke_ValidateLoginTest" time="0.001">
    <skipped/>
  </testcase> <!-- smoke_ValidateLoginTest -->
  <system-out/>
  <testcase classname="testcases.E2Etestcasesuite.travelersquotes.Smoke_ValidateLoginTest" name="smoke_ValidateLoginTest" time="0.000">
    <skipped/>
  </testcase> <!-- smoke_ValidateLoginTest -->
  <system-out/>
  <testcase classname="testcases.E2Etestcasesuite.travelersquotes.Smoke_ValidateLoginTest" name="smoke_ValidateLoginTest" time="0.000">
    <skipped/>
  </testcase> <!-- smoke_ValidateLoginTest -->
  <system-out/>
  <testcase classname="testcases.E2Etestcasesuite.travelersquotes.Smoke_ValidateLoginTest" name="smoke_ValidateLoginTest" time="0.000">
    <skipped/>
  </testcase> <!-- smoke_ValidateLoginTest -->
  <system-out/>
  <testcase classname="testcases.E2Etestcasesuite.travelersquotes.Smoke_ValidateLoginTest" name="smoke_ValidateLoginTest" time="0.000">
    <skipped/>
  </testcase> <!-- smoke_ValidateLoginTest -->
  <system-out/>
  <testcase classname="testcases.E2Etestcasesuite.travelersquotes.Smoke_ValidateLoginTest" name="smoke_ValidateLoginTest" time="0.000">
    <skipped/>
  </testcase> <!-- smoke_ValidateLoginTest -->
  <system-out/>
  <testcase classname="testcases.E2Etestcasesuite.travelersquotes.Smoke_ValidateLoginTest" name="smoke_ValidateLoginTest" time="0.001">
    <skipped/>
  </testcase> <!-- smoke_ValidateLoginTest -->
  <system-out/>
  <testcase classname="testcases.E2Etestcasesuite.travelersquotes.Smoke_ValidateLoginTest" name="smoke_ValidateLoginTest" time="0.000">
    <skipped/>
  </testcase> <!-- smoke_ValidateLoginTest -->
  <system-out/>
  <testcase classname="testcases.E2Etestcasesuite.travelersquotes.Smoke_ValidateLoginTest" name="smoke_ValidateLoginTest" time="0.001">
    <skipped/>
  </testcase> <!-- smoke_ValidateLoginTest -->
  <system-out/>
  <testcase classname="testcases.E2Etestcasesuite.travelersquotes.Smoke_ValidateLoginTest" name="smoke_ValidateLoginTest" time="0.000">
    <skipped/>
  </testcase> <!-- smoke_ValidateLoginTest -->
  <system-out/>
  <testcase classname="testcases.E2Etestcasesuite.travelersquotes.Smoke_ValidateLoginTest" name="smoke_ValidateLoginTest" time="0.000">
    <skipped/>
  </testcase> <!-- smoke_ValidateLoginTest -->
  <system-out/>
  <testcase classname="testcases.E2Etestcasesuite.travelersquotes.Smoke_ValidateLoginTest" name="smoke_ValidateLoginTest" time="0.000">
    <skipped/>
  </testcase> <!-- smoke_ValidateLoginTest -->
  <system-out/>
  <testcase classname="testcases.E2Etestcasesuite.travelersquotes.Smoke_ValidateLoginTest" name="smoke_ValidateLoginTest" time="0.000">
    <skipped/>
  </testcase> <!-- smoke_ValidateLoginTest -->
  <system-out/>
  <testcase classname="testcases.E2Etestcasesuite.travelersquotes.Smoke_ValidateLoginTest" name="smoke_ValidateLoginTest" time="0.001">
    <skipped/>
  </testcase> <!-- smoke_ValidateLoginTest -->
  <system-out/>
  <testcase classname="testcases.E2Etestcasesuite.travelersquotes.Smoke_ValidateLoginTest" name="smoke_ValidateLoginTest" time="0.000">
    <skipped/>
  </testcase> <!-- smoke_ValidateLoginTest -->
  <system-out/>
  <testcase classname="testcases.E2Etestcasesuite.travelersquotes.Smoke_ValidateLoginTest" name="smoke_ValidateLoginTest" time="0.001">
    <skipped/>
  </testcase> <!-- smoke_ValidateLoginTest -->
  <system-out/>
  <testcase classname="testcases.E2Etestcasesuite.travelersquotes.Smoke_ValidateLoginTest" name="smoke_ValidateLoginTest" time="0.000">
    <skipped/>
  </testcase> <!-- smoke_ValidateLoginTest -->
  <system-out/>
  <testcase classname="testcases.E2Etestcasesuite.travelersquotes.Smoke_ValidateLoginTest" name="smoke_ValidateLoginTest" time="0.000">
    <skipped/>
  </testcase> <!-- smoke_ValidateLoginTest -->
  <system-out/>
  <testcase classname="testcases.E2Etestcasesuite.travelersquotes.Smoke_ValidateLoginTest" name="smoke_ValidateLoginTest" time="0.001">
    <skipped/>
  </testcase> <!-- smoke_ValidateLoginTest -->
  <system-out/>
  <testcase classname="testcases.E2Etestcasesuite.travelersquotes.Smoke_ValidateLoginTest" name="smoke_ValidateLoginTest" time="0.000">
    <skipped/>
  </testcase> <!-- smoke_ValidateLoginTest -->
  <system-out/>
  <testcase classname="testcases.E2Etestcasesuite.travelersquotes.Smoke_ValidateLoginTest" name="smoke_ValidateLoginTest" time="0.000">
    <skipped/>
  </testcase> <!-- smoke_ValidateLoginTest -->
  <system-out/>
  <testcase classname="testcases.E2Etestcasesuite.travelersquotes.Smoke_ValidateLoginTest" name="smoke_ValidateLoginTest" time="0.001">
    <skipped/>
  </testcase> <!-- smoke_ValidateLoginTest -->
  <system-out/>
  <testcase classname="testcases.E2Etestcasesuite.travelersquotes.Smoke_ValidateLoginTest" name="smoke_ValidateLoginTest" time="0.001">
    <skipped/>
  </testcase> <!-- smoke_ValidateLoginTest -->
  <system-out/>
  <testcase classname="testcases.E2Etestcasesuite.travelersquotes.Smoke_ValidateLoginTest" name="smoke_ValidateLoginTest" time="0.000">
    <skipped/>
  </testcase> <!-- smoke_ValidateLoginTest -->
  <system-out/>
  <testcase classname="testcases.E2Etestcasesuite.travelersquotes.Smoke_ValidateLoginTest" name="smoke_ValidateLoginTest" time="0.000">
    <skipped/>
  </testcase> <!-- smoke_ValidateLoginTest -->
  <system-out/>
  <testcase classname="testcases.E2Etestcasesuite.travelersquotes.Smoke_ValidateLoginTest" name="smoke_ValidateLoginTest" time="0.001">
    <skipped/>
  </testcase> <!-- smoke_ValidateLoginTest -->
  <system-out/>
  <testcase classname="testcases.E2Etestcasesuite.travelersquotes.Smoke_ValidateLoginTest" name="smoke_ValidateLoginTest" time="0.000">
    <skipped/>
  </testcase> <!-- smoke_ValidateLoginTest -->
  <system-out/>
  <testcase classname="testcases.E2Etestcasesuite.travelersquotes.Smoke_ValidateLoginTest" name="smoke_ValidateLoginTest" time="0.000">
    <skipped/>
  </testcase> <!-- smoke_ValidateLoginTest -->
  <system-out/>
  <testcase classname="testcases.E2Etestcasesuite.travelersquotes.Smoke_ValidateLoginTest" name="smoke_ValidateLoginTest" time="0.000">
    <skipped/>
  </testcase> <!-- smoke_ValidateLoginTest -->
  <system-out/>
  <testcase classname="testcases.E2Etestcasesuite.travelersquotes.Smoke_ValidateLoginTest" name="smoke_ValidateLoginTest" time="0.000">
    <skipped/>
  </testcase> <!-- smoke_ValidateLoginTest -->
  <system-out/>
  <testcase classname="testcases.E2Etestcasesuite.travelersquotes.Smoke_ValidateLoginTest" name="smoke_ValidateLoginTest" time="0.000">
    <skipped/>
  </testcase> <!-- smoke_ValidateLoginTest -->
  <system-out/>
  <testcase classname="testcases.E2Etestcasesuite.travelersquotes.Smoke_ValidateLoginTest" name="smoke_ValidateLoginTest" time="0.001">
    <skipped/>
  </testcase> <!-- smoke_ValidateLoginTest -->
  <system-out/>
  <testcase classname="testcases.E2Etestcasesuite.travelersquotes.Smoke_ValidateLoginTest" name="smoke_ValidateLoginTest" time="0.000">
    <skipped/>
  </testcase> <!-- smoke_ValidateLoginTest -->
  <system-out/>
  <testcase classname="testcases.E2Etestcasesuite.travelersquotes.Smoke_ValidateLoginTest" name="smoke_ValidateLoginTest" time="0.001">
    <skipped/>
  </testcase> <!-- smoke_ValidateLoginTest -->
  <system-out/>
  <testcase classname="testcases.E2Etestcasesuite.travelersquotes.Smoke_ValidateLoginTest" name="smoke_ValidateLoginTest" time="0.001">
    <skipped/>
  </testcase> <!-- smoke_ValidateLoginTest -->
  <system-out/>
  <testcase classname="testcases.E2Etestcasesuite.travelersquotes.Smoke_ValidateLoginTest" name="smoke_ValidateLoginTest" time="0.000">
    <skipped/>
  </testcase> <!-- smoke_ValidateLoginTest -->
  <system-out/>
  <testcase classname="testcases.E2Etestcasesuite.travelersquotes.Smoke_ValidateLoginTest" name="smoke_ValidateLoginTest" time="0.000">
    <skipped/>
  </testcase> <!-- smoke_ValidateLoginTest -->
  <system-out/>
  <testcase classname="testcases.E2Etestcasesuite.travelersquotes.Smoke_ValidateLoginTest" name="smoke_ValidateLoginTest" time="0.000">
    <skipped/>
  </testcase> <!-- smoke_ValidateLoginTest -->
  <system-out/>
  <testcase classname="testcases.E2Etestcasesuite.travelersquotes.Smoke_ValidateLoginTest" name="smoke_ValidateLoginTest" time="0.000">
    <skipped/>
  </testcase> <!-- smoke_ValidateLoginTest -->
  <system-out/>
  <testcase classname="testcases.E2Etestcasesuite.travelersquotes.Smoke_ValidateLoginTest" name="smoke_ValidateLoginTest" time="0.000">
    <skipped/>
  </testcase> <!-- smoke_ValidateLoginTest -->
  <system-out/>
  <testcase classname="testcases.E2Etestcasesuite.travelersquotes.Smoke_ValidateLoginTest" name="smoke_ValidateLoginTest" time="0.001">
    <skipped/>
  </testcase> <!-- smoke_ValidateLoginTest -->
  <system-out/>
  <testcase classname="testcases.E2Etestcasesuite.travelersquotes.Smoke_ValidateLoginTest" name="smoke_ValidateLoginTest" time="0.000">
    <skipped/>
  </testcase> <!-- smoke_ValidateLoginTest -->
  <system-out/>
  <testcase classname="testcases.E2Etestcasesuite.travelersquotes.Smoke_ValidateLoginTest" name="smoke_ValidateLoginTest" time="0.001">
    <skipped/>
  </testcase> <!-- smoke_ValidateLoginTest -->
  <system-out/>
  <testcase classname="testcases.E2Etestcasesuite.travelersquotes.Smoke_ValidateLoginTest" name="smoke_ValidateLoginTest" time="0.000">
    <skipped/>
  </testcase> <!-- smoke_ValidateLoginTest -->
  <system-out/>
  <testcase classname="testcases.E2Etestcasesuite.travelersquotes.Smoke_ValidateLoginTest" name="smoke_ValidateLoginTest" time="0.000">
    <skipped/>
  </testcase> <!-- smoke_ValidateLoginTest -->
  <system-out/>
  <testcase classname="testcases.E2Etestcasesuite.travelersquotes.Smoke_ValidateLoginTest" name="smoke_ValidateLoginTest" time="0.001">
    <skipped/>
  </testcase> <!-- smoke_ValidateLoginTest -->
  <system-out/>
  <testcase classname="testcases.E2Etestcasesuite.travelersquotes.Smoke_ValidateLoginTest" name="smoke_ValidateLoginTest" time="0.000">
    <skipped/>
  </testcase> <!-- smoke_ValidateLoginTest -->
  <system-out/>
  <testcase classname="testcases.E2Etestcasesuite.travelersquotes.Smoke_ValidateLoginTest" name="smoke_ValidateLoginTest" time="0.000">
    <skipped/>
  </testcase> <!-- smoke_ValidateLoginTest -->
  <system-out/>
  <testcase classname="testcases.E2Etestcasesuite.travelersquotes.Smoke_ValidateLoginTest" name="smoke_ValidateLoginTest" time="0.000">
    <skipped/>
  </testcase> <!-- smoke_ValidateLoginTest -->
  <system-out/>
  <testcase classname="testcases.E2Etestcasesuite.travelersquotes.Smoke_ValidateLoginTest" name="smoke_ValidateLoginTest" time="0.000">
    <skipped/>
  </testcase> <!-- smoke_ValidateLoginTest -->
  <system-out/>
  <testcase classname="testcases.E2Etestcasesuite.travelersquotes.Smoke_ValidateLoginTest" name="smoke_ValidateLoginTest" time="0.000">
    <skipped/>
  </testcase> <!-- smoke_ValidateLoginTest -->
  <system-out/>
  <testcase classname="testcases.E2Etestcasesuite.travelersquotes.Smoke_ValidateLoginTest" name="smoke_ValidateLoginTest" time="0.000">
    <skipped/>
  </testcase> <!-- smoke_ValidateLoginTest -->
  <system-out/>
  <testcase classname="testcases.E2Etestcasesuite.travelersquotes.Smoke_ValidateLoginTest" name="smoke_ValidateLoginTest" time="0.001">
    <skipped/>
  </testcase> <!-- smoke_ValidateLoginTest -->
  <system-out/>
  <testcase classname="testcases.E2Etestcasesuite.travelersquotes.Smoke_ValidateLoginTest" name="smoke_ValidateLoginTest" time="0.001">
    <skipped/>
  </testcase> <!-- smoke_ValidateLoginTest -->
  <system-out/>
  <testcase classname="testcases.E2Etestcasesuite.travelersquotes.Smoke_ValidateLoginTest" name="smoke_ValidateLoginTest" time="0.000">
    <skipped/>
  </testcase> <!-- smoke_ValidateLoginTest -->
  <system-out/>
  <testcase classname="testcases.E2Etestcasesuite.travelersquotes.Smoke_ValidateLoginTest" name="smoke_ValidateLoginTest" time="0.000">
    <skipped/>
  </testcase> <!-- smoke_ValidateLoginTest -->
  <system-out/>
  <testcase classname="testcases.E2Etestcasesuite.travelersquotes.Smoke_ValidateLoginTest" name="smoke_ValidateLoginTest" time="0.001">
    <skipped/>
  </testcase> <!-- smoke_ValidateLoginTest -->
  <system-out/>
  <testcase classname="testcases.E2Etestcasesuite.travelersquotes.Smoke_ValidateLoginTest" name="smoke_ValidateLoginTest" time="0.001">
    <skipped/>
  </testcase> <!-- smoke_ValidateLoginTest -->
  <system-out/>
  <testcase classname="testcases.E2Etestcasesuite.travelersquotes.Smoke_ValidateLoginTest" name="smoke_ValidateLoginTest" time="0.000">
    <skipped/>
  </testcase> <!-- smoke_ValidateLoginTest -->
  <system-out/>
  <testcase classname="testcases.E2Etestcasesuite.travelersquotes.Smoke_ValidateLoginTest" name="smoke_ValidateLoginTest" time="0.000">
    <skipped/>
  </testcase> <!-- smoke_ValidateLoginTest -->
  <system-out/>
  <testcase classname="testcases.E2Etestcasesuite.travelersquotes.Smoke_ValidateLoginTest" name="smoke_ValidateLoginTest" time="0.000">
    <skipped/>
  </testcase> <!-- smoke_ValidateLoginTest -->
  <system-out/>
  <testcase classname="testcases.E2Etestcasesuite.travelersquotes.Smoke_ValidateLoginTest" name="smoke_ValidateLoginTest" time="0.000">
    <skipped/>
  </testcase> <!-- smoke_ValidateLoginTest -->
  <system-out/>
  <testcase classname="testcases.E2Etestcasesuite.travelersquotes.Smoke_ValidateLoginTest" name="smoke_ValidateLoginTest" time="0.000">
    <skipped/>
  </testcase> <!-- smoke_ValidateLoginTest -->
  <system-out/>
  <testcase classname="testcases.E2Etestcasesuite.travelersquotes.Smoke_ValidateLoginTest" name="smoke_ValidateLoginTest" time="0.000">
    <skipped/>
  </testcase> <!-- smoke_ValidateLoginTest -->
  <system-out/>
  <testcase classname="testcases.E2Etestcasesuite.travelersquotes.Smoke_ValidateLoginTest" name="smoke_ValidateLoginTest" time="0.001">
    <skipped/>
  </testcase> <!-- smoke_ValidateLoginTest -->
  <system-out/>
  <testcase classname="testcases.E2Etestcasesuite.travelersquotes.Smoke_ValidateLoginTest" name="smoke_ValidateLoginTest" time="0.001">
    <skipped/>
  </testcase> <!-- smoke_ValidateLoginTest -->
  <system-out/>
  <testcase classname="testcases.E2Etestcasesuite.travelersquotes.Smoke_ValidateLoginTest" name="smoke_ValidateLoginTest" time="0.000">
    <skipped/>
  </testcase> <!-- smoke_ValidateLoginTest -->
  <system-out/>
  <testcase classname="testcases.E2Etestcasesuite.travelersquotes.Smoke_ValidateLoginTest" name="smoke_ValidateLoginTest" time="0.000">
    <skipped/>
  </testcase> <!-- smoke_ValidateLoginTest -->
  <system-out/>
  <testcase classname="testcases.E2Etestcasesuite.travelersquotes.Smoke_ValidateLoginTest" name="smoke_ValidateLoginTest" time="0.000">
    <skipped/>
  </testcase> <!-- smoke_ValidateLoginTest -->
  <system-out/>
  <testcase classname="testcases.E2Etestcasesuite.travelersquotes.Smoke_ValidateLoginTest" name="smoke_ValidateLoginTest" time="0.001">
    <skipped/>
  </testcase> <!-- smoke_ValidateLoginTest -->
  <system-out/>
  <testcase classname="testcases.E2Etestcasesuite.travelersquotes.Smoke_ValidateLoginTest" name="smoke_ValidateLoginTest" time="0.001">
    <skipped/>
  </testcase> <!-- smoke_ValidateLoginTest -->
  <system-out/>
  <testcase classname="testcases.E2Etestcasesuite.travelersquotes.Smoke_ValidateLoginTest" name="smoke_ValidateLoginTest" time="0.000">
    <skipped/>
  </testcase> <!-- smoke_ValidateLoginTest -->
  <system-out/>
  <testcase classname="testcases.E2Etestcasesuite.travelersquotes.Smoke_ValidateLoginTest" name="smoke_ValidateLoginTest" time="0.000">
    <skipped/>
  </testcase> <!-- smoke_ValidateLoginTest -->
  <system-out/>
  <testcase classname="testcases.E2Etestcasesuite.travelersquotes.Smoke_ValidateLoginTest" name="smoke_ValidateLoginTest" time="0.000">
    <skipped/>
  </testcase> <!-- smoke_ValidateLoginTest -->
  <system-out/>
  <testcase classname="testcases.E2Etestcasesuite.travelersquotes.Smoke_ValidateLoginTest" name="smoke_ValidateLoginTest" time="0.000">
    <skipped/>
  </testcase> <!-- smoke_ValidateLoginTest -->
  <system-out/>
  <testcase classname="testcases.E2Etestcasesuite.travelersquotes.Smoke_ValidateLoginTest" name="smoke_ValidateLoginTest" time="0.000">
    <skipped/>
  </testcase> <!-- smoke_ValidateLoginTest -->
  <system-out/>
  <testcase classname="testcases.E2Etestcasesuite.travelersquotes.Smoke_ValidateLoginTest" name="smoke_ValidateLoginTest" time="0.000">
    <skipped/>
  </testcase> <!-- smoke_ValidateLoginTest -->
  <system-out/>
  <testcase classname="testcases.E2Etestcasesuite.travelersquotes.Smoke_ValidateLoginTest" name="smoke_ValidateLoginTest" time="0.000">
    <skipped/>
  </testcase> <!-- smoke_ValidateLoginTest -->
  <system-out/>
  <testcase classname="testcases.E2Etestcasesuite.travelersquotes.Smoke_ValidateLoginTest" name="smoke_ValidateLoginTest" time="0.000">
    <skipped/>
  </testcase> <!-- smoke_ValidateLoginTest -->
  <system-out/>
  <testcase classname="testcases.E2Etestcasesuite.travelersquotes.Smoke_ValidateLoginTest" name="smoke_ValidateLoginTest" time="0.001">
    <skipped/>
  </testcase> <!-- smoke_ValidateLoginTest -->
  <system-out/>
  <testcase classname="testcases.E2Etestcasesuite.travelersquotes.Smoke_ValidateLoginTest" name="smoke_ValidateLoginTest" time="0.000">
    <skipped/>
  </testcase> <!-- smoke_ValidateLoginTest -->
  <system-out/>
  <testcase classname="testcases.E2Etestcasesuite.travelersquotes.Smoke_ValidateLoginTest" name="smoke_ValidateLoginTest" time="0.000">
    <skipped/>
  </testcase> <!-- smoke_ValidateLoginTest -->
  <system-out/>
  <testcase classname="testcases.E2Etestcasesuite.travelersquotes.Smoke_ValidateLoginTest" name="smoke_ValidateLoginTest" time="0.000">
    <skipped/>
  </testcase> <!-- smoke_ValidateLoginTest -->
  <system-out/>
  <testcase classname="testcases.E2Etestcasesuite.travelersquotes.Smoke_ValidateLoginTest" name="smoke_ValidateLoginTest" time="0.000">
    <skipped/>
  </testcase> <!-- smoke_ValidateLoginTest -->
  <system-out/>
  <testcase classname="testcases.E2Etestcasesuite.travelersquotes.Smoke_ValidateLoginTest" name="smoke_ValidateLoginTest" time="0.000">
    <skipped/>
  </testcase> <!-- smoke_ValidateLoginTest -->
  <system-out/>
  <testcase classname="testcases.E2Etestcasesuite.travelersquotes.Smoke_ValidateLoginTest" name="smoke_ValidateLoginTest" time="0.000">
    <skipped/>
  </testcase> <!-- smoke_ValidateLoginTest -->
  <system-out/>
  <testcase classname="testcases.E2Etestcasesuite.travelersquotes.Smoke_ValidateLoginTest" name="smoke_ValidateLoginTest" time="0.000">
    <skipped/>
  </testcase> <!-- smoke_ValidateLoginTest -->
  <system-out/>
  <testcase classname="testcases.E2Etestcasesuite.travelersquotes.Smoke_ValidateLoginTest" name="smoke_ValidateLoginTest" time="0.000">
    <skipped/>
  </testcase> <!-- smoke_ValidateLoginTest -->
  <system-out/>
  <testcase classname="testcases.E2Etestcasesuite.travelersquotes.Smoke_ValidateLoginTest" name="smoke_ValidateLoginTest" time="0.000">
    <skipped/>
  </testcase> <!-- smoke_ValidateLoginTest -->
  <system-out/>
  <testcase classname="testcases.E2Etestcasesuite.travelersquotes.Smoke_ValidateLoginTest" name="smoke_ValidateLoginTest" time="0.000">
    <skipped/>
  </testcase> <!-- smoke_ValidateLoginTest -->
  <system-out/>
  <testcase classname="testcases.E2Etestcasesuite.travelersquotes.Smoke_ValidateLoginTest" name="smoke_ValidateLoginTest" time="0.001">
    <skipped/>
  </testcase> <!-- smoke_ValidateLoginTest -->
  <system-out/>
  <testcase classname="testcases.E2Etestcasesuite.travelersquotes.Smoke_ValidateLoginTest" name="smoke_ValidateLoginTest" time="0.000">
    <skipped/>
  </testcase> <!-- smoke_ValidateLoginTest -->
  <system-out/>
  <testcase classname="testcases.E2Etestcasesuite.travelersquotes.Smoke_ValidateLoginTest" name="smoke_ValidateLoginTest" time="0.001">
    <skipped/>
  </testcase> <!-- smoke_ValidateLoginTest -->
  <system-out/>
  <testcase classname="testcases.E2Etestcasesuite.travelersquotes.Smoke_ValidateLoginTest" name="smoke_ValidateLoginTest" time="0.001">
    <skipped/>
  </testcase> <!-- smoke_ValidateLoginTest -->
  <system-out/>
  <testcase classname="testcases.E2Etestcasesuite.travelersquotes.Smoke_ValidateLoginTest" name="smoke_ValidateLoginTest" time="0.000">
    <skipped/>
  </testcase> <!-- smoke_ValidateLoginTest -->
  <system-out/>
  <testcase classname="testcases.E2Etestcasesuite.travelersquotes.Smoke_ValidateLoginTest" name="smoke_ValidateLoginTest" time="0.000">
    <skipped/>
  </testcase> <!-- smoke_ValidateLoginTest -->
  <system-out/>
  <testcase classname="testcases.E2Etestcasesuite.travelersquotes.Smoke_ValidateLoginTest" name="smoke_ValidateLoginTest" time="0.000">
    <skipped/>
  </testcase> <!-- smoke_ValidateLoginTest -->
  <system-out/>
  <testcase classname="testcases.E2Etestcasesuite.travelersquotes.Smoke_ValidateLoginTest" name="smoke_ValidateLoginTest" time="0.000">
    <skipped/>
  </testcase> <!-- smoke_ValidateLoginTest -->
  <system-out/>
  <testcase classname="testcases.E2Etestcasesuite.travelersquotes.Smoke_ValidateLoginTest" name="smoke_ValidateLoginTest" time="0.000">
    <skipped/>
  </testcase> <!-- smoke_ValidateLoginTest -->
  <system-out/>
  <testcase classname="testcases.E2Etestcasesuite.travelersquotes.Smoke_ValidateLoginTest" name="smoke_ValidateLoginTest" time="0.001">
    <skipped/>
  </testcase> <!-- smoke_ValidateLoginTest -->
  <system-out/>
  <testcase classname="testcases.E2Etestcasesuite.travelersquotes.Smoke_ValidateLoginTest" name="smoke_ValidateLoginTest" time="0.000">
    <skipped/>
  </testcase> <!-- smoke_ValidateLoginTest -->
  <system-out/>
  <testcase classname="testcases.E2Etestcasesuite.travelersquotes.Smoke_ValidateLoginTest" name="smoke_ValidateLoginTest" time="0.000">
    <skipped/>
  </testcase> <!-- smoke_ValidateLoginTest -->
  <system-out/>
  <testcase classname="testcases.E2Etestcasesuite.travelersquotes.Smoke_ValidateLoginTest" name="smoke_ValidateLoginTest" time="0.000">
    <skipped/>
  </testcase> <!-- smoke_ValidateLoginTest -->
  <system-out/>
  <testcase classname="testcases.E2Etestcasesuite.travelersquotes.Smoke_ValidateLoginTest" name="smoke_ValidateLoginTest" time="0.001">
    <skipped/>
  </testcase> <!-- smoke_ValidateLoginTest -->
  <system-out/>
  <testcase classname="testcases.E2Etestcasesuite.travelersquotes.Smoke_ValidateLoginTest" name="smoke_ValidateLoginTest" time="0.001">
    <skipped/>
  </testcase> <!-- smoke_ValidateLoginTest -->
  <system-out/>
  <testcase classname="testcases.E2Etestcasesuite.travelersquotes.Smoke_ValidateLoginTest" name="smoke_ValidateLoginTest" time="0.000">
    <skipped/>
  </testcase> <!-- smoke_ValidateLoginTest -->
  <system-out/>
  <testcase classname="testcases.E2Etestcasesuite.travelersquotes.Smoke_ValidateLoginTest" name="smoke_ValidateLoginTest" time="0.000">
    <skipped/>
  </testcase> <!-- smoke_ValidateLoginTest -->
  <system-out/>
  <testcase classname="testcases.E2Etestcasesuite.travelersquotes.Smoke_ValidateLoginTest" name="smoke_ValidateLoginTest" time="0.001">
    <skipped/>
  </testcase> <!-- smoke_ValidateLoginTest -->
  <system-out/>
  <testcase classname="testcases.E2Etestcasesuite.travelersquotes.Smoke_ValidateLoginTest" name="smoke_ValidateLoginTest" time="0.000">
    <skipped/>
  </testcase> <!-- smoke_ValidateLoginTest -->
  <system-out/>
  <testcase classname="testcases.E2Etestcasesuite.travelersquotes.Smoke_ValidateLoginTest" name="smoke_ValidateLoginTest" time="0.000">
    <skipped/>
  </testcase> <!-- smoke_ValidateLoginTest -->
  <system-out/>
  <testcase classname="testcases.E2Etestcasesuite.travelersquotes.Smoke_ValidateLoginTest" name="smoke_ValidateLoginTest" time="0.001">
    <skipped/>
  </testcase> <!-- smoke_ValidateLoginTest -->
  <system-out/>
  <testcase classname="testcases.E2Etestcasesuite.travelersquotes.Smoke_ValidateLoginTest" name="smoke_ValidateLoginTest" time="0.000">
    <skipped/>
  </testcase> <!-- smoke_ValidateLoginTest -->
  <system-out/>
  <testcase classname="testcases.E2Etestcasesuite.travelersquotes.Smoke_ValidateLoginTest" name="smoke_ValidateLoginTest" time="0.001">
    <skipped/>
  </testcase> <!-- smoke_ValidateLoginTest -->
  <system-out/>
  <testcase classname="testcases.E2Etestcasesuite.travelersquotes.Smoke_ValidateLoginTest" name="smoke_ValidateLoginTest" time="0.001">
    <skipped/>
  </testcase> <!-- smoke_ValidateLoginTest -->
  <system-out/>
  <testcase classname="testcases.E2Etestcasesuite.travelersquotes.Smoke_ValidateLoginTest" name="smoke_ValidateLoginTest" time="0.000">
    <skipped/>
  </testcase> <!-- smoke_ValidateLoginTest -->
  <system-out/>
  <testcase classname="testcases.E2Etestcasesuite.travelersquotes.Smoke_ValidateLoginTest" name="smoke_ValidateLoginTest" time="0.000">
    <skipped/>
  </testcase> <!-- smoke_ValidateLoginTest -->
  <system-out/>
  <testcase classname="testcases.E2Etestcasesuite.travelersquotes.Smoke_ValidateLoginTest" name="smoke_ValidateLoginTest" time="0.000">
    <skipped/>
  </testcase> <!-- smoke_ValidateLoginTest -->
  <system-out/>
  <testcase classname="testcases.E2Etestcasesuite.travelersquotes.Smoke_ValidateLoginTest" name="smoke_ValidateLoginTest" time="0.001">
    <skipped/>
  </testcase> <!-- smoke_ValidateLoginTest -->
  <system-out/>
  <testcase classname="testcases.E2Etestcasesuite.travelersquotes.Smoke_ValidateLoginTest" name="smoke_ValidateLoginTest" time="0.000">
    <skipped/>
  </testcase> <!-- smoke_ValidateLoginTest -->
  <system-out/>
  <testcase classname="testcases.E2Etestcasesuite.travelersquotes.Smoke_ValidateLoginTest" name="smoke_ValidateLoginTest" time="0.001">
    <skipped/>
  </testcase> <!-- smoke_ValidateLoginTest -->
  <system-out/>
  <testcase classname="testcases.E2Etestcasesuite.travelersquotes.Smoke_ValidateLoginTest" name="smoke_ValidateLoginTest" time="0.000">
    <skipped/>
  </testcase> <!-- smoke_ValidateLoginTest -->
  <system-out/>
  <testcase classname="testcases.E2Etestcasesuite.travelersquotes.Smoke_ValidateLoginTest" name="smoke_ValidateLoginTest" time="0.001">
    <skipped/>
  </testcase> <!-- smoke_ValidateLoginTest -->
  <system-out/>
  <testcase classname="testcases.E2Etestcasesuite.travelersquotes.Smoke_ValidateLoginTest" name="smoke_ValidateLoginTest" time="0.000">
    <skipped/>
  </testcase> <!-- smoke_ValidateLoginTest -->
  <system-out/>
  <testcase classname="testcases.E2Etestcasesuite.travelersquotes.Smoke_ValidateLoginTest" name="smoke_ValidateLoginTest" time="0.000">
    <skipped/>
  </testcase> <!-- smoke_ValidateLoginTest -->
  <system-out/>
  <testcase classname="testcases.E2Etestcasesuite.travelersquotes.Smoke_ValidateLoginTest" name="smoke_ValidateLoginTest" time="0.000">
    <skipped/>
  </testcase> <!-- smoke_ValidateLoginTest -->
  <system-out/>
  <testcase classname="testcases.E2Etestcasesuite.travelersquotes.Smoke_ValidateLoginTest" name="smoke_ValidateLoginTest" time="0.000">
    <skipped/>
  </testcase> <!-- smoke_ValidateLoginTest -->
  <system-out/>
  <testcase classname="testcases.E2Etestcasesuite.travelersquotes.Smoke_ValidateLoginTest" name="smoke_ValidateLoginTest" time="0.000">
    <skipped/>
  </testcase> <!-- smoke_ValidateLoginTest -->
  <system-out/>
  <testcase classname="testcases.E2Etestcasesuite.travelersquotes.Smoke_ValidateLoginTest" name="smoke_ValidateLoginTest" time="0.001">
    <skipped/>
  </testcase> <!-- smoke_ValidateLoginTest -->
  <system-out/>
  <testcase classname="testcases.E2Etestcasesuite.travelersquotes.Smoke_ValidateLoginTest" name="smoke_ValidateLoginTest" time="0.001">
    <skipped/>
  </testcase> <!-- smoke_ValidateLoginTest -->
  <system-out/>
  <testcase classname="testcases.E2Etestcasesuite.travelersquotes.Smoke_ValidateLoginTest" name="smoke_ValidateLoginTest" time="0.000">
    <skipped/>
  </testcase> <!-- smoke_ValidateLoginTest -->
  <system-out/>
  <testcase classname="testcases.E2Etestcasesuite.travelersquotes.Smoke_ValidateLoginTest" name="smoke_ValidateLoginTest" time="0.000">
    <skipped/>
  </testcase> <!-- smoke_ValidateLoginTest -->
  <system-out/>
  <testcase classname="testcases.E2Etestcasesuite.travelersquotes.Smoke_ValidateLoginTest" name="smoke_ValidateLoginTest" time="0.000">
    <skipped/>
  </testcase> <!-- smoke_ValidateLoginTest -->
  <system-out/>
  <testcase classname="testcases.E2Etestcasesuite.travelersquotes.Smoke_ValidateLoginTest" name="smoke_ValidateLoginTest" time="0.000">
    <skipped/>
  </testcase> <!-- smoke_ValidateLoginTest -->
  <system-out/>
  <testcase classname="testcases.E2Etestcasesuite.travelersquotes.Smoke_ValidateLoginTest" name="smoke_ValidateLoginTest" time="0.000">
    <skipped/>
  </testcase> <!-- smoke_ValidateLoginTest -->
  <system-out/>
  <testcase classname="testcases.E2Etestcasesuite.travelersquotes.Smoke_ValidateLoginTest" name="smoke_ValidateLoginTest" time="0.001">
    <skipped/>
  </testcase> <!-- smoke_ValidateLoginTest -->
  <system-out/>
  <testcase classname="testcases.E2Etestcasesuite.travelersquotes.Smoke_ValidateLoginTest" name="smoke_ValidateLoginTest" time="0.000">
    <skipped/>
  </testcase> <!-- smoke_ValidateLoginTest -->
  <system-out/>
  <testcase classname="testcases.E2Etestcasesuite.travelersquotes.Smoke_ValidateLoginTest" name="smoke_ValidateLoginTest" time="0.000">
    <skipped/>
  </testcase> <!-- smoke_ValidateLoginTest -->
  <system-out/>
  <testcase classname="testcases.E2Etestcasesuite.travelersquotes.Smoke_ValidateLoginTest" name="smoke_ValidateLoginTest" time="0.000">
    <skipped/>
  </testcase> <!-- smoke_ValidateLoginTest -->
  <system-out/>
  <testcase classname="testcases.E2Etestcasesuite.travelersquotes.Smoke_ValidateLoginTest" name="smoke_ValidateLoginTest" time="0.000">
    <skipped/>
  </testcase> <!-- smoke_ValidateLoginTest -->
  <system-out/>
  <testcase classname="testcases.E2Etestcasesuite.travelersquotes.Smoke_ValidateLoginTest" name="smoke_ValidateLoginTest" time="0.000">
    <skipped/>
  </testcase> <!-- smoke_ValidateLoginTest -->
  <system-out/>
  <testcase classname="testcases.E2Etestcasesuite.travelersquotes.Smoke_ValidateLoginTest" name="smoke_ValidateLoginTest" time="0.000">
    <skipped/>
  </testcase> <!-- smoke_ValidateLoginTest -->
  <system-out/>
  <testcase classname="testcases.E2Etestcasesuite.travelersquotes.Smoke_ValidateLoginTest" name="smoke_ValidateLoginTest" time="0.000">
    <skipped/>
  </testcase> <!-- smoke_ValidateLoginTest -->
  <system-out/>
  <testcase classname="testcases.E2Etestcasesuite.travelersquotes.Smoke_ValidateLoginTest" name="smoke_ValidateLoginTest" time="0.000">
    <skipped/>
  </testcase> <!-- smoke_ValidateLoginTest -->
  <system-out/>
  <testcase classname="testcases.E2Etestcasesuite.travelersquotes.Smoke_ValidateLoginTest" name="smoke_ValidateLoginTest" time="0.001">
    <skipped/>
  </testcase> <!-- smoke_ValidateLoginTest -->
  <system-out/>
  <testcase classname="testcases.E2Etestcasesuite.travelersquotes.Smoke_ValidateLoginTest" name="smoke_ValidateLoginTest" time="0.001">
    <skipped/>
  </testcase> <!-- smoke_ValidateLoginTest -->
  <system-out/>
  <testcase classname="testcases.E2Etestcasesuite.travelersquotes.Smoke_ValidateLoginTest" name="smoke_ValidateLoginTest" time="0.000">
    <skipped/>
  </testcase> <!-- smoke_ValidateLoginTest -->
  <system-out/>
  <testcase classname="testcases.E2Etestcasesuite.travelersquotes.Smoke_ValidateLoginTest" name="smoke_ValidateLoginTest" time="0.000">
    <skipped/>
  </testcase> <!-- smoke_ValidateLoginTest -->
  <system-out/>
  <testcase classname="testcases.E2Etestcasesuite.travelersquotes.Smoke_ValidateLoginTest" name="smoke_ValidateLoginTest" time="0.001">
    <skipped/>
  </testcase> <!-- smoke_ValidateLoginTest -->
  <system-out/>
  <testcase classname="testcases.E2Etestcasesuite.travelersquotes.Smoke_ValidateLoginTest" name="smoke_ValidateLoginTest" time="0.001">
    <skipped/>
  </testcase> <!-- smoke_ValidateLoginTest -->
  <system-out/>
  <testcase classname="testcases.E2Etestcasesuite.travelersquotes.Smoke_ValidateLoginTest" name="smoke_ValidateLoginTest" time="0.000">
    <skipped/>
  </testcase> <!-- smoke_ValidateLoginTest -->
  <system-out/>
  <testcase classname="testcases.E2Etestcasesuite.travelersquotes.Smoke_ValidateLoginTest" name="smoke_ValidateLoginTest" time="0.000">
    <skipped/>
  </testcase> <!-- smoke_ValidateLoginTest -->
  <system-out/>
  <testcase classname="testcases.E2Etestcasesuite.travelersquotes.Smoke_ValidateLoginTest" name="smoke_ValidateLoginTest" time="0.000">
    <skipped/>
  </testcase> <!-- smoke_ValidateLoginTest -->
  <system-out/>
  <testcase classname="testcases.E2Etestcasesuite.travelersquotes.Smoke_ValidateLoginTest" name="smoke_ValidateLoginTest" time="0.000">
    <skipped/>
  </testcase> <!-- smoke_ValidateLoginTest -->
  <system-out/>
  <testcase classname="testcases.E2Etestcasesuite.travelersquotes.Smoke_ValidateLoginTest" name="smoke_ValidateLoginTest" time="0.001">
    <skipped/>
  </testcase> <!-- smoke_ValidateLoginTest -->
  <system-out/>
  <testcase classname="testcases.E2Etestcasesuite.travelersquotes.Smoke_ValidateLoginTest" name="smoke_ValidateLoginTest" time="0.001">
    <skipped/>
  </testcase> <!-- smoke_ValidateLoginTest -->
  <system-out/>
  <testcase classname="testcases.E2Etestcasesuite.travelersquotes.Smoke_ValidateLoginTest" name="smoke_ValidateLoginTest" time="0.000">
    <skipped/>
  </testcase> <!-- smoke_ValidateLoginTest -->
  <system-out/>
  <testcase classname="testcases.E2Etestcasesuite.travelersquotes.Smoke_ValidateLoginTest" name="smoke_ValidateLoginTest" time="0.000">
    <skipped/>
  </testcase> <!-- smoke_ValidateLoginTest -->
  <system-out/>
  <testcase classname="testcases.E2Etestcasesuite.travelersquotes.Smoke_ValidateLoginTest" name="smoke_ValidateLoginTest" time="0.000">
    <skipped/>
  </testcase> <!-- smoke_ValidateLoginTest -->
  <system-out/>
  <testcase classname="testcases.E2Etestcasesuite.travelersquotes.Smoke_ValidateLoginTest" name="smoke_ValidateLoginTest" time="0.000">
    <skipped/>
  </testcase> <!-- smoke_ValidateLoginTest -->
  <system-out/>
  <testcase classname="testcases.E2Etestcasesuite.travelersquotes.Smoke_ValidateLoginTest" name="smoke_ValidateLoginTest" time="0.000">
    <skipped/>
  </testcase> <!-- smoke_ValidateLoginTest -->
  <system-out/>
  <testcase classname="testcases.E2Etestcasesuite.travelersquotes.Smoke_ValidateLoginTest" name="smoke_ValidateLoginTest" time="0.001">
    <skipped/>
  </testcase> <!-- smoke_ValidateLoginTest -->
  <system-out/>
  <testcase classname="testcases.E2Etestcasesuite.travelersquotes.Smoke_ValidateLoginTest" name="smoke_ValidateLoginTest" time="0.000">
    <skipped/>
  </testcase> <!-- smoke_ValidateLoginTest -->
  <system-out/>
  <testcase classname="testcases.E2Etestcasesuite.travelersquotes.Smoke_ValidateLoginTest" name="smoke_ValidateLoginTest" time="0.000">
    <skipped/>
  </testcase> <!-- smoke_ValidateLoginTest -->
  <system-out/>
  <testcase classname="testcases.E2Etestcasesuite.travelersquotes.Smoke_ValidateLoginTest" name="smoke_ValidateLoginTest" time="0.000">
    <skipped/>
  </testcase> <!-- smoke_ValidateLoginTest -->
  <system-out/>
  <testcase classname="testcases.E2Etestcasesuite.travelersquotes.Smoke_ValidateLoginTest" name="smoke_ValidateLoginTest" time="0.001">
    <skipped/>
  </testcase> <!-- smoke_ValidateLoginTest -->
  <system-out/>
  <testcase classname="testcases.E2Etestcasesuite.travelersquotes.Smoke_ValidateLoginTest" name="smoke_ValidateLoginTest" time="0.000">
    <skipped/>
  </testcase> <!-- smoke_ValidateLoginTest -->
  <system-out/>
  <testcase classname="testcases.E2Etestcasesuite.travelersquotes.Smoke_ValidateLoginTest" name="smoke_ValidateLoginTest" time="0.000">
    <skipped/>
  </testcase> <!-- smoke_ValidateLoginTest -->
  <system-out/>
  <testcase classname="testcases.E2Etestcasesuite.travelersquotes.Smoke_ValidateLoginTest" name="smoke_ValidateLoginTest" time="0.001">
    <skipped/>
  </testcase> <!-- smoke_ValidateLoginTest -->
  <system-out/>
  <testcase classname="testcases.E2Etestcasesuite.travelersquotes.Smoke_ValidateLoginTest" name="smoke_ValidateLoginTest" time="0.001">
    <skipped/>
  </testcase> <!-- smoke_ValidateLoginTest -->
  <system-out/>
</testsuite> <!-- testcases.E2Etestcasesuite.travelersquotes.Smoke_ValidateLoginTest -->
