<?xml version="1.0" encoding="UTF-8"?>
<!-- Generated by org.testng.reporters.JUnitReportReporter -->
<testsuite hostname="DESKTOP-IHL4RLT" failures="0" tests="1" name="testcases.E2Etestcasesuite.getaquote.Smoke_GetaQuoteTest" time="140.442" errors="1" timestamp="2023-10-01T20:18:28 IST" skipped="0">
  <testcase classname="testcases.E2Etestcasesuite.getaquote.Smoke_GetaQuoteTest" name="smoke_GetaQuoteTest" time="140.442">
    <error message="Index 0 out of bounds for length 0" type="java.lang.ArrayIndexOutOfBoundsException">
      <![CDATA[java.lang.ArrayIndexOutOfBoundsException: Index 0 out of bounds for length 0
at testcases.E2Etestcasesuite.getaquote.Smoke_GetaQuoteTest.smoke_GetaQuoteTest(Smoke_GetaQuoteTest.java:209)
at java.base/jdk.internal.reflect.DirectMethodHandleAccessor.invoke(DirectMethodHandleAccessor.java:104)
at java.base/java.lang.reflect.Method.invoke(Method.java:578)
at org.testng.internal.MethodInvocationHelper.invokeMethod(MethodInvocationHelper.java:134)
at org.testng.internal.TestInvoker.invokeMethod(TestInvoker.java:597)
at org.testng.internal.TestInvoker.invokeTestMethod(TestInvoker.java:173)
at org.testng.internal.MethodRunner.runInSequence(MethodRunner.java:46)
at org.testng.internal.TestInvoker$MethodInvocationAgent.invoke(TestInvoker.java:816)
at org.testng.internal.TestInvoker.invokeTestMethods(TestInvoker.java:146)
at org.testng.internal.TestMethodWorker.invokeTestMethods(TestMethodWorker.java:146)
at org.testng.internal.TestMethodWorker.run(TestMethodWorker.java:128)
at java.base/java.util.ArrayList.forEach(ArrayList.java:1511)
at org.testng.TestRunner.privateRun(TestRunner.java:766)
at org.testng.TestRunner.run(TestRunner.java:587)
at org.testng.SuiteRunner.runTest(SuiteRunner.java:384)
at org.testng.SuiteRunner.runSequentially(SuiteRunner.java:378)
at org.testng.SuiteRunner.privateRun(SuiteRunner.java:337)
at org.testng.SuiteRunner.run(SuiteRunner.java:286)
at org.testng.SuiteRunnerWorker.runSuite(SuiteRunnerWorker.java:53)
at org.testng.SuiteRunnerWorker.run(SuiteRunnerWorker.java:96)
at org.testng.TestNG.runSuitesSequentially(TestNG.java:1187)
at org.testng.TestNG.runSuitesLocally(TestNG.java:1109)
at org.testng.TestNG.runSuites(TestNG.java:1039)
at org.testng.TestNG.run(TestNG.java:1007)
at org.testng.remote.AbstractRemoteTestNG.run(AbstractRemoteTestNG.java:115)
at org.testng.remote.RemoteTestNG.initAndRun(RemoteTestNG.java:251)
at org.testng.remote.RemoteTestNG.main(RemoteTestNG.java:77)
]]>
    </error>
  </testcase> <!-- smoke_GetaQuoteTest -->
  <system-out>
Console ---> Executing the test SMOKE_GETAQUOTETEST as the Run mode is YES Console ---> Clearing the : quotezip_getaquote_XPATH Console ---> Cleared the : quotezip_getaquote_XPATH Console ---> Typing the details in the : quotezip_getaquote_XPATH field. Console ---> Typed the details in the : quotezip_getaquote_XPATH field and entered value as "36116" Console ---> Clicking on the : startquote_getaquote_XPATH Console ---> Clicked on the : startquote_getaquote_XPATH Console ---> Waiting for the : no_currentuser_getaquote_XPATH Console ---> Clicking on the : no_currentuser_getaquote_XPATH Console ---> Clicked on the : no_currentuser_getaquote_XPATH Console ---> Clicking on the : continue_currentuser_getaquote_XPATH Console ---> Clicked on the : continue_currentuser_getaquote_XPATH Console ---> Clearing the : firstname_getaquote_XPATH Console ---> Cleared the : firstname_getaquote_XPATH Console ---> Typing the details in the : firstname_getaquote_XPATH field. Console ---> Typed the details in the : firstname_getaquote_XPATH field and entered value as "zach" Console ---> Clearing the : lastname_getaquote_XPATH Console ---> Cleared the : lastname_getaquote_XPATH Console ---> Typing the details in the : lastname_getaquote_XPATH field. Console ---> Typed the details in the : lastname_getaquote_XPATH field and entered value as "luna" Console ---> Selecting option from the dropdown : suffix_getaquote_XPATH Console ---> Selected option from the dropdown : suffix_getaquote_XPATH value as "Sr." Console ---> Clearing the : email_getaquote_XPATH Console ---> Cleared the : email_getaquote_XPATH Console ---> Typing the details in the : email_getaquote_XPATH field. Console ---> Typed the details in the : email_getaquote_XPATH field and entered value as "zach.luna@gmail.com" Console ---> Clearing the : addr_getaquote_XPATH Console ---> Cleared the : addr_getaquote_XPATH Console ---> Typing the details in the : addr_getaquote_XPATH field. Console ---> Typed the details in the : addr_getaquote_XPATH field and entered value as "5331 Rexford Court" Console ---> Clearing the : city_getaquote_XPATH Console ---> Cleared the : city_getaquote_XPATH Console ---> Typing the details in the : city_getaquote_XPATH field. Console ---> Typed the details in the : city_getaquote_XPATH field and entered value as "Montgomery" Console ---> Selecting option from the dropdown : state_getaquote_XPATH Console ---> Selected option from the dropdown : state_getaquote_XPATH value as "Alabama" Console ---> Clicked on the terms and condition checkbox. Console ---> Clicking on the : continueMyQuotes_getaquote_XPATH Console ---> Clicked on the : continueMyQuotes_getaquote_XPATH Console ---> Selecting option from the dropdown : gender_getaquote_XPATH Console ---> Selected option from the dropdown : gender_getaquote_XPATH value as "Male" Console ---> Clearing the : dob_getaquote_XPATH Console ---> Cleared the : dob_getaquote_XPATH Console ---> Typing the details in the : dob_getaquote_XPATH field. Console ---> Typed the details in the : dob_getaquote_XPATH field and entered value as "1.0111992E7" Console ---> Selecting option from the dropdown : maritalStatus_getaquote_XPATH Console ---> Selected option from the dropdown : maritalStatus_getaquote_XPATH value as "Married" Console ---> Clearing the : tel_getaquote_XPATH Console ---> Cleared the : tel_getaquote_XPATH Console ---> Typing the details in the : tel_getaquote_XPATH field. Console ---> Typed the details in the : tel_getaquote_XPATH field and entered value as "9.638520741E9" Console ---> Clicking on the : continue2_getaquote_XPATH Console ---> Clicked on the : continue2_getaquote_XPATH Console ---> Selecting option from the dropdown : license_getaquote_XPATH Console ---> Selected option from the dropdown : license_getaquote_XPATH value as "Valid U.S. license" Console ---> Clearing the : ageLicensed_getaquote_XPATH Console ---> Cleared the : ageLicensed_getaquote_XPATH Console ---> Typing the details in the : ageLicensed_getaquote_XPATH field. Console ---> Typed the details in the : ageLicensed_getaquote_XPATH field and entered value as "20.0" Console ---> Selecting option from the dropdown : licenseState_getaquote_XPATH Console ---> Selected option from the dropdown : licenseState_getaquote_XPATH value as "Alabama" Console ---> Clicking on the : no_requireSR22_getaquote_XPATH Console ---> Clicked on the : no_requireSR22_getaquote_XPATH Console ---> Clicking on the : no_everSuspended_getaquote_XPATH Console ---> Clicked on the : no_everSuspended_getaquote_XPATH Console ---> Clicking on the : yes_paperlessBilling_getaquote_XPATH Console ---> Clicked on the : yes_paperlessBilling_getaquote_XPATH Console ---> Clicking on the : no_defensiveDriverCourse_getaquote_XPATH Console ---> Clicked on the : no_defensiveDriverCourse_getaquote_XPATH Console ---> Selecting option from the dropdown : homeOwnership_getaquote_XPATH Console ---> Selected option from the dropdown : homeOwnership_getaquote_XPATH value as "Own Home" Console ---> Clicking on the : no_allIncidentsQuestion_getaquote_XPATH Console ---> Clicked on the : no_allIncidentsQuestion_getaquote_XPATH Console ---> Clicked on the Save Driver Button. Console ---> Clicking on the : continue3_getaquote_XPATH Console ---> Clicked on the : continue3_getaquote_XPATH Click to see screenshot <a target="_blank" href=Sun_Oct_01_20_18_27_IST_2023.jpg>ScreenShot</a> <br> <br> <a target="_blank" href=Sun_Oct_01_20_18_27_IST_2023.jpg><img src=Sun_Oct_01_20_18_27_IST_2023.jpg height=200 width=200></img></a>  </system-out>
</testsuite> <!-- testcases.E2Etestcasesuite.getaquote.Smoke_GetaQuoteTest -->
